<?xml version="1.0" encoding="UTF-8"?>
<testsuite xmlns:xsi="http://www.w3.org/2001/XMLSchema-instance" xsi:noNamespaceSchemaLocation="https://maven.apache.org/surefire/maven-surefire-plugin/xsd/surefire-test-report-3.0.xsd" version="3.0" name="study.api.AccuWeatherApiTests" time="6.878" tests="20" errors="0" skipped="0" failures="0">
  <properties>
[...]
</properties>
  <testcase name="citiesSearch" classname="study.api.AccuWeatherApiTests" time="0.733">
    <system-out><![CDATA[Request method:	GET
Request URI:	https://dataservice.accuweather.com/locations/v1/cities/search?apikey=AOAG2WhmzCsb9h5PVDoF8PicU9rbkRvB&q=Minsk
Proxy:			<none>
Request params:	<none>
Query params:	apikey=AOAG2WhmzCsb9h5PVDoF8PicU9rbkRvB
				q=Minsk
Form params:	<none>
Path params:	<none>
Headers:		Accept=*/*
Cookies:		<none>
Multiparts:		<none>
Body:			<none>
HTTP/1.1 401 Unauthorized
Content-Type: application/problem+json
zp-rid: dabe7dd0-608b-4e30-a7e9-0c2e3e3395a9
Vary: Accept-Encoding
Content-Encoding: gzip
Content-Length: 392
Date: Fri, 12 Sep 2025 14:52:52 GMT
Alt-Svc: h3=":443"; ma=93600,h3-29=":443"; ma=93600
Connection: keep-alive
Server-Timing: cdn-cache; desc=MISS
Server-Timing: edge; dur=37
Server-Timing: origin; dur=41
Strict-Transport-Security: max-age=86400 ; includeSubDomains
Server-Timing: ak_p; desc="1757688772145_1600473287_2079627548_7745_2037_36_74_-";dur=1

{
    "type": "https://httpproblems.com/http-status/401",
    "title": "Unauthorized",
    "status": 401,
    "instance": "/locations/v1/cities/search",
    "trace": {
        "timestamp": "2025-09-12T14:52:52.281Z",
        "requestId": "dabe7dd0-608b-4e30-a7e9-0c2e3e3395a9",
        "buildId": "f2cb8906-d568-4c43-a987-c19acf6faff6"
    },
    "Code": "Unauthorized",
    "Message": "API authorization failed",
    "Reference": "https://dataservice.accuweather.com/locations/v1/cities/search?apikey=REDACTED&q=Minsk"
}
]]></system-out>
  </testcase>
  <testcase name="conditionsTopCities" classname="study.api.AccuWeatherApiTests" time="0.514">
    <system-out><![CDATA[Request method:	GET
Request URI:	https://dataservice.accuweather.com/currentconditions/v1/topcities/50?apikey=AOAG2WhmzCsb9h5PVDoF8PicU9rbkRvB
Proxy:			<none>
Request params:	<none>
Query params:	apikey=AOAG2WhmzCsb9h5PVDoF8PicU9rbkRvB
Form params:	<none>
Path params:	<none>
Headers:		Accept=*/*
Cookies:		<none>
Multiparts:		<none>
Body:			<none>
Request method:	GET
Request URI:	https://dataservice.accuweather.com/currentconditions/v1/topcities/50?apikey=AOAG2WhmzCsb9h5PVDoF8PicU9rbkRvB
Proxy:			<none>
Request params:	<none>
Query params:	apikey=AOAG2WhmzCsb9h5PVDoF8PicU9rbkRvB
Form params:	<none>
Path params:	<none>
Headers:		Accept=*/*
Cookies:		<none>
Multiparts:		<none>
Body:			<none>
HTTP/1.1 401 Unauthorized
Content-Type: application/problem+json
zp-rid: 00271177-7479-41d8-a0c1-32dd937f74c7
Vary: Accept-Encoding
Content-Encoding: gzip
Content-Length: 392
Date: Fri, 12 Sep 2025 14:52:52 GMT
Alt-Svc: h3=":443"; ma=93600,h3-29=":443"; ma=93600
Connection: keep-alive
Server-Timing: cdn-cache; desc=MISS
Server-Timing: edge; dur=31
Server-Timing: origin; dur=49
Strict-Transport-Security: max-age=86400 ; includeSubDomains
Server-Timing: ak_p; desc="1757688772446_1600473305_945164012_8025_1436_36_325_-";dur=1

{
    "type": "https://httpproblems.com/http-status/401",
    "title": "Unauthorized",
    "status": 401,
    "instance": "/currentconditions/v1/topcities/50",
    "trace": {
        "timestamp": "2025-09-12T14:52:52.838Z",
        "requestId": "00271177-7479-41d8-a0c1-32dd937f74c7",
        "buildId": "f2cb8906-d568-4c43-a987-c19acf6faff6"
    },
    "Code": "Unauthorized",
    "Message": "API authorization failed",
    "Reference": "https://dataservice.accuweather.com/currentconditions/v1/topcities/50?apikey=REDACTED"
}
HTTP/1.1 401 Unauthorized
Content-Type: application/problem+json
zp-rid: 00271177-7479-41d8-a0c1-32dd937f74c7
Vary: Accept-Encoding
Content-Encoding: gzip
Content-Length: 392
Date: Fri, 12 Sep 2025 14:52:52 GMT
Alt-Svc: h3=":443"; ma=93600,h3-29=":443"; ma=93600
Connection: keep-alive
Server-Timing: cdn-cache; desc=MISS
Server-Timing: edge; dur=31
Server-Timing: origin; dur=49
Strict-Transport-Security: max-age=86400 ; includeSubDomains
Server-Timing: ak_p; desc="1757688772446_1600473305_945164012_8025_1436_36_325_-";dur=1

{
    "type": "https://httpproblems.com/http-status/401",
    "title": "Unauthorized",
    "status": 401,
    "instance": "/currentconditions/v1/topcities/50",
    "trace": {
        "timestamp": "2025-09-12T14:52:52.838Z",
        "requestId": "00271177-7479-41d8-a0c1-32dd937f74c7",
        "buildId": "f2cb8906-d568-4c43-a987-c19acf6faff6"
    },
    "Code": "Unauthorized",
    "Message": "API authorization failed",
    "Reference": "https://dataservice.accuweather.com/currentconditions/v1/topcities/50?apikey=REDACTED"
}
]]></system-out>
  </testcase>
  <testcase name="forecast1day" classname="study.api.AccuWeatherApiTests" time="0.228">
    <system-out><![CDATA[Request method:	GET
Request URI:	https://dataservice.accuweather.com/forecasts/v1/daily/1day/294021?apikey=AOAG2WhmzCsb9h5PVDoF8PicU9rbkRvB&language=ru-ru&metric=true
Proxy:			<none>
Request params:	<none>
Query params:	apikey=AOAG2WhmzCsb9h5PVDoF8PicU9rbkRvB
				language=ru-ru
				metric=true
Form params:	<none>
Path params:	<none>
Headers:		Accept=*/*
Cookies:		<none>
Multiparts:		<none>
Body:			<none>
Request method:	GET
Request URI:	https://dataservice.accuweather.com/forecasts/v1/daily/1day/294021?apikey=AOAG2WhmzCsb9h5PVDoF8PicU9rbkRvB&language=ru-ru&metric=true
Proxy:			<none>
Request params:	<none>
Query params:	apikey=AOAG2WhmzCsb9h5PVDoF8PicU9rbkRvB
				language=ru-ru
				metric=true
Form params:	<none>
Path params:	<none>
Headers:		Accept=*/*
Cookies:		<none>
Multiparts:		<none>
Body:			<none>
Request method:	GET
Request URI:	https://dataservice.accuweather.com/forecasts/v1/daily/1day/294021?apikey=AOAG2WhmzCsb9h5PVDoF8PicU9rbkRvB&language=ru-ru&metric=true
Proxy:			<none>
Request params:	<none>
Query params:	apikey=AOAG2WhmzCsb9h5PVDoF8PicU9rbkRvB
				language=ru-ru
				metric=true
Form params:	<none>
Path params:	<none>
Headers:		Accept=*/*
Cookies:		<none>
Multiparts:		<none>
Body:			<none>
HTTP/1.1 401 Unauthorized
Content-Type: application/problem+json
zp-rid: 0a9f4dd9-4850-40a8-a0e2-eca14ddf76af
Vary: Accept-Encoding
Content-Encoding: gzip
Date: Fri, 12 Sep 2025 14:52:53 GMT
Alt-Svc: h3=":443"; ma=93600,h3-29=":443"; ma=93600
Connection: close
Server-Timing: edge; dur=1
Server-Timing: origin; dur=72
Server-Timing: cdn-cache; desc=MISS
Strict-Transport-Security: max-age=86400 ; includeSubDomains
Server-Timing: ak_p; desc="1757688772973_1600473287_2079636314_7181_1715_38_44_-";dur=1

{
    "type": "https://httpproblems.com/http-status/401",
    "title": "Unauthorized",
    "status": 401,
    "instance": "/forecasts/v1/daily/1day/294021",
    "trace": {
        "timestamp": "2025-09-12T14:52:53.077Z",
        "requestId": "0a9f4dd9-4850-40a8-a0e2-eca14ddf76af",
        "buildId": "f2cb8906-d568-4c43-a987-c19acf6faff6"
    },
    "Code": "Unauthorized",
    "Message": "API authorization failed",
    "Reference": "https://dataservice.accuweather.com/forecasts/v1/daily/1day/294021?apikey=REDACTED&language=ru-ru&metric=true"
}
HTTP/1.1 401 Unauthorized
Content-Type: application/problem+json
zp-rid: 0a9f4dd9-4850-40a8-a0e2-eca14ddf76af
Vary: Accept-Encoding
Content-Encoding: gzip
Date: Fri, 12 Sep 2025 14:52:53 GMT
Alt-Svc: h3=":443"; ma=93600,h3-29=":443"; ma=93600
Connection: close
Server-Timing: edge; dur=1
Server-Timing: origin; dur=72
Server-Timing: cdn-cache; desc=MISS
Strict-Transport-Security: max-age=86400 ; includeSubDomains
Server-Timing: ak_p; desc="1757688772973_1600473287_2079636314_7181_1715_38_44_-";dur=1

{
    "type": "https://httpproblems.com/http-status/401",
    "title": "Unauthorized",
    "status": 401,
    "instance": "/forecasts/v1/daily/1day/294021",
    "trace": {
        "timestamp": "2025-09-12T14:52:53.077Z",
        "requestId": "0a9f4dd9-4850-40a8-a0e2-eca14ddf76af",
        "buildId": "f2cb8906-d568-4c43-a987-c19acf6faff6"
    },
    "Code": "Unauthorized",
    "Message": "API authorization failed",
    "Reference": "https://dataservice.accuweather.com/forecasts/v1/daily/1day/294021?apikey=REDACTED&language=ru-ru&metric=true"
}
HTTP/1.1 401 Unauthorized
Content-Type: application/problem+json
zp-rid: 0a9f4dd9-4850-40a8-a0e2-eca14ddf76af
Vary: Accept-Encoding
Content-Encoding: gzip
Date: Fri, 12 Sep 2025 14:52:53 GMT
Alt-Svc: h3=":443"; ma=93600,h3-29=":443"; ma=93600
Connection: close
Server-Timing: edge; dur=1
Server-Timing: origin; dur=72
Server-Timing: cdn-cache; desc=MISS
Strict-Transport-Security: max-age=86400 ; includeSubDomains
Server-Timing: ak_p; desc="1757688772973_1600473287_2079636314_7181_1715_38_44_-";dur=1

{
    "type": "https://httpproblems.com/http-status/401",
    "title": "Unauthorized",
    "status": 401,
    "instance": "/forecasts/v1/daily/1day/294021",
    "trace": {
        "timestamp": "2025-09-12T14:52:53.077Z",
        "requestId": "0a9f4dd9-4850-40a8-a0e2-eca14ddf76af",
        "buildId": "f2cb8906-d568-4c43-a987-c19acf6faff6"
    },
    "Code": "Unauthorized",
    "Message": "API authorization failed",
    "Reference": "https://dataservice.accuweather.com/forecasts/v1/daily/1day/294021?apikey=REDACTED&language=ru-ru&metric=true"
}
]]></system-out>
  </testcase>
  <testcase name="forecast5day" classname="study.api.AccuWeatherApiTests" time="0.512">
    <system-out><![CDATA[Request method:	GET
Request URI:	https://dataservice.accuweather.com/forecasts/v1/daily/5day/294021?apikey=AOAG2WhmzCsb9h5PVDoF8PicU9rbkRvB&metric=true
Proxy:			<none>
Request params:	<none>
Query params:	apikey=AOAG2WhmzCsb9h5PVDoF8PicU9rbkRvB
				metric=true
Form params:	<none>
Path params:	<none>
Headers:		Accept=*/*
Cookies:		<none>
Multiparts:		<none>
Body:			<none>
Request method:	GET
Request URI:	https://dataservice.accuweather.com/forecasts/v1/daily/5day/294021?apikey=AOAG2WhmzCsb9h5PVDoF8PicU9rbkRvB&metric=true
Proxy:			<none>
Request params:	<none>
Query params:	apikey=AOAG2WhmzCsb9h5PVDoF8PicU9rbkRvB
				metric=true
Form params:	<none>
Path params:	<none>
Headers:		Accept=*/*
Cookies:		<none>
Multiparts:		<none>
Body:			<none>
Request method:	GET
Request URI:	https://dataservice.accuweather.com/forecasts/v1/daily/5day/294021?apikey=AOAG2WhmzCsb9h5PVDoF8PicU9rbkRvB&metric=true
Proxy:			<none>
Request params:	<none>
Query params:	apikey=AOAG2WhmzCsb9h5PVDoF8PicU9rbkRvB
				metric=true
Form params:	<none>
Path params:	<none>
Headers:		Accept=*/*
Cookies:		<none>
Multiparts:		<none>
Body:			<none>
Request method:	GET
Request URI:	https://dataservice.accuweather.com/forecasts/v1/daily/5day/294021?apikey=AOAG2WhmzCsb9h5PVDoF8PicU9rbkRvB&metric=true
Proxy:			<none>
Request params:	<none>
Query params:	apikey=AOAG2WhmzCsb9h5PVDoF8PicU9rbkRvB
				metric=true
Form params:	<none>
Path params:	<none>
Headers:		Accept=*/*
Cookies:		<none>
Multiparts:		<none>
Body:			<none>
HTTP/1.1 401 Unauthorized
Content-Type: application/problem+json
zp-rid: dc12eb6f-60f5-4410-b121-0ba60b477c6a
Vary: Accept-Encoding
Content-Encoding: gzip
Content-Length: 401
Date: Fri, 12 Sep 2025 14:52:53 GMT
Alt-Svc: h3=":443"; ma=93600,h3-29=":443"; ma=93600
Connection: keep-alive
Server-Timing: cdn-cache; desc=MISS
Server-Timing: edge; dur=32
Server-Timing: origin; dur=42
Strict-Transport-Security: max-age=86400 ; includeSubDomains
Server-Timing: ak_p; desc="1757688773199_1600473305_945173683_7390_1637_38_327_-";dur=1

{
    "type": "https://httpproblems.com/http-status/401",
    "title": "Unauthorized",
    "status": 401,
    "instance": "/forecasts/v1/daily/5day/294021",
    "trace": {
        "timestamp": "2025-09-12T14:52:53.587Z",
        "requestId": "dc12eb6f-60f5-4410-b121-0ba60b477c6a",
        "buildId": "f2cb8906-d568-4c43-a987-c19acf6faff6"
    },
    "Code": "Unauthorized",
    "Message": "API authorization failed",
    "Reference": "https://dataservice.accuweather.com/forecasts/v1/daily/5day/294021?apikey=REDACTED&metric=true"
}
HTTP/1.1 401 Unauthorized
Content-Type: application/problem+json
zp-rid: dc12eb6f-60f5-4410-b121-0ba60b477c6a
Vary: Accept-Encoding
Content-Encoding: gzip
Content-Length: 401
Date: Fri, 12 Sep 2025 14:52:53 GMT
Alt-Svc: h3=":443"; ma=93600,h3-29=":443"; ma=93600
Connection: keep-alive
Server-Timing: cdn-cache; desc=MISS
Server-Timing: edge; dur=32
Server-Timing: origin; dur=42
Strict-Transport-Security: max-age=86400 ; includeSubDomains
Server-Timing: ak_p; desc="1757688773199_1600473305_945173683_7390_1637_38_327_-";dur=1

{
    "type": "https://httpproblems.com/http-status/401",
    "title": "Unauthorized",
    "status": 401,
    "instance": "/forecasts/v1/daily/5day/294021",
    "trace": {
        "timestamp": "2025-09-12T14:52:53.587Z",
        "requestId": "dc12eb6f-60f5-4410-b121-0ba60b477c6a",
        "buildId": "f2cb8906-d568-4c43-a987-c19acf6faff6"
    },
    "Code": "Unauthorized",
    "Message": "API authorization failed",
    "Reference": "https://dataservice.accuweather.com/forecasts/v1/daily/5day/294021?apikey=REDACTED&metric=true"
}
HTTP/1.1 401 Unauthorized
Content-Type: application/problem+json
zp-rid: dc12eb6f-60f5-4410-b121-0ba60b477c6a
Vary: Accept-Encoding
Content-Encoding: gzip
Content-Length: 401
Date: Fri, 12 Sep 2025 14:52:53 GMT
Alt-Svc: h3=":443"; ma=93600,h3-29=":443"; ma=93600
Connection: keep-alive
Server-Timing: cdn-cache; desc=MISS
Server-Timing: edge; dur=32
Server-Timing: origin; dur=42
Strict-Transport-Security: max-age=86400 ; includeSubDomains
Server-Timing: ak_p; desc="1757688773199_1600473305_945173683_7390_1637_38_327_-";dur=1

{
    "type": "https://httpproblems.com/http-status/401",
    "title": "Unauthorized",
    "status": 401,
    "instance": "/forecasts/v1/daily/5day/294021",
    "trace": {
        "timestamp": "2025-09-12T14:52:53.587Z",
        "requestId": "dc12eb6f-60f5-4410-b121-0ba60b477c6a",
        "buildId": "f2cb8906-d568-4c43-a987-c19acf6faff6"
    },
    "Code": "Unauthorized",
    "Message": "API authorization failed",
    "Reference": "https://dataservice.accuweather.com/forecasts/v1/daily/5day/294021?apikey=REDACTED&metric=true"
}
HTTP/1.1 401 Unauthorized
Content-Type: application/problem+json
zp-rid: dc12eb6f-60f5-4410-b121-0ba60b477c6a
Vary: Accept-Encoding
Content-Encoding: gzip
Content-Length: 401
Date: Fri, 12 Sep 2025 14:52:53 GMT
Alt-Svc: h3=":443"; ma=93600,h3-29=":443"; ma=93600
Connection: keep-alive
Server-Timing: cdn-cache; desc=MISS
Server-Timing: edge; dur=32
Server-Timing: origin; dur=42
Strict-Transport-Security: max-age=86400 ; includeSubDomains
Server-Timing: ak_p; desc="1757688773199_1600473305_945173683_7390_1637_38_327_-";dur=1

{
    "type": "https://httpproblems.com/http-status/401",
    "title": "Unauthorized",
    "status": 401,
    "instance": "/forecasts/v1/daily/5day/294021",
    "trace": {
        "timestamp": "2025-09-12T14:52:53.587Z",
        "requestId": "dc12eb6f-60f5-4410-b121-0ba60b477c6a",
        "buildId": "f2cb8906-d568-4c43-a987-c19acf6faff6"
    },
    "Code": "Unauthorized",
    "Message": "API authorization failed",
    "Reference": "https://dataservice.accuweather.com/forecasts/v1/daily/5day/294021?apikey=REDACTED&metric=true"
}
]]></system-out>
  </testcase>
  <testcase name="forecast12hour" classname="study.api.AccuWeatherApiTests" time="0.221">
    <system-out><![CDATA[Request method:	GET
Request URI:	https://dataservice.accuweather.com/forecasts/v1/hourly/12hour/294021?apikey=AOAG2WhmzCsb9h5PVDoF8PicU9rbkRvB&metric=true
Proxy:			<none>
Request params:	<none>
Query params:	apikey=AOAG2WhmzCsb9h5PVDoF8PicU9rbkRvB
				metric=true
Form params:	<none>
Path params:	<none>
Headers:		Accept=*/*
Cookies:		<none>
Multiparts:		<none>
Body:			<none>
Request method:	GET
Request URI:	https://dataservice.accuweather.com/forecasts/v1/hourly/12hour/294021?apikey=AOAG2WhmzCsb9h5PVDoF8PicU9rbkRvB&metric=true
Proxy:			<none>
Request params:	<none>
Query params:	apikey=AOAG2WhmzCsb9h5PVDoF8PicU9rbkRvB
				metric=true
Form params:	<none>
Path params:	<none>
Headers:		Accept=*/*
Cookies:		<none>
Multiparts:		<none>
Body:			<none>
Request method:	GET
Request URI:	https://dataservice.accuweather.com/forecasts/v1/hourly/12hour/294021?apikey=AOAG2WhmzCsb9h5PVDoF8PicU9rbkRvB&metric=true
Proxy:			<none>
Request params:	<none>
Query params:	apikey=AOAG2WhmzCsb9h5PVDoF8PicU9rbkRvB
				metric=true
Form params:	<none>
Path params:	<none>
Headers:		Accept=*/*
Cookies:		<none>
Multiparts:		<none>
Body:			<none>
Request method:	GET
Request URI:	https://dataservice.accuweather.com/forecasts/v1/hourly/12hour/294021?apikey=AOAG2WhmzCsb9h5PVDoF8PicU9rbkRvB&metric=true
Proxy:			<none>
Request params:	<none>
Query params:	apikey=AOAG2WhmzCsb9h5PVDoF8PicU9rbkRvB
				metric=true
Form params:	<none>
Path params:	<none>
Headers:		Accept=*/*
Cookies:		<none>
Multiparts:		<none>
Body:			<none>
Request method:	GET
Request URI:	https://dataservice.accuweather.com/forecasts/v1/hourly/12hour/294021?apikey=AOAG2WhmzCsb9h5PVDoF8PicU9rbkRvB&metric=true
Proxy:			<none>
Request params:	<none>
Query params:	apikey=AOAG2WhmzCsb9h5PVDoF8PicU9rbkRvB
				metric=true
Form params:	<none>
Path params:	<none>
Headers:		Accept=*/*
Cookies:		<none>
Multiparts:		<none>
Body:			<none>
HTTP/1.1 401 Unauthorized
Content-Type: application/problem+json
zp-rid: a193e2c1-2a35-42c0-9710-92f5c6ab6132
Vary: Accept-Encoding
Content-Encoding: gzip
Date: Fri, 12 Sep 2025 14:52:53 GMT
Alt-Svc: h3=":443"; ma=93600,h3-29=":443"; ma=93600
Connection: close
Server-Timing: edge; dur=1
Server-Timing: origin; dur=72
Server-Timing: cdn-cache; desc=MISS
Strict-Transport-Security: max-age=86400 ; includeSubDomains
Server-Timing: ak_p; desc="1757688773713_1600473287_2079644316_7251_1656_37_42_-";dur=1

{
    "type": "https://httpproblems.com/http-status/401",
    "title": "Unauthorized",
    "status": 401,
    "instance": "/forecasts/v1/hourly/12hour/294021",
    "trace": {
        "timestamp": "2025-09-12T14:52:53.816Z",
        "requestId": "a193e2c1-2a35-42c0-9710-92f5c6ab6132",
        "buildId": "f2cb8906-d568-4c43-a987-c19acf6faff6"
    },
    "Code": "Unauthorized",
    "Message": "API authorization failed",
    "Reference": "https://dataservice.accuweather.com/forecasts/v1/hourly/12hour/294021?apikey=REDACTED&metric=true"
}
HTTP/1.1 401 Unauthorized
Content-Type: application/problem+json
zp-rid: a193e2c1-2a35-42c0-9710-92f5c6ab6132
Vary: Accept-Encoding
Content-Encoding: gzip
Date: Fri, 12 Sep 2025 14:52:53 GMT
Alt-Svc: h3=":443"; ma=93600,h3-29=":443"; ma=93600
Connection: close
Server-Timing: edge; dur=1
Server-Timing: origin; dur=72
Server-Timing: cdn-cache; desc=MISS
Strict-Transport-Security: max-age=86400 ; includeSubDomains
Server-Timing: ak_p; desc="1757688773713_1600473287_2079644316_7251_1656_37_42_-";dur=1

{
    "type": "https://httpproblems.com/http-status/401",
    "title": "Unauthorized",
    "status": 401,
    "instance": "/forecasts/v1/hourly/12hour/294021",
    "trace": {
        "timestamp": "2025-09-12T14:52:53.816Z",
        "requestId": "a193e2c1-2a35-42c0-9710-92f5c6ab6132",
        "buildId": "f2cb8906-d568-4c43-a987-c19acf6faff6"
    },
    "Code": "Unauthorized",
    "Message": "API authorization failed",
    "Reference": "https://dataservice.accuweather.com/forecasts/v1/hourly/12hour/294021?apikey=REDACTED&metric=true"
}
HTTP/1.1 401 Unauthorized
Content-Type: application/problem+json
zp-rid: a193e2c1-2a35-42c0-9710-92f5c6ab6132
Vary: Accept-Encoding
Content-Encoding: gzip
Date: Fri, 12 Sep 2025 14:52:53 GMT
Alt-Svc: h3=":443"; ma=93600,h3-29=":443"; ma=93600
Connection: close
Server-Timing: edge; dur=1
Server-Timing: origin; dur=72
Server-Timing: cdn-cache; desc=MISS
Strict-Transport-Security: max-age=86400 ; includeSubDomains
Server-Timing: ak_p; desc="1757688773713_1600473287_2079644316_7251_1656_37_42_-";dur=1

{
    "type": "https://httpproblems.com/http-status/401",
    "title": "Unauthorized",
    "status": 401,
    "instance": "/forecasts/v1/hourly/12hour/294021",
    "trace": {
        "timestamp": "2025-09-12T14:52:53.816Z",
        "requestId": "a193e2c1-2a35-42c0-9710-92f5c6ab6132",
        "buildId": "f2cb8906-d568-4c43-a987-c19acf6faff6"
    },
    "Code": "Unauthorized",
    "Message": "API authorization failed",
    "Reference": "https://dataservice.accuweather.com/forecasts/v1/hourly/12hour/294021?apikey=REDACTED&metric=true"
}
HTTP/1.1 401 Unauthorized
Content-Type: application/problem+json
zp-rid: a193e2c1-2a35-42c0-9710-92f5c6ab6132
Vary: Accept-Encoding
Content-Encoding: gzip
Date: Fri, 12 Sep 2025 14:52:53 GMT
Alt-Svc: h3=":443"; ma=93600,h3-29=":443"; ma=93600
Connection: close
Server-Timing: edge; dur=1
Server-Timing: origin; dur=72
Server-Timing: cdn-cache; desc=MISS
Strict-Transport-Security: max-age=86400 ; includeSubDomains
Server-Timing: ak_p; desc="1757688773713_1600473287_2079644316_7251_1656_37_42_-";dur=1

{
    "type": "https://httpproblems.com/http-status/401",
    "title": "Unauthorized",
    "status": 401,
    "instance": "/forecasts/v1/hourly/12hour/294021",
    "trace": {
        "timestamp": "2025-09-12T14:52:53.816Z",
        "requestId": "a193e2c1-2a35-42c0-9710-92f5c6ab6132",
        "buildId": "f2cb8906-d568-4c43-a987-c19acf6faff6"
    },
    "Code": "Unauthorized",
    "Message": "API authorization failed",
    "Reference": "https://dataservice.accuweather.com/forecasts/v1/hourly/12hour/294021?apikey=REDACTED&metric=true"
}
HTTP/1.1 401 Unauthorized
Content-Type: application/problem+json
zp-rid: a193e2c1-2a35-42c0-9710-92f5c6ab6132
Vary: Accept-Encoding
Content-Encoding: gzip
Date: Fri, 12 Sep 2025 14:52:53 GMT
Alt-Svc: h3=":443"; ma=93600,h3-29=":443"; ma=93600
Connection: close
Server-Timing: edge; dur=1
Server-Timing: origin; dur=72
Server-Timing: cdn-cache; desc=MISS
Strict-Transport-Security: max-age=86400 ; includeSubDomains
Server-Timing: ak_p; desc="1757688773713_1600473287_2079644316_7251_1656_37_42_-";dur=1

{
    "type": "https://httpproblems.com/http-status/401",
    "title": "Unauthorized",
    "status": 401,
    "instance": "/forecasts/v1/hourly/12hour/294021",
    "trace": {
        "timestamp": "2025-09-12T14:52:53.816Z",
        "requestId": "a193e2c1-2a35-42c0-9710-92f5c6ab6132",
        "buildId": "f2cb8906-d568-4c43-a987-c19acf6faff6"
    },
    "Code": "Unauthorized",
    "Message": "API authorization failed",
    "Reference": "https://dataservice.accuweather.com/forecasts/v1/hourly/12hour/294021?apikey=REDACTED&metric=true"
}
]]></system-out>
  </testcase>
  <testcase name="forecast24hour" classname="study.api.AccuWeatherApiTests" time="0.496">
    <system-out><![CDATA[Request method:	GET
Request URI:	https://dataservice.accuweather.com/forecasts/v1/hourly/24hour/294021?apikey=AOAG2WhmzCsb9h5PVDoF8PicU9rbkRvB&metric=true
Proxy:			<none>
Request params:	<none>
Query params:	apikey=AOAG2WhmzCsb9h5PVDoF8PicU9rbkRvB
				metric=true
Form params:	<none>
Path params:	<none>
Headers:		Accept=*/*
Cookies:		<none>
Multiparts:		<none>
Body:			<none>
Request method:	GET
Request URI:	https://dataservice.accuweather.com/forecasts/v1/hourly/24hour/294021?apikey=AOAG2WhmzCsb9h5PVDoF8PicU9rbkRvB&metric=true
Proxy:			<none>
Request params:	<none>
Query params:	apikey=AOAG2WhmzCsb9h5PVDoF8PicU9rbkRvB
				metric=true
Form params:	<none>
Path params:	<none>
Headers:		Accept=*/*
Cookies:		<none>
Multiparts:		<none>
Body:			<none>
Request method:	GET
Request URI:	https://dataservice.accuweather.com/forecasts/v1/hourly/24hour/294021?apikey=AOAG2WhmzCsb9h5PVDoF8PicU9rbkRvB&metric=true
Proxy:			<none>
Request params:	<none>
Query params:	apikey=AOAG2WhmzCsb9h5PVDoF8PicU9rbkRvB
				metric=true
Form params:	<none>
Path params:	<none>
Headers:		Accept=*/*
Cookies:		<none>
Multiparts:		<none>
Body:			<none>
Request method:	GET
Request URI:	https://dataservice.accuweather.com/forecasts/v1/hourly/24hour/294021?apikey=AOAG2WhmzCsb9h5PVDoF8PicU9rbkRvB&metric=true
Proxy:			<none>
Request params:	<none>
Query params:	apikey=AOAG2WhmzCsb9h5PVDoF8PicU9rbkRvB
				metric=true
Form params:	<none>
Path params:	<none>
Headers:		Accept=*/*
Cookies:		<none>
Multiparts:		<none>
Body:			<none>
Request method:	GET
Request URI:	https://dataservice.accuweather.com/forecasts/v1/hourly/24hour/294021?apikey=AOAG2WhmzCsb9h5PVDoF8PicU9rbkRvB&metric=true
Proxy:			<none>
Request params:	<none>
Query params:	apikey=AOAG2WhmzCsb9h5PVDoF8PicU9rbkRvB
				metric=true
Form params:	<none>
Path params:	<none>
Headers:		Accept=*/*
Cookies:		<none>
Multiparts:		<none>
Body:			<none>
Request method:	GET
Request URI:	https://dataservice.accuweather.com/forecasts/v1/hourly/24hour/294021?apikey=AOAG2WhmzCsb9h5PVDoF8PicU9rbkRvB&metric=true
Proxy:			<none>
Request params:	<none>
Query params:	apikey=AOAG2WhmzCsb9h5PVDoF8PicU9rbkRvB
				metric=true
Form params:	<none>
Path params:	<none>
Headers:		Accept=*/*
Cookies:		<none>
Multiparts:		<none>
Body:			<none>
HTTP/1.1 401 Unauthorized
Content-Type: application/problem+json
zp-rid: f707d440-238c-45f9-ace2-ee4575d6e5ad
Vary: Accept-Encoding
Content-Encoding: gzip
Date: Fri, 12 Sep 2025 14:52:54 GMT
Alt-Svc: h3=":443"; ma=93600,h3-29=":443"; ma=93600
Connection: close
Server-Timing: edge; dur=1
Server-Timing: origin; dur=70
Server-Timing: cdn-cache; desc=MISS
Strict-Transport-Security: max-age=86400 ; includeSubDomains
Server-Timing: ak_p; desc="1757688773933_1600473305_945182582_7079_1438_36_323_-";dur=1

{
    "type": "https://httpproblems.com/http-status/401",
    "title": "Unauthorized",
    "status": 401,
    "instance": "/forecasts/v1/hourly/24hour/294021",
    "trace": {
        "timestamp": "2025-09-12T14:52:54.316Z",
        "requestId": "f707d440-238c-45f9-ace2-ee4575d6e5ad",
        "buildId": "f2cb8906-d568-4c43-a987-c19acf6faff6"
    },
    "Code": "Unauthorized",
    "Message": "API authorization failed",
    "Reference": "https://dataservice.accuweather.com/forecasts/v1/hourly/24hour/294021?apikey=REDACTED&metric=true"
}
HTTP/1.1 401 Unauthorized
Content-Type: application/problem+json
zp-rid: f707d440-238c-45f9-ace2-ee4575d6e5ad
Vary: Accept-Encoding
Content-Encoding: gzip
Date: Fri, 12 Sep 2025 14:52:54 GMT
Alt-Svc: h3=":443"; ma=93600,h3-29=":443"; ma=93600
Connection: close
Server-Timing: edge; dur=1
Server-Timing: origin; dur=70
Server-Timing: cdn-cache; desc=MISS
Strict-Transport-Security: max-age=86400 ; includeSubDomains
Server-Timing: ak_p; desc="1757688773933_1600473305_945182582_7079_1438_36_323_-";dur=1

{
    "type": "https://httpproblems.com/http-status/401",
    "title": "Unauthorized",
    "status": 401,
    "instance": "/forecasts/v1/hourly/24hour/294021",
    "trace": {
        "timestamp": "2025-09-12T14:52:54.316Z",
        "requestId": "f707d440-238c-45f9-ace2-ee4575d6e5ad",
        "buildId": "f2cb8906-d568-4c43-a987-c19acf6faff6"
    },
    "Code": "Unauthorized",
    "Message": "API authorization failed",
    "Reference": "https://dataservice.accuweather.com/forecasts/v1/hourly/24hour/294021?apikey=REDACTED&metric=true"
}
HTTP/1.1 401 Unauthorized
Content-Type: application/problem+json
zp-rid: f707d440-238c-45f9-ace2-ee4575d6e5ad
Vary: Accept-Encoding
Content-Encoding: gzip
Date: Fri, 12 Sep 2025 14:52:54 GMT
Alt-Svc: h3=":443"; ma=93600,h3-29=":443"; ma=93600
Connection: close
Server-Timing: edge; dur=1
Server-Timing: origin; dur=70
Server-Timing: cdn-cache; desc=MISS
Strict-Transport-Security: max-age=86400 ; includeSubDomains
Server-Timing: ak_p; desc="1757688773933_1600473305_945182582_7079_1438_36_323_-";dur=1

{
    "type": "https://httpproblems.com/http-status/401",
    "title": "Unauthorized",
    "status": 401,
    "instance": "/forecasts/v1/hourly/24hour/294021",
    "trace": {
        "timestamp": "2025-09-12T14:52:54.316Z",
        "requestId": "f707d440-238c-45f9-ace2-ee4575d6e5ad",
        "buildId": "f2cb8906-d568-4c43-a987-c19acf6faff6"
    },
    "Code": "Unauthorized",
    "Message": "API authorization failed",
    "Reference": "https://dataservice.accuweather.com/forecasts/v1/hourly/24hour/294021?apikey=REDACTED&metric=true"
}
HTTP/1.1 401 Unauthorized
Content-Type: application/problem+json
zp-rid: f707d440-238c-45f9-ace2-ee4575d6e5ad
Vary: Accept-Encoding
Content-Encoding: gzip
Date: Fri, 12 Sep 2025 14:52:54 GMT
Alt-Svc: h3=":443"; ma=93600,h3-29=":443"; ma=93600
Connection: close
Server-Timing: edge; dur=1
Server-Timing: origin; dur=70
Server-Timing: cdn-cache; desc=MISS
Strict-Transport-Security: max-age=86400 ; includeSubDomains
Server-Timing: ak_p; desc="1757688773933_1600473305_945182582_7079_1438_36_323_-";dur=1

{
    "type": "https://httpproblems.com/http-status/401",
    "title": "Unauthorized",
    "status": 401,
    "instance": "/forecasts/v1/hourly/24hour/294021",
    "trace": {
        "timestamp": "2025-09-12T14:52:54.316Z",
        "requestId": "f707d440-238c-45f9-ace2-ee4575d6e5ad",
        "buildId": "f2cb8906-d568-4c43-a987-c19acf6faff6"
    },
    "Code": "Unauthorized",
    "Message": "API authorization failed",
    "Reference": "https://dataservice.accuweather.com/forecasts/v1/hourly/24hour/294021?apikey=REDACTED&metric=true"
}
HTTP/1.1 401 Unauthorized
Content-Type: application/problem+json
zp-rid: f707d440-238c-45f9-ace2-ee4575d6e5ad
Vary: Accept-Encoding
Content-Encoding: gzip
Date: Fri, 12 Sep 2025 14:52:54 GMT
Alt-Svc: h3=":443"; ma=93600,h3-29=":443"; ma=93600
Connection: close
Server-Timing: edge; dur=1
Server-Timing: origin; dur=70
Server-Timing: cdn-cache; desc=MISS
Strict-Transport-Security: max-age=86400 ; includeSubDomains
Server-Timing: ak_p; desc="1757688773933_1600473305_945182582_7079_1438_36_323_-";dur=1

{
    "type": "https://httpproblems.com/http-status/401",
    "title": "Unauthorized",
    "status": 401,
    "instance": "/forecasts/v1/hourly/24hour/294021",
    "trace": {
        "timestamp": "2025-09-12T14:52:54.316Z",
        "requestId": "f707d440-238c-45f9-ace2-ee4575d6e5ad",
        "buildId": "f2cb8906-d568-4c43-a987-c19acf6faff6"
    },
    "Code": "Unauthorized",
    "Message": "API authorization failed",
    "Reference": "https://dataservice.accuweather.com/forecasts/v1/hourly/24hour/294021?apikey=REDACTED&metric=true"
}
HTTP/1.1 401 Unauthorized
Content-Type: application/problem+json
zp-rid: f707d440-238c-45f9-ace2-ee4575d6e5ad
Vary: Accept-Encoding
Content-Encoding: gzip
Date: Fri, 12 Sep 2025 14:52:54 GMT
Alt-Svc: h3=":443"; ma=93600,h3-29=":443"; ma=93600
Connection: close
Server-Timing: edge; dur=1
Server-Timing: origin; dur=70
Server-Timing: cdn-cache; desc=MISS
Strict-Transport-Security: max-age=86400 ; includeSubDomains
Server-Timing: ak_p; desc="1757688773933_1600473305_945182582_7079_1438_36_323_-";dur=1

{
    "type": "https://httpproblems.com/http-status/401",
    "title": "Unauthorized",
    "status": 401,
    "instance": "/forecasts/v1/hourly/24hour/294021",
    "trace": {
        "timestamp": "2025-09-12T14:52:54.316Z",
        "requestId": "f707d440-238c-45f9-ace2-ee4575d6e5ad",
        "buildId": "f2cb8906-d568-4c43-a987-c19acf6faff6"
    },
    "Code": "Unauthorized",
    "Message": "API authorization failed",
    "Reference": "https://dataservice.accuweather.com/forecasts/v1/hourly/24hour/294021?apikey=REDACTED&metric=true"
}
]]></system-out>
  </testcase>
  <testcase name="forecastQuarterDay1" classname="study.api.AccuWeatherApiTests" time="0.18">
    <system-out><![CDATA[Request method:	GET
Request URI:	https://dataservice.accuweather.com/forecasts/v1/quarterday/1day/294021?apikey=AOAG2WhmzCsb9h5PVDoF8PicU9rbkRvB&metric=true
Proxy:			<none>
Request params:	<none>
Query params:	apikey=AOAG2WhmzCsb9h5PVDoF8PicU9rbkRvB
				metric=true
Form params:	<none>
Path params:	<none>
Headers:		Accept=*/*
Cookies:		<none>
Multiparts:		<none>
Body:			<none>
Request method:	GET
Request URI:	https://dataservice.accuweather.com/forecasts/v1/quarterday/1day/294021?apikey=AOAG2WhmzCsb9h5PVDoF8PicU9rbkRvB&metric=true
Proxy:			<none>
Request params:	<none>
Query params:	apikey=AOAG2WhmzCsb9h5PVDoF8PicU9rbkRvB
				metric=true
Form params:	<none>
Path params:	<none>
Headers:		Accept=*/*
Cookies:		<none>
Multiparts:		<none>
Body:			<none>
Request method:	GET
Request URI:	https://dataservice.accuweather.com/forecasts/v1/quarterday/1day/294021?apikey=AOAG2WhmzCsb9h5PVDoF8PicU9rbkRvB&metric=true
Proxy:			<none>
Request params:	<none>
Query params:	apikey=AOAG2WhmzCsb9h5PVDoF8PicU9rbkRvB
				metric=true
Form params:	<none>
Path params:	<none>
Headers:		Accept=*/*
Cookies:		<none>
Multiparts:		<none>
Body:			<none>
Request method:	GET
Request URI:	https://dataservice.accuweather.com/forecasts/v1/quarterday/1day/294021?apikey=AOAG2WhmzCsb9h5PVDoF8PicU9rbkRvB&metric=true
Proxy:			<none>
Request params:	<none>
Query params:	apikey=AOAG2WhmzCsb9h5PVDoF8PicU9rbkRvB
				metric=true
Form params:	<none>
Path params:	<none>
Headers:		Accept=*/*
Cookies:		<none>
Multiparts:		<none>
Body:			<none>
Request method:	GET
Request URI:	https://dataservice.accuweather.com/forecasts/v1/quarterday/1day/294021?apikey=AOAG2WhmzCsb9h5PVDoF8PicU9rbkRvB&metric=true
Proxy:			<none>
Request params:	<none>
Query params:	apikey=AOAG2WhmzCsb9h5PVDoF8PicU9rbkRvB
				metric=true
Form params:	<none>
Path params:	<none>
Headers:		Accept=*/*
Cookies:		<none>
Multiparts:		<none>
Body:			<none>
Request method:	GET
Request URI:	https://dataservice.accuweather.com/forecasts/v1/quarterday/1day/294021?apikey=AOAG2WhmzCsb9h5PVDoF8PicU9rbkRvB&metric=true
Proxy:			<none>
Request params:	<none>
Query params:	apikey=AOAG2WhmzCsb9h5PVDoF8PicU9rbkRvB
				metric=true
Form params:	<none>
Path params:	<none>
Headers:		Accept=*/*
Cookies:		<none>
Multiparts:		<none>
Body:			<none>
Request method:	GET
Request URI:	https://dataservice.accuweather.com/forecasts/v1/quarterday/1day/294021?apikey=AOAG2WhmzCsb9h5PVDoF8PicU9rbkRvB&metric=true
Proxy:			<none>
Request params:	<none>
Query params:	apikey=AOAG2WhmzCsb9h5PVDoF8PicU9rbkRvB
				metric=true
Form params:	<none>
Path params:	<none>
Headers:		Accept=*/*
Cookies:		<none>
Multiparts:		<none>
Body:			<none>
HTTP/1.1 404 Not Found
Content-Type: application/problem+json
zp-rid: baeef3a3-a314-4b30-a82c-9f7ed1e38b83
Vary: Accept-Encoding
Content-Encoding: gzip
Content-Length: 391
Date: Fri, 12 Sep 2025 14:52:54 GMT
Alt-Svc: h3=":443"; ma=93600,h3-29=":443"; ma=93600
Connection: keep-alive
Server-Timing: cdn-cache; desc=MISS
Server-Timing: edge; dur=33
Server-Timing: origin; dur=5
Strict-Transport-Security: max-age=86400 ; includeSubDomains
Server-Timing: ak_p; desc="1757688774428_1600473287_2079652311_3833_1573_36_41_-";dur=1

{
    "type": "https://httpproblems.com/http-status/404",
    "title": "Not Found",
    "status": 404,
    "instance": "/forecasts/v1/quarterday/1day/294021",
    "trace": {
        "timestamp": "2025-09-12T14:52:54.493Z",
        "requestId": "baeef3a3-a314-4b30-a82c-9f7ed1e38b83",
        "buildId": "f2cb8906-d568-4c43-a987-c19acf6faff6"
    },
    "Code": 404,
    "Message": "Not found",
    "Reference": "https://dataservice.accuweather.com/forecasts/v1/quarterday/1day/294021?apikey=REDACTED&metric=true"
}
HTTP/1.1 404 Not Found
Content-Type: application/problem+json
zp-rid: baeef3a3-a314-4b30-a82c-9f7ed1e38b83
Vary: Accept-Encoding
Content-Encoding: gzip
Content-Length: 391
Date: Fri, 12 Sep 2025 14:52:54 GMT
Alt-Svc: h3=":443"; ma=93600,h3-29=":443"; ma=93600
Connection: keep-alive
Server-Timing: cdn-cache; desc=MISS
Server-Timing: edge; dur=33
Server-Timing: origin; dur=5
Strict-Transport-Security: max-age=86400 ; includeSubDomains
Server-Timing: ak_p; desc="1757688774428_1600473287_2079652311_3833_1573_36_41_-";dur=1

{
    "type": "https://httpproblems.com/http-status/404",
    "title": "Not Found",
    "status": 404,
    "instance": "/forecasts/v1/quarterday/1day/294021",
    "trace": {
        "timestamp": "2025-09-12T14:52:54.493Z",
        "requestId": "baeef3a3-a314-4b30-a82c-9f7ed1e38b83",
        "buildId": "f2cb8906-d568-4c43-a987-c19acf6faff6"
    },
    "Code": 404,
    "Message": "Not found",
    "Reference": "https://dataservice.accuweather.com/forecasts/v1/quarterday/1day/294021?apikey=REDACTED&metric=true"
}
HTTP/1.1 404 Not Found
Content-Type: application/problem+json
zp-rid: baeef3a3-a314-4b30-a82c-9f7ed1e38b83
Vary: Accept-Encoding
Content-Encoding: gzip
Content-Length: 391
Date: Fri, 12 Sep 2025 14:52:54 GMT
Alt-Svc: h3=":443"; ma=93600,h3-29=":443"; ma=93600
Connection: keep-alive
Server-Timing: cdn-cache; desc=MISS
Server-Timing: edge; dur=33
Server-Timing: origin; dur=5
Strict-Transport-Security: max-age=86400 ; includeSubDomains
Server-Timing: ak_p; desc="1757688774428_1600473287_2079652311_3833_1573_36_41_-";dur=1

{
    "type": "https://httpproblems.com/http-status/404",
    "title": "Not Found",
    "status": 404,
    "instance": "/forecasts/v1/quarterday/1day/294021",
    "trace": {
        "timestamp": "2025-09-12T14:52:54.493Z",
        "requestId": "baeef3a3-a314-4b30-a82c-9f7ed1e38b83",
        "buildId": "f2cb8906-d568-4c43-a987-c19acf6faff6"
    },
    "Code": 404,
    "Message": "Not found",
    "Reference": "https://dataservice.accuweather.com/forecasts/v1/quarterday/1day/294021?apikey=REDACTED&metric=true"
}
HTTP/1.1 404 Not Found
Content-Type: application/problem+json
zp-rid: baeef3a3-a314-4b30-a82c-9f7ed1e38b83
Vary: Accept-Encoding
Content-Encoding: gzip
Content-Length: 391
Date: Fri, 12 Sep 2025 14:52:54 GMT
Alt-Svc: h3=":443"; ma=93600,h3-29=":443"; ma=93600
Connection: keep-alive
Server-Timing: cdn-cache; desc=MISS
Server-Timing: edge; dur=33
Server-Timing: origin; dur=5
Strict-Transport-Security: max-age=86400 ; includeSubDomains
Server-Timing: ak_p; desc="1757688774428_1600473287_2079652311_3833_1573_36_41_-";dur=1

{
    "type": "https://httpproblems.com/http-status/404",
    "title": "Not Found",
    "status": 404,
    "instance": "/forecasts/v1/quarterday/1day/294021",
    "trace": {
        "timestamp": "2025-09-12T14:52:54.493Z",
        "requestId": "baeef3a3-a314-4b30-a82c-9f7ed1e38b83",
        "buildId": "f2cb8906-d568-4c43-a987-c19acf6faff6"
    },
    "Code": 404,
    "Message": "Not found",
    "Reference": "https://dataservice.accuweather.com/forecasts/v1/quarterday/1day/294021?apikey=REDACTED&metric=true"
}
HTTP/1.1 404 Not Found
Content-Type: application/problem+json
zp-rid: baeef3a3-a314-4b30-a82c-9f7ed1e38b83
Vary: Accept-Encoding
Content-Encoding: gzip
Content-Length: 391
Date: Fri, 12 Sep 2025 14:52:54 GMT
Alt-Svc: h3=":443"; ma=93600,h3-29=":443"; ma=93600
Connection: keep-alive
Server-Timing: cdn-cache; desc=MISS
Server-Timing: edge; dur=33
Server-Timing: origin; dur=5
Strict-Transport-Security: max-age=86400 ; includeSubDomains
Server-Timing: ak_p; desc="1757688774428_1600473287_2079652311_3833_1573_36_41_-";dur=1

{
    "type": "https://httpproblems.com/http-status/404",
    "title": "Not Found",
    "status": 404,
    "instance": "/forecasts/v1/quarterday/1day/294021",
    "trace": {
        "timestamp": "2025-09-12T14:52:54.493Z",
        "requestId": "baeef3a3-a314-4b30-a82c-9f7ed1e38b83",
        "buildId": "f2cb8906-d568-4c43-a987-c19acf6faff6"
    },
    "Code": 404,
    "Message": "Not found",
    "Reference": "https://dataservice.accuweather.com/forecasts/v1/quarterday/1day/294021?apikey=REDACTED&metric=true"
}
HTTP/1.1 404 Not Found
Content-Type: application/problem+json
zp-rid: baeef3a3-a314-4b30-a82c-9f7ed1e38b83
Vary: Accept-Encoding
Content-Encoding: gzip
Content-Length: 391
Date: Fri, 12 Sep 2025 14:52:54 GMT
Alt-Svc: h3=":443"; ma=93600,h3-29=":443"; ma=93600
Connection: keep-alive
Server-Timing: cdn-cache; desc=MISS
Server-Timing: edge; dur=33
Server-Timing: origin; dur=5
Strict-Transport-Security: max-age=86400 ; includeSubDomains
Server-Timing: ak_p; desc="1757688774428_1600473287_2079652311_3833_1573_36_41_-";dur=1

{
    "type": "https://httpproblems.com/http-status/404",
    "title": "Not Found",
    "status": 404,
    "instance": "/forecasts/v1/quarterday/1day/294021",
    "trace": {
        "timestamp": "2025-09-12T14:52:54.493Z",
        "requestId": "baeef3a3-a314-4b30-a82c-9f7ed1e38b83",
        "buildId": "f2cb8906-d568-4c43-a987-c19acf6faff6"
    },
    "Code": 404,
    "Message": "Not found",
    "Reference": "https://dataservice.accuweather.com/forecasts/v1/quarterday/1day/294021?apikey=REDACTED&metric=true"
}
HTTP/1.1 404 Not Found
Content-Type: application/problem+json
zp-rid: baeef3a3-a314-4b30-a82c-9f7ed1e38b83
Vary: Accept-Encoding
Content-Encoding: gzip
Content-Length: 391
Date: Fri, 12 Sep 2025 14:52:54 GMT
Alt-Svc: h3=":443"; ma=93600,h3-29=":443"; ma=93600
Connection: keep-alive
Server-Timing: cdn-cache; desc=MISS
Server-Timing: edge; dur=33
Server-Timing: origin; dur=5
Strict-Transport-Security: max-age=86400 ; includeSubDomains
Server-Timing: ak_p; desc="1757688774428_1600473287_2079652311_3833_1573_36_41_-";dur=1

{
    "type": "https://httpproblems.com/http-status/404",
    "title": "Not Found",
    "status": 404,
    "instance": "/forecasts/v1/quarterday/1day/294021",
    "trace": {
        "timestamp": "2025-09-12T14:52:54.493Z",
        "requestId": "baeef3a3-a314-4b30-a82c-9f7ed1e38b83",
        "buildId": "f2cb8906-d568-4c43-a987-c19acf6faff6"
    },
    "Code": 404,
    "Message": "Not found",
    "Reference": "https://dataservice.accuweather.com/forecasts/v1/quarterday/1day/294021?apikey=REDACTED&metric=true"
}
]]></system-out>
  </testcase>
  <testcase name="indices1day" classname="study.api.AccuWeatherApiTests" time="0.234">
    <system-out><![CDATA[Request method:	GET
Request URI:	https://dataservice.accuweather.com/indices/v1/daily/1day/294021?apikey=AOAG2WhmzCsb9h5PVDoF8PicU9rbkRvB
Proxy:			<none>
Request params:	<none>
Query params:	apikey=AOAG2WhmzCsb9h5PVDoF8PicU9rbkRvB
Form params:	<none>
Path params:	<none>
Headers:		Accept=*/*
Cookies:		<none>
Multiparts:		<none>
Body:			<none>
Request method:	GET
Request URI:	https://dataservice.accuweather.com/indices/v1/daily/1day/294021?apikey=AOAG2WhmzCsb9h5PVDoF8PicU9rbkRvB
Proxy:			<none>
Request params:	<none>
Query params:	apikey=AOAG2WhmzCsb9h5PVDoF8PicU9rbkRvB
Form params:	<none>
Path params:	<none>
Headers:		Accept=*/*
Cookies:		<none>
Multiparts:		<none>
Body:			<none>
Request method:	GET
Request URI:	https://dataservice.accuweather.com/indices/v1/daily/1day/294021?apikey=AOAG2WhmzCsb9h5PVDoF8PicU9rbkRvB
Proxy:			<none>
Request params:	<none>
Query params:	apikey=AOAG2WhmzCsb9h5PVDoF8PicU9rbkRvB
Form params:	<none>
Path params:	<none>
Headers:		Accept=*/*
Cookies:		<none>
Multiparts:		<none>
Body:			<none>
Request method:	GET
Request URI:	https://dataservice.accuweather.com/indices/v1/daily/1day/294021?apikey=AOAG2WhmzCsb9h5PVDoF8PicU9rbkRvB
Proxy:			<none>
Request params:	<none>
Query params:	apikey=AOAG2WhmzCsb9h5PVDoF8PicU9rbkRvB
Form params:	<none>
Path params:	<none>
Headers:		Accept=*/*
Cookies:		<none>
Multiparts:		<none>
Body:			<none>
Request method:	GET
Request URI:	https://dataservice.accuweather.com/indices/v1/daily/1day/294021?apikey=AOAG2WhmzCsb9h5PVDoF8PicU9rbkRvB
Proxy:			<none>
Request params:	<none>
Query params:	apikey=AOAG2WhmzCsb9h5PVDoF8PicU9rbkRvB
Form params:	<none>
Path params:	<none>
Headers:		Accept=*/*
Cookies:		<none>
Multiparts:		<none>
Body:			<none>
Request method:	GET
Request URI:	https://dataservice.accuweather.com/indices/v1/daily/1day/294021?apikey=AOAG2WhmzCsb9h5PVDoF8PicU9rbkRvB
Proxy:			<none>
Request params:	<none>
Query params:	apikey=AOAG2WhmzCsb9h5PVDoF8PicU9rbkRvB
Form params:	<none>
Path params:	<none>
Headers:		Accept=*/*
Cookies:		<none>
Multiparts:		<none>
Body:			<none>
Request method:	GET
Request URI:	https://dataservice.accuweather.com/indices/v1/daily/1day/294021?apikey=AOAG2WhmzCsb9h5PVDoF8PicU9rbkRvB
Proxy:			<none>
Request params:	<none>
Query params:	apikey=AOAG2WhmzCsb9h5PVDoF8PicU9rbkRvB
Form params:	<none>
Path params:	<none>
Headers:		Accept=*/*
Cookies:		<none>
Multiparts:		<none>
Body:			<none>
Request method:	GET
Request URI:	https://dataservice.accuweather.com/indices/v1/daily/1day/294021?apikey=AOAG2WhmzCsb9h5PVDoF8PicU9rbkRvB
Proxy:			<none>
Request params:	<none>
Query params:	apikey=AOAG2WhmzCsb9h5PVDoF8PicU9rbkRvB
Form params:	<none>
Path params:	<none>
Headers:		Accept=*/*
Cookies:		<none>
Multiparts:		<none>
Body:			<none>
HTTP/1.1 401 Unauthorized
Content-Type: application/problem+json
zp-rid: 6ee71eb3-ac03-41c0-9000-c64deff7af9a
Vary: Accept-Encoding
Content-Encoding: gzip
Content-Length: 387
Date: Fri, 12 Sep 2025 14:52:54 GMT
Alt-Svc: h3=":443"; ma=93600,h3-29=":443"; ma=93600
Connection: keep-alive
Server-Timing: cdn-cache; desc=MISS
Server-Timing: edge; dur=32
Server-Timing: origin; dur=57
Strict-Transport-Security: max-age=86400 ; includeSubDomains
Server-Timing: ak_p; desc="1757688774612_1600473287_2079654399_8885_1719_36_41_-";dur=1

{
    "type": "https://httpproblems.com/http-status/401",
    "title": "Unauthorized",
    "status": 401,
    "instance": "/indices/v1/daily/1day/294021",
    "trace": {
        "timestamp": "2025-09-12T14:52:54.723Z",
        "requestId": "6ee71eb3-ac03-41c0-9000-c64deff7af9a",
        "buildId": "f2cb8906-d568-4c43-a987-c19acf6faff6"
    },
    "Code": "Unauthorized",
    "Message": "API authorization failed",
    "Reference": "https://dataservice.accuweather.com/indices/v1/daily/1day/294021?apikey=REDACTED"
}
HTTP/1.1 401 Unauthorized
Content-Type: application/problem+json
zp-rid: 6ee71eb3-ac03-41c0-9000-c64deff7af9a
Vary: Accept-Encoding
Content-Encoding: gzip
Content-Length: 387
Date: Fri, 12 Sep 2025 14:52:54 GMT
Alt-Svc: h3=":443"; ma=93600,h3-29=":443"; ma=93600
Connection: keep-alive
Server-Timing: cdn-cache; desc=MISS
Server-Timing: edge; dur=32
Server-Timing: origin; dur=57
Strict-Transport-Security: max-age=86400 ; includeSubDomains
Server-Timing: ak_p; desc="1757688774612_1600473287_2079654399_8885_1719_36_41_-";dur=1

{
    "type": "https://httpproblems.com/http-status/401",
    "title": "Unauthorized",
    "status": 401,
    "instance": "/indices/v1/daily/1day/294021",
    "trace": {
        "timestamp": "2025-09-12T14:52:54.723Z",
        "requestId": "6ee71eb3-ac03-41c0-9000-c64deff7af9a",
        "buildId": "f2cb8906-d568-4c43-a987-c19acf6faff6"
    },
    "Code": "Unauthorized",
    "Message": "API authorization failed",
    "Reference": "https://dataservice.accuweather.com/indices/v1/daily/1day/294021?apikey=REDACTED"
}
HTTP/1.1 401 Unauthorized
Content-Type: application/problem+json
zp-rid: 6ee71eb3-ac03-41c0-9000-c64deff7af9a
Vary: Accept-Encoding
Content-Encoding: gzip
Content-Length: 387
Date: Fri, 12 Sep 2025 14:52:54 GMT
Alt-Svc: h3=":443"; ma=93600,h3-29=":443"; ma=93600
Connection: keep-alive
Server-Timing: cdn-cache; desc=MISS
Server-Timing: edge; dur=32
Server-Timing: origin; dur=57
Strict-Transport-Security: max-age=86400 ; includeSubDomains
Server-Timing: ak_p; desc="1757688774612_1600473287_2079654399_8885_1719_36_41_-";dur=1

{
    "type": "https://httpproblems.com/http-status/401",
    "title": "Unauthorized",
    "status": 401,
    "instance": "/indices/v1/daily/1day/294021",
    "trace": {
        "timestamp": "2025-09-12T14:52:54.723Z",
        "requestId": "6ee71eb3-ac03-41c0-9000-c64deff7af9a",
        "buildId": "f2cb8906-d568-4c43-a987-c19acf6faff6"
    },
    "Code": "Unauthorized",
    "Message": "API authorization failed",
    "Reference": "https://dataservice.accuweather.com/indices/v1/daily/1day/294021?apikey=REDACTED"
}
HTTP/1.1 401 Unauthorized
Content-Type: application/problem+json
zp-rid: 6ee71eb3-ac03-41c0-9000-c64deff7af9a
Vary: Accept-Encoding
Content-Encoding: gzip
Content-Length: 387
Date: Fri, 12 Sep 2025 14:52:54 GMT
Alt-Svc: h3=":443"; ma=93600,h3-29=":443"; ma=93600
Connection: keep-alive
Server-Timing: cdn-cache; desc=MISS
Server-Timing: edge; dur=32
Server-Timing: origin; dur=57
Strict-Transport-Security: max-age=86400 ; includeSubDomains
Server-Timing: ak_p; desc="1757688774612_1600473287_2079654399_8885_1719_36_41_-";dur=1

{
    "type": "https://httpproblems.com/http-status/401",
    "title": "Unauthorized",
    "status": 401,
    "instance": "/indices/v1/daily/1day/294021",
    "trace": {
        "timestamp": "2025-09-12T14:52:54.723Z",
        "requestId": "6ee71eb3-ac03-41c0-9000-c64deff7af9a",
        "buildId": "f2cb8906-d568-4c43-a987-c19acf6faff6"
    },
    "Code": "Unauthorized",
    "Message": "API authorization failed",
    "Reference": "https://dataservice.accuweather.com/indices/v1/daily/1day/294021?apikey=REDACTED"
}
HTTP/1.1 401 Unauthorized
Content-Type: application/problem+json
zp-rid: 6ee71eb3-ac03-41c0-9000-c64deff7af9a
Vary: Accept-Encoding
Content-Encoding: gzip
Content-Length: 387
Date: Fri, 12 Sep 2025 14:52:54 GMT
Alt-Svc: h3=":443"; ma=93600,h3-29=":443"; ma=93600
Connection: keep-alive
Server-Timing: cdn-cache; desc=MISS
Server-Timing: edge; dur=32
Server-Timing: origin; dur=57
Strict-Transport-Security: max-age=86400 ; includeSubDomains
Server-Timing: ak_p; desc="1757688774612_1600473287_2079654399_8885_1719_36_41_-";dur=1

{
    "type": "https://httpproblems.com/http-status/401",
    "title": "Unauthorized",
    "status": 401,
    "instance": "/indices/v1/daily/1day/294021",
    "trace": {
        "timestamp": "2025-09-12T14:52:54.723Z",
        "requestId": "6ee71eb3-ac03-41c0-9000-c64deff7af9a",
        "buildId": "f2cb8906-d568-4c43-a987-c19acf6faff6"
    },
    "Code": "Unauthorized",
    "Message": "API authorization failed",
    "Reference": "https://dataservice.accuweather.com/indices/v1/daily/1day/294021?apikey=REDACTED"
}
HTTP/1.1 401 Unauthorized
Content-Type: application/problem+json
zp-rid: 6ee71eb3-ac03-41c0-9000-c64deff7af9a
Vary: Accept-Encoding
Content-Encoding: gzip
Content-Length: 387
Date: Fri, 12 Sep 2025 14:52:54 GMT
Alt-Svc: h3=":443"; ma=93600,h3-29=":443"; ma=93600
Connection: keep-alive
Server-Timing: cdn-cache; desc=MISS
Server-Timing: edge; dur=32
Server-Timing: origin; dur=57
Strict-Transport-Security: max-age=86400 ; includeSubDomains
Server-Timing: ak_p; desc="1757688774612_1600473287_2079654399_8885_1719_36_41_-";dur=1

{
    "type": "https://httpproblems.com/http-status/401",
    "title": "Unauthorized",
    "status": 401,
    "instance": "/indices/v1/daily/1day/294021",
    "trace": {
        "timestamp": "2025-09-12T14:52:54.723Z",
        "requestId": "6ee71eb3-ac03-41c0-9000-c64deff7af9a",
        "buildId": "f2cb8906-d568-4c43-a987-c19acf6faff6"
    },
    "Code": "Unauthorized",
    "Message": "API authorization failed",
    "Reference": "https://dataservice.accuweather.com/indices/v1/daily/1day/294021?apikey=REDACTED"
}
HTTP/1.1 401 Unauthorized
Content-Type: application/problem+json
zp-rid: 6ee71eb3-ac03-41c0-9000-c64deff7af9a
Vary: Accept-Encoding
Content-Encoding: gzip
Content-Length: 387
Date: Fri, 12 Sep 2025 14:52:54 GMT
Alt-Svc: h3=":443"; ma=93600,h3-29=":443"; ma=93600
Connection: keep-alive
Server-Timing: cdn-cache; desc=MISS
Server-Timing: edge; dur=32
Server-Timing: origin; dur=57
Strict-Transport-Security: max-age=86400 ; includeSubDomains
Server-Timing: ak_p; desc="1757688774612_1600473287_2079654399_8885_1719_36_41_-";dur=1

{
    "type": "https://httpproblems.com/http-status/401",
    "title": "Unauthorized",
    "status": 401,
    "instance": "/indices/v1/daily/1day/294021",
    "trace": {
        "timestamp": "2025-09-12T14:52:54.723Z",
        "requestId": "6ee71eb3-ac03-41c0-9000-c64deff7af9a",
        "buildId": "f2cb8906-d568-4c43-a987-c19acf6faff6"
    },
    "Code": "Unauthorized",
    "Message": "API authorization failed",
    "Reference": "https://dataservice.accuweather.com/indices/v1/daily/1day/294021?apikey=REDACTED"
}
HTTP/1.1 401 Unauthorized
Content-Type: application/problem+json
zp-rid: 6ee71eb3-ac03-41c0-9000-c64deff7af9a
Vary: Accept-Encoding
Content-Encoding: gzip
Content-Length: 387
Date: Fri, 12 Sep 2025 14:52:54 GMT
Alt-Svc: h3=":443"; ma=93600,h3-29=":443"; ma=93600
Connection: keep-alive
Server-Timing: cdn-cache; desc=MISS
Server-Timing: edge; dur=32
Server-Timing: origin; dur=57
Strict-Transport-Security: max-age=86400 ; includeSubDomains
Server-Timing: ak_p; desc="1757688774612_1600473287_2079654399_8885_1719_36_41_-";dur=1

{
    "type": "https://httpproblems.com/http-status/401",
    "title": "Unauthorized",
    "status": 401,
    "instance": "/indices/v1/daily/1day/294021",
    "trace": {
        "timestamp": "2025-09-12T14:52:54.723Z",
        "requestId": "6ee71eb3-ac03-41c0-9000-c64deff7af9a",
        "buildId": "f2cb8906-d568-4c43-a987-c19acf6faff6"
    },
    "Code": "Unauthorized",
    "Message": "API authorization failed",
    "Reference": "https://dataservice.accuweather.com/indices/v1/daily/1day/294021?apikey=REDACTED"
}
]]></system-out>
  </testcase>
  <testcase name="indices5day" classname="study.api.AccuWeatherApiTests" time="0.228">
    <system-out><![CDATA[Request method:	GET
Request URI:	https://dataservice.accuweather.com/indices/v1/daily/5day/294021?apikey=AOAG2WhmzCsb9h5PVDoF8PicU9rbkRvB
Proxy:			<none>
Request params:	<none>
Query params:	apikey=AOAG2WhmzCsb9h5PVDoF8PicU9rbkRvB
Form params:	<none>
Path params:	<none>
Headers:		Accept=*/*
Cookies:		<none>
Multiparts:		<none>
Body:			<none>
Request method:	GET
Request URI:	https://dataservice.accuweather.com/indices/v1/daily/5day/294021?apikey=AOAG2WhmzCsb9h5PVDoF8PicU9rbkRvB
Proxy:			<none>
Request params:	<none>
Query params:	apikey=AOAG2WhmzCsb9h5PVDoF8PicU9rbkRvB
Form params:	<none>
Path params:	<none>
Headers:		Accept=*/*
Cookies:		<none>
Multiparts:		<none>
Body:			<none>
Request method:	GET
Request URI:	https://dataservice.accuweather.com/indices/v1/daily/5day/294021?apikey=AOAG2WhmzCsb9h5PVDoF8PicU9rbkRvB
Proxy:			<none>
Request params:	<none>
Query params:	apikey=AOAG2WhmzCsb9h5PVDoF8PicU9rbkRvB
Form params:	<none>
Path params:	<none>
Headers:		Accept=*/*
Cookies:		<none>
Multiparts:		<none>
Body:			<none>
Request method:	GET
Request URI:	https://dataservice.accuweather.com/indices/v1/daily/5day/294021?apikey=AOAG2WhmzCsb9h5PVDoF8PicU9rbkRvB
Proxy:			<none>
Request params:	<none>
Query params:	apikey=AOAG2WhmzCsb9h5PVDoF8PicU9rbkRvB
Form params:	<none>
Path params:	<none>
Headers:		Accept=*/*
Cookies:		<none>
Multiparts:		<none>
Body:			<none>
Request method:	GET
Request URI:	https://dataservice.accuweather.com/indices/v1/daily/5day/294021?apikey=AOAG2WhmzCsb9h5PVDoF8PicU9rbkRvB
Proxy:			<none>
Request params:	<none>
Query params:	apikey=AOAG2WhmzCsb9h5PVDoF8PicU9rbkRvB
Form params:	<none>
Path params:	<none>
Headers:		Accept=*/*
Cookies:		<none>
Multiparts:		<none>
Body:			<none>
Request method:	GET
Request URI:	https://dataservice.accuweather.com/indices/v1/daily/5day/294021?apikey=AOAG2WhmzCsb9h5PVDoF8PicU9rbkRvB
Proxy:			<none>
Request params:	<none>
Query params:	apikey=AOAG2WhmzCsb9h5PVDoF8PicU9rbkRvB
Form params:	<none>
Path params:	<none>
Headers:		Accept=*/*
Cookies:		<none>
Multiparts:		<none>
Body:			<none>
Request method:	GET
Request URI:	https://dataservice.accuweather.com/indices/v1/daily/5day/294021?apikey=AOAG2WhmzCsb9h5PVDoF8PicU9rbkRvB
Proxy:			<none>
Request params:	<none>
Query params:	apikey=AOAG2WhmzCsb9h5PVDoF8PicU9rbkRvB
Form params:	<none>
Path params:	<none>
Headers:		Accept=*/*
Cookies:		<none>
Multiparts:		<none>
Body:			<none>
Request method:	GET
Request URI:	https://dataservice.accuweather.com/indices/v1/daily/5day/294021?apikey=AOAG2WhmzCsb9h5PVDoF8PicU9rbkRvB
Proxy:			<none>
Request params:	<none>
Query params:	apikey=AOAG2WhmzCsb9h5PVDoF8PicU9rbkRvB
Form params:	<none>
Path params:	<none>
Headers:		Accept=*/*
Cookies:		<none>
Multiparts:		<none>
Body:			<none>
Request method:	GET
Request URI:	https://dataservice.accuweather.com/indices/v1/daily/5day/294021?apikey=AOAG2WhmzCsb9h5PVDoF8PicU9rbkRvB
Proxy:			<none>
Request params:	<none>
Query params:	apikey=AOAG2WhmzCsb9h5PVDoF8PicU9rbkRvB
Form params:	<none>
Path params:	<none>
Headers:		Accept=*/*
Cookies:		<none>
Multiparts:		<none>
Body:			<none>
HTTP/1.1 401 Unauthorized
Content-Type: application/problem+json
zp-rid: 6e5bba33-8515-4d13-a3e5-f61abaf7121a
Vary: Accept-Encoding
Content-Encoding: gzip
Date: Fri, 12 Sep 2025 14:52:54 GMT
Alt-Svc: h3=":443"; ma=93600,h3-29=":443"; ma=93600
Connection: close
Server-Timing: edge; dur=1
Server-Timing: origin; dur=79
Server-Timing: cdn-cache; desc=MISS
Strict-Transport-Security: max-age=86400 ; includeSubDomains
Server-Timing: ak_p; desc="1757688774846_1600473305_945190251_7990_1582_36_44_-";dur=1

{
    "type": "https://httpproblems.com/http-status/401",
    "title": "Unauthorized",
    "status": 401,
    "instance": "/indices/v1/daily/5day/294021",
    "trace": {
        "timestamp": "2025-09-12T14:52:54.958Z",
        "requestId": "6e5bba33-8515-4d13-a3e5-f61abaf7121a",
        "buildId": "f2cb8906-d568-4c43-a987-c19acf6faff6"
    },
    "Code": "Unauthorized",
    "Message": "API authorization failed",
    "Reference": "https://dataservice.accuweather.com/indices/v1/daily/5day/294021?apikey=REDACTED"
}
HTTP/1.1 401 Unauthorized
Content-Type: application/problem+json
zp-rid: 6e5bba33-8515-4d13-a3e5-f61abaf7121a
Vary: Accept-Encoding
Content-Encoding: gzip
Date: Fri, 12 Sep 2025 14:52:54 GMT
Alt-Svc: h3=":443"; ma=93600,h3-29=":443"; ma=93600
Connection: close
Server-Timing: edge; dur=1
Server-Timing: origin; dur=79
Server-Timing: cdn-cache; desc=MISS
Strict-Transport-Security: max-age=86400 ; includeSubDomains
Server-Timing: ak_p; desc="1757688774846_1600473305_945190251_7990_1582_36_44_-";dur=1

{
    "type": "https://httpproblems.com/http-status/401",
    "title": "Unauthorized",
    "status": 401,
    "instance": "/indices/v1/daily/5day/294021",
    "trace": {
        "timestamp": "2025-09-12T14:52:54.958Z",
        "requestId": "6e5bba33-8515-4d13-a3e5-f61abaf7121a",
        "buildId": "f2cb8906-d568-4c43-a987-c19acf6faff6"
    },
    "Code": "Unauthorized",
    "Message": "API authorization failed",
    "Reference": "https://dataservice.accuweather.com/indices/v1/daily/5day/294021?apikey=REDACTED"
}
HTTP/1.1 401 Unauthorized
Content-Type: application/problem+json
zp-rid: 6e5bba33-8515-4d13-a3e5-f61abaf7121a
Vary: Accept-Encoding
Content-Encoding: gzip
Date: Fri, 12 Sep 2025 14:52:54 GMT
Alt-Svc: h3=":443"; ma=93600,h3-29=":443"; ma=93600
Connection: close
Server-Timing: edge; dur=1
Server-Timing: origin; dur=79
Server-Timing: cdn-cache; desc=MISS
Strict-Transport-Security: max-age=86400 ; includeSubDomains
Server-Timing: ak_p; desc="1757688774846_1600473305_945190251_7990_1582_36_44_-";dur=1

{
    "type": "https://httpproblems.com/http-status/401",
    "title": "Unauthorized",
    "status": 401,
    "instance": "/indices/v1/daily/5day/294021",
    "trace": {
        "timestamp": "2025-09-12T14:52:54.958Z",
        "requestId": "6e5bba33-8515-4d13-a3e5-f61abaf7121a",
        "buildId": "f2cb8906-d568-4c43-a987-c19acf6faff6"
    },
    "Code": "Unauthorized",
    "Message": "API authorization failed",
    "Reference": "https://dataservice.accuweather.com/indices/v1/daily/5day/294021?apikey=REDACTED"
}
HTTP/1.1 401 Unauthorized
Content-Type: application/problem+json
zp-rid: 6e5bba33-8515-4d13-a3e5-f61abaf7121a
Vary: Accept-Encoding
Content-Encoding: gzip
Date: Fri, 12 Sep 2025 14:52:54 GMT
Alt-Svc: h3=":443"; ma=93600,h3-29=":443"; ma=93600
Connection: close
Server-Timing: edge; dur=1
Server-Timing: origin; dur=79
Server-Timing: cdn-cache; desc=MISS
Strict-Transport-Security: max-age=86400 ; includeSubDomains
Server-Timing: ak_p; desc="1757688774846_1600473305_945190251_7990_1582_36_44_-";dur=1

{
    "type": "https://httpproblems.com/http-status/401",
    "title": "Unauthorized",
    "status": 401,
    "instance": "/indices/v1/daily/5day/294021",
    "trace": {
        "timestamp": "2025-09-12T14:52:54.958Z",
        "requestId": "6e5bba33-8515-4d13-a3e5-f61abaf7121a",
        "buildId": "f2cb8906-d568-4c43-a987-c19acf6faff6"
    },
    "Code": "Unauthorized",
    "Message": "API authorization failed",
    "Reference": "https://dataservice.accuweather.com/indices/v1/daily/5day/294021?apikey=REDACTED"
}
HTTP/1.1 401 Unauthorized
Content-Type: application/problem+json
zp-rid: 6e5bba33-8515-4d13-a3e5-f61abaf7121a
Vary: Accept-Encoding
Content-Encoding: gzip
Date: Fri, 12 Sep 2025 14:52:54 GMT
Alt-Svc: h3=":443"; ma=93600,h3-29=":443"; ma=93600
Connection: close
Server-Timing: edge; dur=1
Server-Timing: origin; dur=79
Server-Timing: cdn-cache; desc=MISS
Strict-Transport-Security: max-age=86400 ; includeSubDomains
Server-Timing: ak_p; desc="1757688774846_1600473305_945190251_7990_1582_36_44_-";dur=1

{
    "type": "https://httpproblems.com/http-status/401",
    "title": "Unauthorized",
    "status": 401,
    "instance": "/indices/v1/daily/5day/294021",
    "trace": {
        "timestamp": "2025-09-12T14:52:54.958Z",
        "requestId": "6e5bba33-8515-4d13-a3e5-f61abaf7121a",
        "buildId": "f2cb8906-d568-4c43-a987-c19acf6faff6"
    },
    "Code": "Unauthorized",
    "Message": "API authorization failed",
    "Reference": "https://dataservice.accuweather.com/indices/v1/daily/5day/294021?apikey=REDACTED"
}
HTTP/1.1 401 Unauthorized
Content-Type: application/problem+json
zp-rid: 6e5bba33-8515-4d13-a3e5-f61abaf7121a
Vary: Accept-Encoding
Content-Encoding: gzip
Date: Fri, 12 Sep 2025 14:52:54 GMT
Alt-Svc: h3=":443"; ma=93600,h3-29=":443"; ma=93600
Connection: close
Server-Timing: edge; dur=1
Server-Timing: origin; dur=79
Server-Timing: cdn-cache; desc=MISS
Strict-Transport-Security: max-age=86400 ; includeSubDomains
Server-Timing: ak_p; desc="1757688774846_1600473305_945190251_7990_1582_36_44_-";dur=1

{
    "type": "https://httpproblems.com/http-status/401",
    "title": "Unauthorized",
    "status": 401,
    "instance": "/indices/v1/daily/5day/294021",
    "trace": {
        "timestamp": "2025-09-12T14:52:54.958Z",
        "requestId": "6e5bba33-8515-4d13-a3e5-f61abaf7121a",
        "buildId": "f2cb8906-d568-4c43-a987-c19acf6faff6"
    },
    "Code": "Unauthorized",
    "Message": "API authorization failed",
    "Reference": "https://dataservice.accuweather.com/indices/v1/daily/5day/294021?apikey=REDACTED"
}
HTTP/1.1 401 Unauthorized
Content-Type: application/problem+json
zp-rid: 6e5bba33-8515-4d13-a3e5-f61abaf7121a
Vary: Accept-Encoding
Content-Encoding: gzip
Date: Fri, 12 Sep 2025 14:52:54 GMT
Alt-Svc: h3=":443"; ma=93600,h3-29=":443"; ma=93600
Connection: close
Server-Timing: edge; dur=1
Server-Timing: origin; dur=79
Server-Timing: cdn-cache; desc=MISS
Strict-Transport-Security: max-age=86400 ; includeSubDomains
Server-Timing: ak_p; desc="1757688774846_1600473305_945190251_7990_1582_36_44_-";dur=1

{
    "type": "https://httpproblems.com/http-status/401",
    "title": "Unauthorized",
    "status": 401,
    "instance": "/indices/v1/daily/5day/294021",
    "trace": {
        "timestamp": "2025-09-12T14:52:54.958Z",
        "requestId": "6e5bba33-8515-4d13-a3e5-f61abaf7121a",
        "buildId": "f2cb8906-d568-4c43-a987-c19acf6faff6"
    },
    "Code": "Unauthorized",
    "Message": "API authorization failed",
    "Reference": "https://dataservice.accuweather.com/indices/v1/daily/5day/294021?apikey=REDACTED"
}
HTTP/1.1 401 Unauthorized
Content-Type: application/problem+json
zp-rid: 6e5bba33-8515-4d13-a3e5-f61abaf7121a
Vary: Accept-Encoding
Content-Encoding: gzip
Date: Fri, 12 Sep 2025 14:52:54 GMT
Alt-Svc: h3=":443"; ma=93600,h3-29=":443"; ma=93600
Connection: close
Server-Timing: edge; dur=1
Server-Timing: origin; dur=79
Server-Timing: cdn-cache; desc=MISS
Strict-Transport-Security: max-age=86400 ; includeSubDomains
Server-Timing: ak_p; desc="1757688774846_1600473305_945190251_7990_1582_36_44_-";dur=1

{
    "type": "https://httpproblems.com/http-status/401",
    "title": "Unauthorized",
    "status": 401,
    "instance": "/indices/v1/daily/5day/294021",
    "trace": {
        "timestamp": "2025-09-12T14:52:54.958Z",
        "requestId": "6e5bba33-8515-4d13-a3e5-f61abaf7121a",
        "buildId": "f2cb8906-d568-4c43-a987-c19acf6faff6"
    },
    "Code": "Unauthorized",
    "Message": "API authorization failed",
    "Reference": "https://dataservice.accuweather.com/indices/v1/daily/5day/294021?apikey=REDACTED"
}
HTTP/1.1 401 Unauthorized
Content-Type: application/problem+json
zp-rid: 6e5bba33-8515-4d13-a3e5-f61abaf7121a
Vary: Accept-Encoding
Content-Encoding: gzip
Date: Fri, 12 Sep 2025 14:52:54 GMT
Alt-Svc: h3=":443"; ma=93600,h3-29=":443"; ma=93600
Connection: close
Server-Timing: edge; dur=1
Server-Timing: origin; dur=79
Server-Timing: cdn-cache; desc=MISS
Strict-Transport-Security: max-age=86400 ; includeSubDomains
Server-Timing: ak_p; desc="1757688774846_1600473305_945190251_7990_1582_36_44_-";dur=1

{
    "type": "https://httpproblems.com/http-status/401",
    "title": "Unauthorized",
    "status": 401,
    "instance": "/indices/v1/daily/5day/294021",
    "trace": {
        "timestamp": "2025-09-12T14:52:54.958Z",
        "requestId": "6e5bba33-8515-4d13-a3e5-f61abaf7121a",
        "buildId": "f2cb8906-d568-4c43-a987-c19acf6faff6"
    },
    "Code": "Unauthorized",
    "Message": "API authorization failed",
    "Reference": "https://dataservice.accuweather.com/indices/v1/daily/5day/294021?apikey=REDACTED"
}
]]></system-out>
  </testcase>
  <testcase name="alerts" classname="study.api.AccuWeatherApiTests" time="0.217">
    <system-out><![CDATA[Request method:	GET
Request URI:	https://dataservice.accuweather.com/alerts/v1/294021?apikey=AOAG2WhmzCsb9h5PVDoF8PicU9rbkRvB
Proxy:			<none>
Request params:	<none>
Query params:	apikey=AOAG2WhmzCsb9h5PVDoF8PicU9rbkRvB
Form params:	<none>
Path params:	<none>
Headers:		Accept=*/*
Cookies:		<none>
Multiparts:		<none>
Body:			<none>
Request method:	GET
Request URI:	https://dataservice.accuweather.com/alerts/v1/294021?apikey=AOAG2WhmzCsb9h5PVDoF8PicU9rbkRvB
Proxy:			<none>
Request params:	<none>
Query params:	apikey=AOAG2WhmzCsb9h5PVDoF8PicU9rbkRvB
Form params:	<none>
Path params:	<none>
Headers:		Accept=*/*
Cookies:		<none>
Multiparts:		<none>
Body:			<none>
Request method:	GET
Request URI:	https://dataservice.accuweather.com/alerts/v1/294021?apikey=AOAG2WhmzCsb9h5PVDoF8PicU9rbkRvB
Proxy:			<none>
Request params:	<none>
Query params:	apikey=AOAG2WhmzCsb9h5PVDoF8PicU9rbkRvB
Form params:	<none>
Path params:	<none>
Headers:		Accept=*/*
Cookies:		<none>
Multiparts:		<none>
Body:			<none>
Request method:	GET
Request URI:	https://dataservice.accuweather.com/alerts/v1/294021?apikey=AOAG2WhmzCsb9h5PVDoF8PicU9rbkRvB
Proxy:			<none>
Request params:	<none>
Query params:	apikey=AOAG2WhmzCsb9h5PVDoF8PicU9rbkRvB
Form params:	<none>
Path params:	<none>
Headers:		Accept=*/*
Cookies:		<none>
Multiparts:		<none>
Body:			<none>
Request method:	GET
Request URI:	https://dataservice.accuweather.com/alerts/v1/294021?apikey=AOAG2WhmzCsb9h5PVDoF8PicU9rbkRvB
Proxy:			<none>
Request params:	<none>
Query params:	apikey=AOAG2WhmzCsb9h5PVDoF8PicU9rbkRvB
Form params:	<none>
Path params:	<none>
Headers:		Accept=*/*
Cookies:		<none>
Multiparts:		<none>
Body:			<none>
Request method:	GET
Request URI:	https://dataservice.accuweather.com/alerts/v1/294021?apikey=AOAG2WhmzCsb9h5PVDoF8PicU9rbkRvB
Proxy:			<none>
Request params:	<none>
Query params:	apikey=AOAG2WhmzCsb9h5PVDoF8PicU9rbkRvB
Form params:	<none>
Path params:	<none>
Headers:		Accept=*/*
Cookies:		<none>
Multiparts:		<none>
Body:			<none>
Request method:	GET
Request URI:	https://dataservice.accuweather.com/alerts/v1/294021?apikey=AOAG2WhmzCsb9h5PVDoF8PicU9rbkRvB
Proxy:			<none>
Request params:	<none>
Query params:	apikey=AOAG2WhmzCsb9h5PVDoF8PicU9rbkRvB
Form params:	<none>
Path params:	<none>
Headers:		Accept=*/*
Cookies:		<none>
Multiparts:		<none>
Body:			<none>
Request method:	GET
Request URI:	https://dataservice.accuweather.com/alerts/v1/294021?apikey=AOAG2WhmzCsb9h5PVDoF8PicU9rbkRvB
Proxy:			<none>
Request params:	<none>
Query params:	apikey=AOAG2WhmzCsb9h5PVDoF8PicU9rbkRvB
Form params:	<none>
Path params:	<none>
Headers:		Accept=*/*
Cookies:		<none>
Multiparts:		<none>
Body:			<none>
Request method:	GET
Request URI:	https://dataservice.accuweather.com/alerts/v1/294021?apikey=AOAG2WhmzCsb9h5PVDoF8PicU9rbkRvB
Proxy:			<none>
Request params:	<none>
Query params:	apikey=AOAG2WhmzCsb9h5PVDoF8PicU9rbkRvB
Form params:	<none>
Path params:	<none>
Headers:		Accept=*/*
Cookies:		<none>
Multiparts:		<none>
Body:			<none>
Request method:	GET
Request URI:	https://dataservice.accuweather.com/alerts/v1/294021?apikey=AOAG2WhmzCsb9h5PVDoF8PicU9rbkRvB
Proxy:			<none>
Request params:	<none>
Query params:	apikey=AOAG2WhmzCsb9h5PVDoF8PicU9rbkRvB
Form params:	<none>
Path params:	<none>
Headers:		Accept=*/*
Cookies:		<none>
Multiparts:		<none>
Body:			<none>
HTTP/1.1 401 Unauthorized
Content-Type: application/problem+json
zp-rid: 743281cf-ebcf-438f-8563-0865c0f5c88a
Vary: Accept-Encoding
Content-Encoding: gzip
Content-Length: 375
Date: Fri, 12 Sep 2025 14:52:55 GMT
Alt-Svc: h3=":443"; ma=93600,h3-29=":443"; ma=93600
Connection: keep-alive
Server-Timing: cdn-cache; desc=MISS
Server-Timing: edge; dur=32
Server-Timing: origin; dur=43
Strict-Transport-Security: max-age=86400 ; includeSubDomains
Server-Timing: ak_p; desc="1757688775072_1600473287_2079659743_7509_2025_36_42_-";dur=1

{
    "type": "https://httpproblems.com/http-status/401",
    "title": "Unauthorized",
    "status": 401,
    "instance": "/alerts/v1/294021",
    "trace": {
        "timestamp": "2025-09-12T14:52:55.175Z",
        "requestId": "743281cf-ebcf-438f-8563-0865c0f5c88a",
        "buildId": "f2cb8906-d568-4c43-a987-c19acf6faff6"
    },
    "Code": "Unauthorized",
    "Message": "API authorization failed",
    "Reference": "https://dataservice.accuweather.com/alerts/v1/294021?apikey=REDACTED"
}
HTTP/1.1 401 Unauthorized
Content-Type: application/problem+json
zp-rid: 743281cf-ebcf-438f-8563-0865c0f5c88a
Vary: Accept-Encoding
Content-Encoding: gzip
Content-Length: 375
Date: Fri, 12 Sep 2025 14:52:55 GMT
Alt-Svc: h3=":443"; ma=93600,h3-29=":443"; ma=93600
Connection: keep-alive
Server-Timing: cdn-cache; desc=MISS
Server-Timing: edge; dur=32
Server-Timing: origin; dur=43
Strict-Transport-Security: max-age=86400 ; includeSubDomains
Server-Timing: ak_p; desc="1757688775072_1600473287_2079659743_7509_2025_36_42_-";dur=1

{
    "type": "https://httpproblems.com/http-status/401",
    "title": "Unauthorized",
    "status": 401,
    "instance": "/alerts/v1/294021",
    "trace": {
        "timestamp": "2025-09-12T14:52:55.175Z",
        "requestId": "743281cf-ebcf-438f-8563-0865c0f5c88a",
        "buildId": "f2cb8906-d568-4c43-a987-c19acf6faff6"
    },
    "Code": "Unauthorized",
    "Message": "API authorization failed",
    "Reference": "https://dataservice.accuweather.com/alerts/v1/294021?apikey=REDACTED"
}
HTTP/1.1 401 Unauthorized
Content-Type: application/problem+json
zp-rid: 743281cf-ebcf-438f-8563-0865c0f5c88a
Vary: Accept-Encoding
Content-Encoding: gzip
Content-Length: 375
Date: Fri, 12 Sep 2025 14:52:55 GMT
Alt-Svc: h3=":443"; ma=93600,h3-29=":443"; ma=93600
Connection: keep-alive
Server-Timing: cdn-cache; desc=MISS
Server-Timing: edge; dur=32
Server-Timing: origin; dur=43
Strict-Transport-Security: max-age=86400 ; includeSubDomains
Server-Timing: ak_p; desc="1757688775072_1600473287_2079659743_7509_2025_36_42_-";dur=1

{
    "type": "https://httpproblems.com/http-status/401",
    "title": "Unauthorized",
    "status": 401,
    "instance": "/alerts/v1/294021",
    "trace": {
        "timestamp": "2025-09-12T14:52:55.175Z",
        "requestId": "743281cf-ebcf-438f-8563-0865c0f5c88a",
        "buildId": "f2cb8906-d568-4c43-a987-c19acf6faff6"
    },
    "Code": "Unauthorized",
    "Message": "API authorization failed",
    "Reference": "https://dataservice.accuweather.com/alerts/v1/294021?apikey=REDACTED"
}
HTTP/1.1 401 Unauthorized
Content-Type: application/problem+json
zp-rid: 743281cf-ebcf-438f-8563-0865c0f5c88a
Vary: Accept-Encoding
Content-Encoding: gzip
Content-Length: 375
Date: Fri, 12 Sep 2025 14:52:55 GMT
Alt-Svc: h3=":443"; ma=93600,h3-29=":443"; ma=93600
Connection: keep-alive
Server-Timing: cdn-cache; desc=MISS
Server-Timing: edge; dur=32
Server-Timing: origin; dur=43
Strict-Transport-Security: max-age=86400 ; includeSubDomains
Server-Timing: ak_p; desc="1757688775072_1600473287_2079659743_7509_2025_36_42_-";dur=1

{
    "type": "https://httpproblems.com/http-status/401",
    "title": "Unauthorized",
    "status": 401,
    "instance": "/alerts/v1/294021",
    "trace": {
        "timestamp": "2025-09-12T14:52:55.175Z",
        "requestId": "743281cf-ebcf-438f-8563-0865c0f5c88a",
        "buildId": "f2cb8906-d568-4c43-a987-c19acf6faff6"
    },
    "Code": "Unauthorized",
    "Message": "API authorization failed",
    "Reference": "https://dataservice.accuweather.com/alerts/v1/294021?apikey=REDACTED"
}
HTTP/1.1 401 Unauthorized
Content-Type: application/problem+json
zp-rid: 743281cf-ebcf-438f-8563-0865c0f5c88a
Vary: Accept-Encoding
Content-Encoding: gzip
Content-Length: 375
Date: Fri, 12 Sep 2025 14:52:55 GMT
Alt-Svc: h3=":443"; ma=93600,h3-29=":443"; ma=93600
Connection: keep-alive
Server-Timing: cdn-cache; desc=MISS
Server-Timing: edge; dur=32
Server-Timing: origin; dur=43
Strict-Transport-Security: max-age=86400 ; includeSubDomains
Server-Timing: ak_p; desc="1757688775072_1600473287_2079659743_7509_2025_36_42_-";dur=1

{
    "type": "https://httpproblems.com/http-status/401",
    "title": "Unauthorized",
    "status": 401,
    "instance": "/alerts/v1/294021",
    "trace": {
        "timestamp": "2025-09-12T14:52:55.175Z",
        "requestId": "743281cf-ebcf-438f-8563-0865c0f5c88a",
        "buildId": "f2cb8906-d568-4c43-a987-c19acf6faff6"
    },
    "Code": "Unauthorized",
    "Message": "API authorization failed",
    "Reference": "https://dataservice.accuweather.com/alerts/v1/294021?apikey=REDACTED"
}
HTTP/1.1 401 Unauthorized
Content-Type: application/problem+json
zp-rid: 743281cf-ebcf-438f-8563-0865c0f5c88a
Vary: Accept-Encoding
Content-Encoding: gzip
Content-Length: 375
Date: Fri, 12 Sep 2025 14:52:55 GMT
Alt-Svc: h3=":443"; ma=93600,h3-29=":443"; ma=93600
Connection: keep-alive
Server-Timing: cdn-cache; desc=MISS
Server-Timing: edge; dur=32
Server-Timing: origin; dur=43
Strict-Transport-Security: max-age=86400 ; includeSubDomains
Server-Timing: ak_p; desc="1757688775072_1600473287_2079659743_7509_2025_36_42_-";dur=1

{
    "type": "https://httpproblems.com/http-status/401",
    "title": "Unauthorized",
    "status": 401,
    "instance": "/alerts/v1/294021",
    "trace": {
        "timestamp": "2025-09-12T14:52:55.175Z",
        "requestId": "743281cf-ebcf-438f-8563-0865c0f5c88a",
        "buildId": "f2cb8906-d568-4c43-a987-c19acf6faff6"
    },
    "Code": "Unauthorized",
    "Message": "API authorization failed",
    "Reference": "https://dataservice.accuweather.com/alerts/v1/294021?apikey=REDACTED"
}
HTTP/1.1 401 Unauthorized
Content-Type: application/problem+json
zp-rid: 743281cf-ebcf-438f-8563-0865c0f5c88a
Vary: Accept-Encoding
Content-Encoding: gzip
Content-Length: 375
Date: Fri, 12 Sep 2025 14:52:55 GMT
Alt-Svc: h3=":443"; ma=93600,h3-29=":443"; ma=93600
Connection: keep-alive
Server-Timing: cdn-cache; desc=MISS
Server-Timing: edge; dur=32
Server-Timing: origin; dur=43
Strict-Transport-Security: max-age=86400 ; includeSubDomains
Server-Timing: ak_p; desc="1757688775072_1600473287_2079659743_7509_2025_36_42_-";dur=1

{
    "type": "https://httpproblems.com/http-status/401",
    "title": "Unauthorized",
    "status": 401,
    "instance": "/alerts/v1/294021",
    "trace": {
        "timestamp": "2025-09-12T14:52:55.175Z",
        "requestId": "743281cf-ebcf-438f-8563-0865c0f5c88a",
        "buildId": "f2cb8906-d568-4c43-a987-c19acf6faff6"
    },
    "Code": "Unauthorized",
    "Message": "API authorization failed",
    "Reference": "https://dataservice.accuweather.com/alerts/v1/294021?apikey=REDACTED"
}
HTTP/1.1 401 Unauthorized
Content-Type: application/problem+json
zp-rid: 743281cf-ebcf-438f-8563-0865c0f5c88a
Vary: Accept-Encoding
Content-Encoding: gzip
Content-Length: 375
Date: Fri, 12 Sep 2025 14:52:55 GMT
Alt-Svc: h3=":443"; ma=93600,h3-29=":443"; ma=93600
Connection: keep-alive
Server-Timing: cdn-cache; desc=MISS
Server-Timing: edge; dur=32
Server-Timing: origin; dur=43
Strict-Transport-Security: max-age=86400 ; includeSubDomains
Server-Timing: ak_p; desc="1757688775072_1600473287_2079659743_7509_2025_36_42_-";dur=1

{
    "type": "https://httpproblems.com/http-status/401",
    "title": "Unauthorized",
    "status": 401,
    "instance": "/alerts/v1/294021",
    "trace": {
        "timestamp": "2025-09-12T14:52:55.175Z",
        "requestId": "743281cf-ebcf-438f-8563-0865c0f5c88a",
        "buildId": "f2cb8906-d568-4c43-a987-c19acf6faff6"
    },
    "Code": "Unauthorized",
    "Message": "API authorization failed",
    "Reference": "https://dataservice.accuweather.com/alerts/v1/294021?apikey=REDACTED"
}
HTTP/1.1 401 Unauthorized
Content-Type: application/problem+json
zp-rid: 743281cf-ebcf-438f-8563-0865c0f5c88a
Vary: Accept-Encoding
Content-Encoding: gzip
Content-Length: 375
Date: Fri, 12 Sep 2025 14:52:55 GMT
Alt-Svc: h3=":443"; ma=93600,h3-29=":443"; ma=93600
Connection: keep-alive
Server-Timing: cdn-cache; desc=MISS
Server-Timing: edge; dur=32
Server-Timing: origin; dur=43
Strict-Transport-Security: max-age=86400 ; includeSubDomains
Server-Timing: ak_p; desc="1757688775072_1600473287_2079659743_7509_2025_36_42_-";dur=1

{
    "type": "https://httpproblems.com/http-status/401",
    "title": "Unauthorized",
    "status": 401,
    "instance": "/alerts/v1/294021",
    "trace": {
        "timestamp": "2025-09-12T14:52:55.175Z",
        "requestId": "743281cf-ebcf-438f-8563-0865c0f5c88a",
        "buildId": "f2cb8906-d568-4c43-a987-c19acf6faff6"
    },
    "Code": "Unauthorized",
    "Message": "API authorization failed",
    "Reference": "https://dataservice.accuweather.com/alerts/v1/294021?apikey=REDACTED"
}
HTTP/1.1 401 Unauthorized
Content-Type: application/problem+json
zp-rid: 743281cf-ebcf-438f-8563-0865c0f5c88a
Vary: Accept-Encoding
Content-Encoding: gzip
Content-Length: 375
Date: Fri, 12 Sep 2025 14:52:55 GMT
Alt-Svc: h3=":443"; ma=93600,h3-29=":443"; ma=93600
Connection: keep-alive
Server-Timing: cdn-cache; desc=MISS
Server-Timing: edge; dur=32
Server-Timing: origin; dur=43
Strict-Transport-Security: max-age=86400 ; includeSubDomains
Server-Timing: ak_p; desc="1757688775072_1600473287_2079659743_7509_2025_36_42_-";dur=1

{
    "type": "https://httpproblems.com/http-status/401",
    "title": "Unauthorized",
    "status": 401,
    "instance": "/alerts/v1/294021",
    "trace": {
        "timestamp": "2025-09-12T14:52:55.175Z",
        "requestId": "743281cf-ebcf-438f-8563-0865c0f5c88a",
        "buildId": "f2cb8906-d568-4c43-a987-c19acf6faff6"
    },
    "Code": "Unauthorized",
    "Message": "API authorization failed",
    "Reference": "https://dataservice.accuweather.com/alerts/v1/294021?apikey=REDACTED"
}
]]></system-out>
  </testcase>
  <testcase name="forecastLocalized" classname="study.api.AccuWeatherApiTests" time="0.535">
    <system-out><![CDATA[Request method:	GET
Request URI:	https://dataservice.accuweather.com/forecasts/v1/daily/1day/294021?apikey=AOAG2WhmzCsb9h5PVDoF8PicU9rbkRvB&language=ru-ru&metric=true
Proxy:			<none>
Request params:	<none>
Query params:	apikey=AOAG2WhmzCsb9h5PVDoF8PicU9rbkRvB
				language=ru-ru
				metric=true
Form params:	<none>
Path params:	<none>
Headers:		Accept=*/*
Cookies:		<none>
Multiparts:		<none>
Body:			<none>
Request method:	GET
Request URI:	https://dataservice.accuweather.com/forecasts/v1/daily/1day/294021?apikey=AOAG2WhmzCsb9h5PVDoF8PicU9rbkRvB&language=ru-ru&metric=true
Proxy:			<none>
Request params:	<none>
Query params:	apikey=AOAG2WhmzCsb9h5PVDoF8PicU9rbkRvB
				language=ru-ru
				metric=true
Form params:	<none>
Path params:	<none>
Headers:		Accept=*/*
Cookies:		<none>
Multiparts:		<none>
Body:			<none>
Request method:	GET
Request URI:	https://dataservice.accuweather.com/forecasts/v1/daily/1day/294021?apikey=AOAG2WhmzCsb9h5PVDoF8PicU9rbkRvB&language=ru-ru&metric=true
Proxy:			<none>
Request params:	<none>
Query params:	apikey=AOAG2WhmzCsb9h5PVDoF8PicU9rbkRvB
				language=ru-ru
				metric=true
Form params:	<none>
[...]

{
    "type": "https://httpproblems.com/http-status/401",
    "title": "Unauthorized",
    "status": 401,
    "instance": "/currentconditions/v1/294021/historical/24",
    "trace": {
        "timestamp": "2025-09-12T14:52:58.174Z",
        "requestId": "d5722092-f23f-4688-ad27-4df833a9971a",
        "buildId": "f2cb8906-d568-4c43-a987-c19acf6faff6"
    },
    "Code": "Unauthorized",
    "Message": "API authorization failed",
    "Reference": "https://dataservice.accuweather.com/currentconditions/v1/294021/historical/24?apikey=REDACTED"
}
HTTP/1.1 401 Unauthorized
Content-Type: application/problem+json
zp-rid: d5722092-f23f-4688-ad27-4df833a9971a
Vary: Accept-Encoding
Content-Encoding: gzip
Content-Length: 401
Date: Fri, 12 Sep 2025 14:52:58 GMT
Alt-Svc: h3=":443"; ma=93600,h3-29=":443"; ma=93600
Connection: keep-alive
Server-Timing: cdn-cache; desc=MISS
Server-Timing: edge; dur=32
Server-Timing: origin; dur=44
Strict-Transport-Security: max-age=86400 ; includeSubDomains
Server-Timing: ak_p; desc="1757688778069_1600473287_2079694284_7589_1504_37_43_-";dur=1

{
    "type": "https://httpproblems.com/http-status/401",
    "title": "Unauthorized",
    "status": 401,
    "instance": "/currentconditions/v1/294021/historical/24",
    "trace": {
        "timestamp": "2025-09-12T14:52:58.174Z",
        "requestId": "d5722092-f23f-4688-ad27-4df833a9971a",
        "buildId": "f2cb8906-d568-4c43-a987-c19acf6faff6"
    },
    "Code": "Unauthorized",
    "Message": "API authorization failed",
    "Reference": "https://dataservice.accuweather.com/currentconditions/v1/294021/historical/24?apikey=REDACTED"
}
HTTP/1.1 401 Unauthorized
Content-Type: application/problem+json
zp-rid: d5722092-f23f-4688-ad27-4df833a9971a
Vary: Accept-Encoding
Content-Encoding: gzip
Content-Length: 401
Date: Fri, 12 Sep 2025 14:52:58 GMT
Alt-Svc: h3=":443"; ma=93600,h3-29=":443"; ma=93600
Connection: keep-alive
Server-Timing: cdn-cache; desc=MISS
Server-Timing: edge; dur=32
Server-Timing: origin; dur=44
Strict-Transport-Security: max-age=86400 ; includeSubDomains
Server-Timing: ak_p; desc="1757688778069_1600473287_2079694284_7589_1504_37_43_-";dur=1

{
    "type": "https://httpproblems.com/http-status/401",
    "title": "Unauthorized",
    "status": 401,
    "instance": "/currentconditions/v1/294021/historical/24",
    "trace": {
        "timestamp": "2025-09-12T14:52:58.174Z",
        "requestId": "d5722092-f23f-4688-ad27-4df833a9971a",
        "buildId": "f2cb8906-d568-4c43-a987-c19acf6faff6"
    },
    "Code": "Unauthorized",
    "Message": "API authorization failed",
    "Reference": "https://dataservice.accuweather.com/currentconditions/v1/294021/historical/24?apikey=REDACTED"
}
HTTP/1.1 401 Unauthorized
Content-Type: application/problem+json
zp-rid: d5722092-f23f-4688-ad27-4df833a9971a
Vary: Accept-Encoding
Content-Encoding: gzip
Content-Length: 401
Date: Fri, 12 Sep 2025 14:52:58 GMT
Alt-Svc: h3=":443"; ma=93600,h3-29=":443"; ma=93600
Connection: keep-alive
Server-Timing: cdn-cache; desc=MISS
Server-Timing: edge; dur=32
Server-Timing: origin; dur=44
Strict-Transport-Security: max-age=86400 ; includeSubDomains
Server-Timing: ak_p; desc="1757688778069_1600473287_2079694284_7589_1504_37_43_-";dur=1

{
    "type": "https://httpproblems.com/http-status/401",
    "title": "Unauthorized",
    "status": 401,
    "instance": "/currentconditions/v1/294021/historical/24",
    "trace": {
        "timestamp": "2025-09-12T14:52:58.174Z",
        "requestId": "d5722092-f23f-4688-ad27-4df833a9971a",
        "buildId": "f2cb8906-d568-4c43-a987-c19acf6faff6"
    },
    "Code": "Unauthorized",
    "Message": "API authorization failed",
    "Reference": "https://dataservice.accuweather.com/currentconditions/v1/294021/historical/24?apikey=REDACTED"
}
HTTP/1.1 401 Unauthorized
Content-Type: application/problem+json
zp-rid: d5722092-f23f-4688-ad27-4df833a9971a
Vary: Accept-Encoding
Content-Encoding: gzip
Content-Length: 401
Date: Fri, 12 Sep 2025 14:52:58 GMT
Alt-Svc: h3=":443"; ma=93600,h3-29=":443"; ma=93600
Connection: keep-alive
Server-Timing: cdn-cache; desc=MISS
Server-Timing: edge; dur=32
Server-Timing: origin; dur=44
Strict-Transport-Security: max-age=86400 ; includeSubDomains
Server-Timing: ak_p; desc="1757688778069_1600473287_2079694284_7589_1504_37_43_-";dur=1

{
    "type": "https://httpproblems.com/http-status/401",
    "title": "Unauthorized",
    "status": 401,
    "instance": "/currentconditions/v1/294021/historical/24",
    "trace": {
        "timestamp": "2025-09-12T14:52:58.174Z",
        "requestId": "d5722092-f23f-4688-ad27-4df833a9971a",
        "buildId": "f2cb8906-d568-4c43-a987-c19acf6faff6"
    },
    "Code": "Unauthorized",
    "Message": "API authorization failed",
    "Reference": "https://dataservice.accuweather.com/currentconditions/v1/294021/historical/24?apikey=REDACTED"
}
HTTP/1.1 401 Unauthorized
Content-Type: application/problem+json
zp-rid: d5722092-f23f-4688-ad27-4df833a9971a
Vary: Accept-Encoding
Content-Encoding: gzip
Content-Length: 401
Date: Fri, 12 Sep 2025 14:52:58 GMT
Alt-Svc: h3=":443"; ma=93600,h3-29=":443"; ma=93600
Connection: keep-alive
Server-Timing: cdn-cache; desc=MISS
Server-Timing: edge; dur=32
Server-Timing: origin; dur=44
Strict-Transport-Security: max-age=86400 ; includeSubDomains
Server-Timing: ak_p; desc="1757688778069_1600473287_2079694284_7589_1504_37_43_-";dur=1

{
    "type": "https://httpproblems.com/http-status/401",
    "title": "Unauthorized",
    "status": 401,
    "instance": "/currentconditions/v1/294021/historical/24",
    "trace": {
        "timestamp": "2025-09-12T14:52:58.174Z",
        "requestId": "d5722092-f23f-4688-ad27-4df833a9971a",
        "buildId": "f2cb8906-d568-4c43-a987-c19acf6faff6"
    },
    "Code": "Unauthorized",
    "Message": "API authorization failed",
    "Reference": "https://dataservice.accuweather.com/currentconditions/v1/294021/historical/24?apikey=REDACTED"
}
HTTP/1.1 401 Unauthorized
Content-Type: application/problem+json
zp-rid: d5722092-f23f-4688-ad27-4df833a9971a
Vary: Accept-Encoding
Content-Encoding: gzip
Content-Length: 401
Date: Fri, 12 Sep 2025 14:52:58 GMT
Alt-Svc: h3=":443"; ma=93600,h3-29=":443"; ma=93600
Connection: keep-alive
Server-Timing: cdn-cache; desc=MISS
Server-Timing: edge; dur=32
Server-Timing: origin; dur=44
Strict-Transport-Security: max-age=86400 ; includeSubDomains
Server-Timing: ak_p; desc="1757688778069_1600473287_2079694284_7589_1504_37_43_-";dur=1

{
    "type": "https://httpproblems.com/http-status/401",
    "title": "Unauthorized",
    "status": 401,
    "instance": "/currentconditions/v1/294021/historical/24",
    "trace": {
        "timestamp": "2025-09-12T14:52:58.174Z",
        "requestId": "d5722092-f23f-4688-ad27-4df833a9971a",
        "buildId": "f2cb8906-d568-4c43-a987-c19acf6faff6"
    },
    "Code": "Unauthorized",
    "Message": "API authorization failed",
    "Reference": "https://dataservice.accuweather.com/currentconditions/v1/294021/historical/24?apikey=REDACTED"
}
HTTP/1.1 401 Unauthorized
Content-Type: application/problem+json
zp-rid: d5722092-f23f-4688-ad27-4df833a9971a
Vary: Accept-Encoding
Content-Encoding: gzip
Content-Length: 401
Date: Fri, 12 Sep 2025 14:52:58 GMT
Alt-Svc: h3=":443"; ma=93600,h3-29=":443"; ma=93600
Connection: keep-alive
Server-Timing: cdn-cache; desc=MISS
Server-Timing: edge; dur=32
Server-Timing: origin; dur=44
Strict-Transport-Security: max-age=86400 ; includeSubDomains
Server-Timing: ak_p; desc="1757688778069_1600473287_2079694284_7589_1504_37_43_-";dur=1

{
    "type": "https://httpproblems.com/http-status/401",
    "title": "Unauthorized",
    "status": 401,
    "instance": "/currentconditions/v1/294021/historical/24",
    "trace": {
        "timestamp": "2025-09-12T14:52:58.174Z",
        "requestId": "d5722092-f23f-4688-ad27-4df833a9971a",
        "buildId": "f2cb8906-d568-4c43-a987-c19acf6faff6"
    },
    "Code": "Unauthorized",
    "Message": "API authorization failed",
    "Reference": "https://dataservice.accuweather.com/currentconditions/v1/294021/historical/24?apikey=REDACTED"
}
HTTP/1.1 401 Unauthorized
Content-Type: application/problem+json
zp-rid: d5722092-f23f-4688-ad27-4df833a9971a
Vary: Accept-Encoding
Content-Encoding: gzip
Content-Length: 401
Date: Fri, 12 Sep 2025 14:52:58 GMT
Alt-Svc: h3=":443"; ma=93600,h3-29=":443"; ma=93600
Connection: keep-alive
Server-Timing: cdn-cache; desc=MISS
Server-Timing: edge; dur=32
Server-Timing: origin; dur=44
Strict-Transport-Security: max-age=86400 ; includeSubDomains
Server-Timing: ak_p; desc="1757688778069_1600473287_2079694284_7589_1504_37_43_-";dur=1

{
    "type": "https://httpproblems.com/http-status/401",
    "title": "Unauthorized",
    "status": 401,
    "instance": "/currentconditions/v1/294021/historical/24",
    "trace": {
        "timestamp": "2025-09-12T14:52:58.174Z",
        "requestId": "d5722092-f23f-4688-ad27-4df833a9971a",
        "buildId": "f2cb8906-d568-4c43-a987-c19acf6faff6"
    },
    "Code": "Unauthorized",
    "Message": "API authorization failed",
    "Reference": "https://dataservice.accuweather.com/currentconditions/v1/294021/historical/24?apikey=REDACTED"
}
HTTP/1.1 401 Unauthorized
Content-Type: application/problem+json
zp-rid: d5722092-f23f-4688-ad27-4df833a9971a
Vary: Accept-Encoding
Content-Encoding: gzip
Content-Length: 401
Date: Fri, 12 Sep 2025 14:52:58 GMT
Alt-Svc: h3=":443"; ma=93600,h3-29=":443"; ma=93600
Connection: keep-alive
Server-Timing: cdn-cache; desc=MISS
Server-Timing: edge; dur=32
Server-Timing: origin; dur=44
Strict-Transport-Security: max-age=86400 ; includeSubDomains
Server-Timing: ak_p; desc="1757688778069_1600473287_2079694284_7589_1504_37_43_-";dur=1

{
    "type": "https://httpproblems.com/http-status/401",
    "title": "Unauthorized",
    "status": 401,
    "instance": "/currentconditions/v1/294021/historical/24",
    "trace": {
        "timestamp": "2025-09-12T14:52:58.174Z",
        "requestId": "d5722092-f23f-4688-ad27-4df833a9971a",
        "buildId": "f2cb8906-d568-4c43-a987-c19acf6faff6"
    },
    "Code": "Unauthorized",
    "Message": "API authorization failed",
    "Reference": "https://dataservice.accuweather.com/currentconditions/v1/294021/historical/24?apikey=REDACTED"
}
HTTP/1.1 401 Unauthorized
Content-Type: application/problem+json
zp-rid: d5722092-f23f-4688-ad27-4df833a9971a
Vary: Accept-Encoding
Content-Encoding: gzip
Content-Length: 401
Date: Fri, 12 Sep 2025 14:52:58 GMT
Alt-Svc: h3=":443"; ma=93600,h3-29=":443"; ma=93600
Connection: keep-alive
Server-Timing: cdn-cache; desc=MISS
Server-Timing: edge; dur=32
Server-Timing: origin; dur=44
Strict-Transport-Security: max-age=86400 ; includeSubDomains
Server-Timing: ak_p; desc="1757688778069_1600473287_2079694284_7589_1504_37_43_-";dur=1

{
    "type": "https://httpproblems.com/http-status/401",
    "title": "Unauthorized",
    "status": 401,
    "instance": "/currentconditions/v1/294021/historical/24",
    "trace": {
        "timestamp": "2025-09-12T14:52:58.174Z",
        "requestId": "d5722092-f23f-4688-ad27-4df833a9971a",
        "buildId": "f2cb8906-d568-4c43-a987-c19acf6faff6"
    },
    "Code": "Unauthorized",
    "Message": "API authorization failed",
    "Reference": "https://dataservice.accuweather.com/currentconditions/v1/294021/historical/24?apikey=REDACTED"
}
HTTP/1.1 401 Unauthorized
Content-Type: application/problem+json
zp-rid: d5722092-f23f-4688-ad27-4df833a9971a
Vary: Accept-Encoding
Content-Encoding: gzip
Content-Length: 401
Date: Fri, 12 Sep 2025 14:52:58 GMT
Alt-Svc: h3=":443"; ma=93600,h3-29=":443"; ma=93600
Connection: keep-alive
Server-Timing: cdn-cache; desc=MISS
Server-Timing: edge; dur=32
Server-Timing: origin; dur=44
Strict-Transport-Security: max-age=86400 ; includeSubDomains
Server-Timing: ak_p; desc="1757688778069_1600473287_2079694284_7589_1504_37_43_-";dur=1

{
    "type": "https://httpproblems.com/http-status/401",
    "title": "Unauthorized",
    "status": 401,
    "instance": "/currentconditions/v1/294021/historical/24",
    "trace": {
        "timestamp": "2025-09-12T14:52:58.174Z",
        "requestId": "d5722092-f23f-4688-ad27-4df833a9971a",
        "buildId": "f2cb8906-d568-4c43-a987-c19acf6faff6"
    },
    "Code": "Unauthorized",
    "Message": "API authorization failed",
    "Reference": "https://dataservice.accuweather.com/currentconditions/v1/294021/historical/24?apikey=REDACTED"
}
HTTP/1.1 401 Unauthorized
Content-Type: application/problem+json
zp-rid: d5722092-f23f-4688-ad27-4df833a9971a
Vary: Accept-Encoding
Content-Encoding: gzip
Content-Length: 401
Date: Fri, 12 Sep 2025 14:52:58 GMT
Alt-Svc: h3=":443"; ma=93600,h3-29=":443"; ma=93600
Connection: keep-alive
Server-Timing: cdn-cache; desc=MISS
Server-Timing: edge; dur=32
Server-Timing: origin; dur=44
Strict-Transport-Security: max-age=86400 ; includeSubDomains
Server-Timing: ak_p; desc="1757688778069_1600473287_2079694284_7589_1504_37_43_-";dur=1

{
    "type": "https://httpproblems.com/http-status/401",
    "title": "Unauthorized",
    "status": 401,
    "instance": "/currentconditions/v1/294021/historical/24",
    "trace": {
        "timestamp": "2025-09-12T14:52:58.174Z",
        "requestId": "d5722092-f23f-4688-ad27-4df833a9971a",
        "buildId": "f2cb8906-d568-4c43-a987-c19acf6faff6"
    },
    "Code": "Unauthorized",
    "Message": "API authorization failed",
    "Reference": "https://dataservice.accuweather.com/currentconditions/v1/294021/historical/24?apikey=REDACTED"
}
HTTP/1.1 401 Unauthorized
Content-Type: application/problem+json
zp-rid: d5722092-f23f-4688-ad27-4df833a9971a
Vary: Accept-Encoding
Content-Encoding: gzip
Content-Length: 401
Date: Fri, 12 Sep 2025 14:52:58 GMT
Alt-Svc: h3=":443"; ma=93600,h3-29=":443"; ma=93600
Connection: keep-alive
Server-Timing: cdn-cache; desc=MISS
Server-Timing: edge; dur=32
Server-Timing: origin; dur=44
Strict-Transport-Security: max-age=86400 ; includeSubDomains
Server-Timing: ak_p; desc="1757688778069_1600473287_2079694284_7589_1504_37_43_-";dur=1

{
    "type": "https://httpproblems.com/http-status/401",
    "title": "Unauthorized",
    "status": 401,
    "instance": "/currentconditions/v1/294021/historical/24",
    "trace": {
        "timestamp": "2025-09-12T14:52:58.174Z",
        "requestId": "d5722092-f23f-4688-ad27-4df833a9971a",
        "buildId": "f2cb8906-d568-4c43-a987-c19acf6faff6"
    },
    "Code": "Unauthorized",
    "Message": "API authorization failed",
    "Reference": "https://dataservice.accuweather.com/currentconditions/v1/294021/historical/24?apikey=REDACTED"
}
HTTP/1.1 401 Unauthorized
Content-Type: application/problem+json
zp-rid: d5722092-f23f-4688-ad27-4df833a9971a
Vary: Accept-Encoding
Content-Encoding: gzip
Content-Length: 401
Date: Fri, 12 Sep 2025 14:52:58 GMT
Alt-Svc: h3=":443"; ma=93600,h3-29=":443"; ma=93600
Connection: keep-alive
Server-Timing: cdn-cache; desc=MISS
Server-Timing: edge; dur=32
Server-Timing: origin; dur=44
Strict-Transport-Security: max-age=86400 ; includeSubDomains
Server-Timing: ak_p; desc="1757688778069_1600473287_2079694284_7589_1504_37_43_-";dur=1

{
    "type": "https://httpproblems.com/http-status/401",
    "title": "Unauthorized",
    "status": 401,
    "instance": "/currentconditions/v1/294021/historical/24",
    "trace": {
        "timestamp": "2025-09-12T14:52:58.174Z",
        "requestId": "d5722092-f23f-4688-ad27-4df833a9971a",
        "buildId": "f2cb8906-d568-4c43-a987-c19acf6faff6"
    },
    "Code": "Unauthorized",
    "Message": "API authorization failed",
    "Reference": "https://dataservice.accuweather.com/currentconditions/v1/294021/historical/24?apikey=REDACTED"
}
HTTP/1.1 401 Unauthorized
Content-Type: application/problem+json
zp-rid: d5722092-f23f-4688-ad27-4df833a9971a
Vary: Accept-Encoding
Content-Encoding: gzip
Content-Length: 401
Date: Fri, 12 Sep 2025 14:52:58 GMT
Alt-Svc: h3=":443"; ma=93600,h3-29=":443"; ma=93600
Connection: keep-alive
Server-Timing: cdn-cache; desc=MISS
Server-Timing: edge; dur=32
Server-Timing: origin; dur=44
Strict-Transport-Security: max-age=86400 ; includeSubDomains
Server-Timing: ak_p; desc="1757688778069_1600473287_2079694284_7589_1504_37_43_-";dur=1

{
    "type": "https://httpproblems.com/http-status/401",
    "title": "Unauthorized",
    "status": 401,
    "instance": "/currentconditions/v1/294021/historical/24",
    "trace": {
        "timestamp": "2025-09-12T14:52:58.174Z",
        "requestId": "d5722092-f23f-4688-ad27-4df833a9971a",
        "buildId": "f2cb8906-d568-4c43-a987-c19acf6faff6"
    },
    "Code": "Unauthorized",
    "Message": "API authorization failed",
    "Reference": "https://dataservice.accuweather.com/currentconditions/v1/294021/historical/24?apikey=REDACTED"
}
HTTP/1.1 401 Unauthorized
Content-Type: application/problem+json
zp-rid: d5722092-f23f-4688-ad27-4df833a9971a
Vary: Accept-Encoding
Content-Encoding: gzip
Content-Length: 401
Date: Fri, 12 Sep 2025 14:52:58 GMT
Alt-Svc: h3=":443"; ma=93600,h3-29=":443"; ma=93600
Connection: keep-alive
Server-Timing: cdn-cache; desc=MISS
Server-Timing: edge; dur=32
Server-Timing: origin; dur=44
Strict-Transport-Security: max-age=86400 ; includeSubDomains
Server-Timing: ak_p; desc="1757688778069_1600473287_2079694284_7589_1504_37_43_-";dur=1

{
    "type": "https://httpproblems.com/http-status/401",
    "title": "Unauthorized",
    "status": 401,
    "instance": "/currentconditions/v1/294021/historical/24",
    "trace": {
        "timestamp": "2025-09-12T14:52:58.174Z",
        "requestId": "d5722092-f23f-4688-ad27-4df833a9971a",
        "buildId": "f2cb8906-d568-4c43-a987-c19acf6faff6"
    },
    "Code": "Unauthorized",
    "Message": "API authorization failed",
    "Reference": "https://dataservice.accuweather.com/currentconditions/v1/294021/historical/24?apikey=REDACTED"
}
HTTP/1.1 401 Unauthorized
Content-Type: application/problem+json
zp-rid: d5722092-f23f-4688-ad27-4df833a9971a
Vary: Accept-Encoding
Content-Encoding: gzip
Content-Length: 401
Date: Fri, 12 Sep 2025 14:52:58 GMT
Alt-Svc: h3=":443"; ma=93600,h3-29=":443"; ma=93600
Connection: keep-alive
Server-Timing: cdn-cache; desc=MISS
Server-Timing: edge; dur=32
Server-Timing: origin; dur=44
Strict-Transport-Security: max-age=86400 ; includeSubDomains
Server-Timing: ak_p; desc="1757688778069_1600473287_2079694284_7589_1504_37_43_-";dur=1

{
    "type": "https://httpproblems.com/http-status/401",
    "title": "Unauthorized",
    "status": 401,
    "instance": "/currentconditions/v1/294021/historical/24",
    "trace": {
        "timestamp": "2025-09-12T14:52:58.174Z",
        "requestId": "d5722092-f23f-4688-ad27-4df833a9971a",
        "buildId": "f2cb8906-d568-4c43-a987-c19acf6faff6"
    },
    "Code": "Unauthorized",
    "Message": "API authorization failed",
    "Reference": "https://dataservice.accuweather.com/currentconditions/v1/294021/historical/24?apikey=REDACTED"
}
HTTP/1.1 401 Unauthorized
Content-Type: application/problem+json
zp-rid: d5722092-f23f-4688-ad27-4df833a9971a
Vary: Accept-Encoding
Content-Encoding: gzip
Content-Length: 401
Date: Fri, 12 Sep 2025 14:52:58 GMT
Alt-Svc: h3=":443"; ma=93600,h3-29=":443"; ma=93600
Connection: keep-alive
Server-Timing: cdn-cache; desc=MISS
Server-Timing: edge; dur=32
Server-Timing: origin; dur=44
Strict-Transport-Security: max-age=86400 ; includeSubDomains
Server-Timing: ak_p; desc="1757688778069_1600473287_2079694284_7589_1504_37_43_-";dur=1

{
    "type": "https://httpproblems.com/http-status/401",
    "title": "Unauthorized",
    "status": 401,
    "instance": "/currentconditions/v1/294021/historical/24",
    "trace": {
        "timestamp": "2025-09-12T14:52:58.174Z",
        "requestId": "d5722092-f23f-4688-ad27-4df833a9971a",
        "buildId": "f2cb8906-d568-4c43-a987-c19acf6faff6"
    },
    "Code": "Unauthorized",
    "Message": "API authorization failed",
    "Reference": "https://dataservice.accuweather.com/currentconditions/v1/294021/historical/24?apikey=REDACTED"
}
]]></system-out>
  </testcase>
</testsuite>