<?xml version="1.0" encoding="UTF-8"?>
<testsuite xmlns:xsi="http://www.w3.org/2001/XMLSchema-instance" xsi:noNamespaceSchemaLocation="https://maven.apache.org/surefire/maven-surefire-plugin/xsd/surefire-test-report-3.0.xsd" version="3.0" name="study.api.AccuWeatherMockTests" time="2.09" tests="20" errors="0" skipped="0" failures="0">
  <properties>
[...]
</properties>
  <testcase name="testCitiesSearchMock" classname="study.api.AccuWeatherMockTests" time="0.135">
    <system-out><![CDATA[Request method:	GET
Request URI:	http://localhost:54820/locations/v1/cities/search?apikey=TEST&q=Minsk
Proxy:			<none>
Request params:	<none>
Query params:	apikey=TEST
				q=Minsk
Form params:	<none>
Path params:	<none>
Headers:		Accept=*/*
Cookies:		<none>
Multiparts:		<none>
Body:			<none>
Request method:	GET
Request URI:	http://localhost:54820/locations/v1/cities/search?apikey=TEST&q=Minsk
Proxy:			<none>
Request params:	<none>
Query params:	apikey=TEST
				q=Minsk
Form params:	<none>
Path params:	<none>
Headers:		Accept=*/*
Cookies:		<none>
Multiparts:		<none>
Body:			<none>
Request method:	GET
Request URI:	http://localhost:54820/locations/v1/cities/search?apikey=TEST&q=Minsk
Proxy:			<none>
Request params:	<none>
Query params:	apikey=TEST
				q=Minsk
Form params:	<none>
Path params:	<none>
Headers:		Accept=*/*
Cookies:		<none>
Multiparts:		<none>
Body:			<none>
Request method:	GET
Request URI:	http://localhost:54820/locations/v1/cities/search?apikey=TEST&q=Minsk
Proxy:			<none>
Request params:	<none>
Query params:	apikey=TEST
				q=Minsk
Form params:	<none>
Path params:	<none>
Headers:		Accept=*/*
Cookies:		<none>
Multiparts:		<none>
Body:			<none>
Request method:	GET
Request URI:	http://localhost:54820/locations/v1/cities/search?apikey=TEST&q=Minsk
Proxy:			<none>
Request params:	<none>
Query params:	apikey=TEST
				q=Minsk
Form params:	<none>
Path params:	<none>
Headers:		Accept=*/*
Cookies:		<none>
Multiparts:		<none>
Body:			<none>
Request method:	GET
Request URI:	http://localhost:54820/locations/v1/cities/search?apikey=TEST&q=Minsk
Proxy:			<none>
Request params:	<none>
Query params:	apikey=TEST
				q=Minsk
Form params:	<none>
Path params:	<none>
Headers:		Accept=*/*
Cookies:		<none>
Multiparts:		<none>
Body:			<none>
Request method:	GET
Request URI:	http://localhost:54820/locations/v1/cities/search?apikey=TEST&q=Minsk
Proxy:			<none>
Request params:	<none>
Query params:	apikey=TEST
				q=Minsk
Form params:	<none>
Path params:	<none>
Headers:		Accept=*/*
Cookies:		<none>
Multiparts:		<none>
Body:			<none>
Request method:	GET
Request URI:	http://localhost:54820/locations/v1/cities/search?apikey=TEST&q=Minsk
Proxy:			<none>
Request params:	<none>
Query params:	apikey=TEST
				q=Minsk
Form params:	<none>
Path params:	<none>
Headers:		Accept=*/*
Cookies:		<none>
Multiparts:		<none>
Body:			<none>
Request method:	GET
Request URI:	http://localhost:54820/locations/v1/cities/search?apikey=TEST&q=Minsk
Proxy:			<none>
Request params:	<none>
Query params:	apikey=TEST
				q=Minsk
Form params:	<none>
Path params:	<none>
Headers:		Accept=*/*
Cookies:		<none>
Multiparts:		<none>
Body:			<none>
Request method:	GET
Request URI:	http://localhost:54820/locations/v1/cities/search?apikey=TEST&q=Minsk
Proxy:			<none>
Request params:	<none>
Query params:	apikey=TEST
				q=Minsk
Form params:	<none>
Path params:	<none>
Headers:		Accept=*/*
Cookies:		<none>
Multiparts:		<none>
Body:			<none>
Request method:	GET
Request URI:	http://localhost:54820/locations/v1/cities/search?apikey=TEST&q=Minsk
Proxy:			<none>
Request params:	<none>
Query params:	apikey=TEST
				q=Minsk
Form params:	<none>
Path params:	<none>
Headers:		Accept=*/*
Cookies:		<none>
Multiparts:		<none>
Body:			<none>
Request method:	GET
Request URI:	http://localhost:54820/locations/v1/cities/search?apikey=TEST&q=Minsk
Proxy:			<none>
Request params:	<none>
Query params:	apikey=TEST
				q=Minsk
Form params:	<none>
Path params:	<none>
Headers:		Accept=*/*
Cookies:		<none>
Multiparts:		<none>
Body:			<none>
Request method:	GET
Request URI:	http://localhost:54820/locations/v1/cities/search?apikey=TEST&q=Minsk
Proxy:			<none>
Request params:	<none>
Query params:	apikey=TEST
				q=Minsk
Form params:	<none>
Path params:	<none>
Headers:		Accept=*/*
Cookies:		<none>
Multiparts:		<none>
Body:			<none>
Request method:	GET
Request URI:	http://localhost:54820/locations/v1/cities/search?apikey=TEST&q=Minsk
Proxy:			<none>
Request params:	<none>
Query params:	apikey=TEST
				q=Minsk
Form params:	<none>
Path params:	<none>
Headers:		Accept=*/*
Cookies:		<none>
Multiparts:		<none>
Body:			<none>
Request method:	GET
Request URI:	http://localhost:54820/locations/v1/cities/search?apikey=TEST&q=Minsk
Proxy:			<none>
Request params:	<none>
Query params:	apikey=TEST
				q=Minsk
Form params:	<none>
Path params:	<none>
Headers:		Accept=*/*
Cookies:		<none>
Multiparts:		<none>
Body:			<none>
Request method:	GET
Request URI:	http://localhost:54820/locations/v1/cities/search?apikey=TEST&q=Minsk
Proxy:			<none>
Request params:	<none>
Query params:	apikey=TEST
				q=Minsk
Form params:	<none>
Path params:	<none>
Headers:		Accept=*/*
Cookies:		<none>
Multiparts:		<none>
Body:			<none>
Request method:	GET
Request URI:	http://localhost:54820/locations/v1/cities/search?apikey=TEST&q=Minsk
Proxy:			<none>
Request params:	<none>
Query params:	apikey=TEST
				q=Minsk
Form params:	<none>
Path params:	<none>
Headers:		Accept=*/*
Cookies:		<none>
Multiparts:		<none>
Body:			<none>
Request method:	GET
Request URI:	http://localhost:54820/locations/v1/cities/search?apikey=TEST&q=Minsk
Proxy:			<none>
Request params:	<none>
Query params:	apikey=TEST
				q=Minsk
Form params:	<none>
Path params:	<none>
Headers:		Accept=*/*
Cookies:		<none>
Multiparts:		<none>
Body:			<none>
Request method:	GET
Request URI:	http://localhost:54820/locations/v1/cities/search?apikey=TEST&q=Minsk
Proxy:			<none>
Request params:	<none>
Query params:	apikey=TEST
				q=Minsk
Form params:	<none>
Path params:	<none>
Headers:		Accept=*/*
Cookies:		<none>
Multiparts:		<none>
Body:			<none>
Request method:	GET
Request URI:	http://localhost:54820/locations/v1/cities/search?apikey=TEST&q=Minsk
Proxy:			<none>
Request params:	<none>
Query params:	apikey=TEST
				q=Minsk
Form params:	<none>
Path params:	<none>
Headers:		Accept=*/*
Cookies:		<none>
Multiparts:		<none>
Body:			<none>
Request method:	GET
Request URI:	http://localhost:54820/locations/v1/cities/search?apikey=TEST&q=Minsk
Proxy:			<none>
Request params:	<none>
Query params:	apikey=TEST
				q=Minsk
Form params:	<none>
Path params:	<none>
Headers:		Accept=*/*
Cookies:		<none>
Multiparts:		<none>
Body:			<none>
HTTP/1.1 200 OK
Content-Type: application/json
Matched-Stub-Id: 767ed2a1-d65f-498a-9e84-d458707c597f
Vary: Accept-Encoding, User-Agent
Content-Encoding: gzip
Transfer-Encoding: chunked

[
    {
        "Version": 1,
        "Key": "294021",
        "Type": "City",
        "Rank": 10,
        "LocalizedName": "Минск",
        "EnglishName": "Minsk",
        "Country": {
            "ID": "BY",
            "EnglishName": "Belarus"
        },
        "GeoPosition": {
            "Latitude": 53.9,
            "Longitude": 27.5667
        }
    }
]
HTTP/1.1 200 OK
Content-Type: application/json
Matched-Stub-Id: 767ed2a1-d65f-498a-9e84-d458707c597f
Vary: Accept-Encoding, User-Agent
Content-Encoding: gzip
Transfer-Encoding: chunked

[
    {
        "Version": 1,
        "Key": "294021",
        "Type": "City",
        "Rank": 10,
        "LocalizedName": "Минск",
        "EnglishName": "Minsk",
        "Country": {
            "ID": "BY",
            "EnglishName": "Belarus"
        },
        "GeoPosition": {
            "Latitude": 53.9,
            "Longitude": 27.5667
        }
    }
]
HTTP/1.1 200 OK
Content-Type: application/json
Matched-Stub-Id: 767ed2a1-d65f-498a-9e84-d458707c597f
Vary: Accept-Encoding, User-Agent
Content-Encoding: gzip
Transfer-Encoding: chunked

[
    {
        "Version": 1,
        "Key": "294021",
        "Type": "City",
        "Rank": 10,
        "LocalizedName": "Минск",
        "EnglishName": "Minsk",
        "Country": {
            "ID": "BY",
            "EnglishName": "Belarus"
        },
        "GeoPosition": {
            "Latitude": 53.9,
            "Longitude": 27.5667
        }
    }
]
HTTP/1.1 200 OK
Content-Type: application/json
Matched-Stub-Id: 767ed2a1-d65f-498a-9e84-d458707c597f
Vary: Accept-Encoding, User-Agent
Content-Encoding: gzip
Transfer-Encoding: chunked

[
    {
        "Version": 1,
        "Key": "294021",
        "Type": "City",
        "Rank": 10,
        "LocalizedName": "Минск",
        "EnglishName": "Minsk",
        "Country": {
            "ID": "BY",
            "EnglishName": "Belarus"
        },
        "GeoPosition": {
            "Latitude": 53.9,
            "Longitude": 27.5667
        }
    }
]
HTTP/1.1 200 OK
Content-Type: application/json
Matched-Stub-Id: 767ed2a1-d65f-498a-9e84-d458707c597f
Vary: Accept-Encoding, User-Agent
Content-Encoding: gzip
Transfer-Encoding: chunked

[
    {
        "Version": 1,
        "Key": "294021",
        "Type": "City",
        "Rank": 10,
        "LocalizedName": "Минск",
        "EnglishName": "Minsk",
        "Country": {
            "ID": "BY",
            "EnglishName": "Belarus"
        },
        "GeoPosition": {
            "Latitude": 53.9,
            "Longitude": 27.5667
        }
    }
]
HTTP/1.1 200 OK
Content-Type: application/json
Matched-Stub-Id: 767ed2a1-d65f-498a-9e84-d458707c597f
Vary: Accept-Encoding, User-Agent
Content-Encoding: gzip
Transfer-Encoding: chunked

[
    {
        "Version": 1,
        "Key": "294021",
        "Type": "City",
        "Rank": 10,
        "LocalizedName": "Минск",
        "EnglishName": "Minsk",
        "Country": {
            "ID": "BY",
            "EnglishName": "Belarus"
        },
        "GeoPosition": {
            "Latitude": 53.9,
            "Longitude": 27.5667
        }
    }
]
HTTP/1.1 200 OK
Content-Type: application/json
Matched-Stub-Id: 767ed2a1-d65f-498a-9e84-d458707c597f
Vary: Accept-Encoding, User-Agent
Content-Encoding: gzip
Transfer-Encoding: chunked

[
    {
        "Version": 1,
        "Key": "294021",
        "Type": "City",
        "Rank": 10,
        "LocalizedName": "Минск",
        "EnglishName": "Minsk",
        "Country": {
            "ID": "BY",
            "EnglishName": "Belarus"
        },
        "GeoPosition": {
            "Latitude": 53.9,
            "Longitude": 27.5667
        }
    }
]
HTTP/1.1 200 OK
Content-Type: application/json
Matched-Stub-Id: 767ed2a1-d65f-498a-9e84-d458707c597f
Vary: Accept-Encoding, User-Agent
Content-Encoding: gzip
Transfer-Encoding: chunked

[
    {
        "Version": 1,
        "Key": "294021",
        "Type": "City",
        "Rank": 10,
        "LocalizedName": "Минск",
        "EnglishName": "Minsk",
        "Country": {
            "ID": "BY",
            "EnglishName": "Belarus"
        },
        "GeoPosition": {
            "Latitude": 53.9,
            "Longitude": 27.5667
        }
    }
]
HTTP/1.1 200 OK
Content-Type: application/json
Matched-Stub-Id: 767ed2a1-d65f-498a-9e84-d458707c597f
Vary: Accept-Encoding, User-Agent
Content-Encoding: gzip
Transfer-Encoding: chunked

[
    {
        "Version": 1,
        "Key": "294021",
        "Type": "City",
        "Rank": 10,
        "LocalizedName": "Минск",
        "EnglishName": "Minsk",
        "Country": {
            "ID": "BY",
            "EnglishName": "Belarus"
        },
        "GeoPosition": {
            "Latitude": 53.9,
            "Longitude": 27.5667
        }
    }
]
HTTP/1.1 200 OK
Content-Type: application/json
Matched-Stub-Id: 767ed2a1-d65f-498a-9e84-d458707c597f
Vary: Accept-Encoding, User-Agent
Content-Encoding: gzip
Transfer-Encoding: chunked

[
    {
        "Version": 1,
        "Key": "294021",
        "Type": "City",
        "Rank": 10,
        "LocalizedName": "Минск",
        "EnglishName": "Minsk",
        "Country": {
            "ID": "BY",
            "EnglishName": "Belarus"
        },
        "GeoPosition": {
            "Latitude": 53.9,
            "Longitude": 27.5667
        }
    }
]
HTTP/1.1 200 OK
Content-Type: application/json
Matched-Stub-Id: 767ed2a1-d65f-498a-9e84-d458707c597f
Vary: Accept-Encoding, User-Agent
Content-Encoding: gzip
Transfer-Encoding: chunked

[
    {
        "Version": 1,
        "Key": "294021",
        "Type": "City",
        "Rank": 10,
        "LocalizedName": "Минск",
        "EnglishName": "Minsk",
        "Country": {
            "ID": "BY",
            "EnglishName": "Belarus"
        },
        "GeoPosition": {
            "Latitude": 53.9,
            "Longitude": 27.5667
        }
    }
]
HTTP/1.1 200 OK
Content-Type: application/json
Matched-Stub-Id: 767ed2a1-d65f-498a-9e84-d458707c597f
Vary: Accept-Encoding, User-Agent
Content-Encoding: gzip
Transfer-Encoding: chunked

[
    {
        "Version": 1,
        "Key": "294021",
        "Type": "City",
        "Rank": 10,
        "LocalizedName": "Минск",
        "EnglishName": "Minsk",
        "Country": {
            "ID": "BY",
            "EnglishName": "Belarus"
        },
        "GeoPosition": {
            "Latitude": 53.9,
            "Longitude": 27.5667
        }
    }
]
HTTP/1.1 200 OK
Content-Type: application/json
Matched-Stub-Id: 767ed2a1-d65f-498a-9e84-d458707c597f
Vary: Accept-Encoding, User-Agent
Content-Encoding: gzip
Transfer-Encoding: chunked

[
    {
        "Version": 1,
        "Key": "294021",
        "Type": "City",
        "Rank": 10,
        "LocalizedName": "Минск",
        "EnglishName": "Minsk",
        "Country": {
            "ID": "BY",
            "EnglishName": "Belarus"
        },
        "GeoPosition": {
            "Latitude": 53.9,
            "Longitude": 27.5667
        }
    }
]
HTTP/1.1 200 OK
Content-Type: application/json
Matched-Stub-Id: 767ed2a1-d65f-498a-9e84-d458707c597f
Vary: Accept-Encoding, User-Agent
Content-Encoding: gzip
Transfer-Encoding: chunked

[
    {
        "Version": 1,
        "Key": "294021",
        "Type": "City",
        "Rank": 10,
        "LocalizedName": "Минск",
        "EnglishName": "Minsk",
        "Country": {
            "ID": "BY",
            "EnglishName": "Belarus"
        },
        "GeoPosition": {
            "Latitude": 53.9,
            "Longitude": 27.5667
        }
    }
]
HTTP/1.1 200 OK
Content-Type: application/json
Matched-Stub-Id: 767ed2a1-d65f-498a-9e84-d458707c597f
Vary: Accept-Encoding, User-Agent
Content-Encoding: gzip
Transfer-Encoding: chunked

[
    {
        "Version": 1,
        "Key": "294021",
        "Type": "City",
        "Rank": 10,
        "LocalizedName": "Минск",
        "EnglishName": "Minsk",
        "Country": {
            "ID": "BY",
            "EnglishName": "Belarus"
        },
        "GeoPosition": {
            "Latitude": 53.9,
            "Longitude": 27.5667
        }
    }
]
HTTP/1.1 200 OK
Content-Type: application/json
Matched-Stub-Id: 767ed2a1-d65f-498a-9e84-d458707c597f
Vary: Accept-Encoding, User-Agent
Content-Encoding: gzip
Transfer-Encoding: chunked

[
    {
        "Version": 1,
        "Key": "294021",
        "Type": "City",
        "Rank": 10,
        "LocalizedName": "Минск",
        "EnglishName": "Minsk",
        "Country": {
            "ID": "BY",
            "EnglishName": "Belarus"
        },
        "GeoPosition": {
            "Latitude": 53.9,
            "Longitude": 27.5667
        }
    }
]
HTTP/1.1 200 OK
Content-Type: application/json
Matched-Stub-Id: 767ed2a1-d65f-498a-9e84-d458707c597f
Vary: Accept-Encoding, User-Agent
Content-Encoding: gzip
Transfer-Encoding: chunked

[
    {
        "Version": 1,
        "Key": "294021",
        "Type": "City",
        "Rank": 10,
        "LocalizedName": "Минск",
        "EnglishName": "Minsk",
        "Country": {
            "ID": "BY",
            "EnglishName": "Belarus"
        },
        "GeoPosition": {
            "Latitude": 53.9,
            "Longitude": 27.5667
        }
    }
]
HTTP/1.1 200 OK
Content-Type: application/json
Matched-Stub-Id: 767ed2a1-d65f-498a-9e84-d458707c597f
Vary: Accept-Encoding, User-Agent
Content-Encoding: gzip
Transfer-Encoding: chunked

[
    {
        "Version": 1,
        "Key": "294021",
        "Type": "City",
        "Rank": 10,
        "LocalizedName": "Минск",
        "EnglishName": "Minsk",
        "Country": {
            "ID": "BY",
            "EnglishName": "Belarus"
        },
        "GeoPosition": {
            "Latitude": 53.9,
            "Longitude": 27.5667
        }
    }
]
HTTP/1.1 200 OK
Content-Type: application/json
Matched-Stub-Id: 767ed2a1-d65f-498a-9e84-d458707c597f
Vary: Accept-Encoding, User-Agent
Content-Encoding: gzip
Transfer-Encoding: chunked

[
    {
        "Version": 1,
        "Key": "294021",
        "Type": "City",
        "Rank": 10,
        "LocalizedName": "Минск",
        "EnglishName": "Minsk",
        "Country": {
            "ID": "BY",
            "EnglishName": "Belarus"
        },
        "GeoPosition": {
            "Latitude": 53.9,
            "Longitude": 27.5667
        }
    }
]
HTTP/1.1 200 OK
Content-Type: application/json
Matched-Stub-Id: 767ed2a1-d65f-498a-9e84-d458707c597f
Vary: Accept-Encoding, User-Agent
Content-Encoding: gzip
Transfer-Encoding: chunked

[
    {
        "Version": 1,
        "Key": "294021",
        "Type": "City",
        "Rank": 10,
        "LocalizedName": "Минск",
        "EnglishName": "Minsk",
        "Country": {
            "ID": "BY",
            "EnglishName": "Belarus"
        },
        "GeoPosition": {
            "Latitude": 53.9,
            "Longitude": 27.5667
        }
    }
]
HTTP/1.1 200 OK
Content-Type: application/json
Matched-Stub-Id: 767ed2a1-d65f-498a-9e84-d458707c597f
Vary: Accept-Encoding, User-Agent
Content-Encoding: gzip
Transfer-Encoding: chunked

[
    {
        "Version": 1,
        "Key": "294021",
        "Type": "City",
        "Rank": 10,
        "LocalizedName": "Минск",
        "EnglishName": "Minsk",
        "Country": {
            "ID": "BY",
            "EnglishName": "Belarus"
        },
        "GeoPosition": {
            "Latitude": 53.9,
            "Longitude": 27.5667
        }
    }
]
]]></system-out>
  </testcase>
  <testcase name="conditionsTopCities_mock" classname="study.api.AccuWeatherMockTests" time="0.461">
    <system-out><![CDATA[Request method:	GET
Request URI:	http://localhost:54820/currentconditions/v1/topcities/50?apikey=TEST
Proxy:			<none>
Request params:	<none>
Query params:	apikey=TEST
Form params:	<none>
Path params:	<none>
Headers:		Accept=*/*
Cookies:		<none>
Multiparts:		<none>
Body:			<none>
Request method:	GET
Request URI:	http://localhost:54820/currentconditions/v1/topcities/50?apikey=TEST
Proxy:			<none>
Request params:	<none>
Query params:	apikey=TEST
Form params:	<none>
Path params:	<none>
Headers:		Accept=*/*
Cookies:		<none>
Multiparts:		<none>
Body:			<none>
Request method:	GET
Request URI:	http://localhost:54820/currentconditions/v1/topcities/50?apikey=TEST
Proxy:			<none>
Request params:	<none>
Query params:	apikey=TEST
Form params:	<none>
Path params:	<none>
Headers:		Accept=*/*
Cookies:		<none>
Multiparts:		<none>
Body:			<none>
Request method:	GET
Request URI:	http://localhost:54820/currentconditions/v1/topcities/50?apikey=TEST
Proxy:			<none>
Request params:	<none>
Query params:	apikey=TEST
Form params:	<none>
Path params:	<none>
Headers:		Accept=*/*
Cookies:		<none>
Multiparts:		<none>
Body:			<none>
Request method:	GET
Request URI:	http://localhost:54820/currentconditions/v1/topcities/50?apikey=TEST
Proxy:			<none>
Request params:	<none>
Query params:	apikey=TEST
Form params:	<none>
Path params:	<none>
Headers:		Accept=*/*
Cookies:		<none>
Multiparts:		<none>
Body:			<none>
Request method:	GET
Request URI:	http://localhost:54820/currentconditions/v1/topcities/50?apikey=TEST
Proxy:			<none>
Request params:	<none>
Query params:	apikey=TEST
Form params:	<none>
Path params:	<none>
Headers:		Accept=*/*
Cookies:		<none>
Multiparts:		<none>
Body:			<none>
Request method:	GET
Request URI:	http://localhost:54820/currentconditions/v1/topcities/50?apikey=TEST
Proxy:			<none>
Request params:	<none>
Query params:	apikey=TEST
Form params:	<none>
Path params:	<none>
Headers:		Accept=*/*
Cookies:		<none>
Multiparts:		<none>
Body:			<none>
Request method:	GET
Request URI:	http://localhost:54820/currentconditions/v1/topcities/50?apikey=TEST
Proxy:			<none>
Request params:	<none>
Query params:	apikey=TEST
Form params:	<none>
Path params:	<none>
Headers:		Accept=*/*
Cookies:		<none>
Multiparts:		<none>
Body:			<none>
Request method:	GET
Request URI:	http://localhost:54820/currentconditions/v1/topcities/50?apikey=TEST
Proxy:			<none>
Request params:	<none>
Query params:	apikey=TEST
Form params:	<none>
Path params:	<none>
Headers:		Accept=*/*
Cookies:		<none>
Multiparts:		<none>
Body:			<none>
Request method:	GET
Request URI:	http://localhost:54820/currentconditions/v1/topcities/50?apikey=TEST
Proxy:			<none>
Request params:	<none>
Query params:	apikey=TEST
Form params:	<none>
Path params:	<none>
Headers:		Accept=*/*
Cookies:		<none>
Multiparts:		<none>
Body:			<none>
Request method:	GET
Request URI:	http://localhost:54820/currentconditions/v1/topcities/50?apikey=TEST
Proxy:			<none>
Request params:	<none>
Query params:	apikey=TEST
Form params:	<none>
Path params:	<none>
Headers:		Accept=*/*
Cookies:		<none>
Multiparts:		<none>
Body:			<none>
Request method:	GET
Request URI:	http://localhost:54820/currentconditions/v1/topcities/50?apikey=TEST
Proxy:			<none>
Request params:	<none>
Query params:	apikey=TEST
Form params:	<none>
Path params:	<none>
Headers:		Accept=*/*
Cookies:		<none>
Multiparts:		<none>
Body:			<none>
Request method:	GET
Request URI:	http://localhost:54820/currentconditions/v1/topcities/50?apikey=TEST
Proxy:			<none>
Request params:	<none>
Query params:	apikey=TEST
Form params:	<none>
Path params:	<none>
Headers:		Accept=*/*
Cookies:		<none>
Multiparts:		<none>
Body:			<none>
Request method:	GET
Request URI:	http://localhost:54820/currentconditions/v1/topcities/50?apikey=TEST
Proxy:			<none>
Request params:	<none>
Query params:	apikey=TEST
Form params:	<none>
Path params:	<none>
Headers:		Accept=*/*
Cookies:		<none>
Multiparts:		<none>
Body:			<none>
Request method:	GET
Request URI:	http://localhost:54820/currentconditions/v1/topcities/50?apikey=TEST
Proxy:			<none>
Request params:	<none>
Query params:	apikey=TEST
Form params:	<none>
Path params:	<none>
Headers:		Accept=*/*
Cookies:		<none>
Multiparts:		<none>
Body:			<none>
Request method:	GET
Request URI:	http://localhost:54820/currentconditions/v1/topcities/50?apikey=TEST
Proxy:			<none>
Request params:	<none>
Query params:	apikey=TEST
Form params:	<none>
Path params:	<none>
Headers:		Accept=*/*
Cookies:		<none>
Multiparts:		<none>
Body:			<none>
Request method:	GET
Request URI:	http://localhost:54820/currentconditions/v1/topcities/50?apikey=TEST
Proxy:			<none>
Request params:	<none>
Query params:	apikey=TEST
Form params:	<none>
Path params:	<none>
Headers:		Accept=*/*
Cookies:		<none>
Multiparts:		<none>
Body:			<none>
Request method:	GET
Request URI:	http://localhost:54820/currentconditions/v1/topcities/50?apikey=TEST
Proxy:			<none>
Request params:	<none>
Query params:	apikey=TEST
Form params:	<none>
Path params:	<none>
Headers:		Accept=*/*
Cookies:		<none>
Multiparts:		<none>
Body:			<none>
Request method:	GET
Request URI:	http://localhost:54820/currentconditions/v1/topcities/50?apikey=TEST
Proxy:			<none>
Request params:	<none>
Query params:	apikey=TEST
Form params:	<none>
Path params:	<none>
Headers:		Accept=*/*
Cookies:		<none>
Multiparts:		<none>
Body:			<none>
Request method:	GET
Request URI:	http://localhost:54820/currentconditions/v1/topcities/50?apikey=TEST
Proxy:			<none>
Request params:	<none>
Query params:	apikey=TEST
Form params:	<none>
Path params:	<none>
Headers:		Accept=*/*
Cookies:		<none>
Multiparts:		<none>
Body:			<none>
Request method:	GET
Request URI:	http://localhost:54820/currentconditions/v1/topcities/50?apikey=TEST
Proxy:			<none>
Request params:	<none>
Query params:	apikey=TEST
Form params:	<none>
Path params:	<none>
Headers:		Accept=*/*
Cookies:		<none>
Multiparts:		<none>
Body:			<none>
Request method:	GET
Request URI:	http://localhost:54820/currentconditions/v1/topcities/50?apikey=TEST
Proxy:			<none>
Request params:	<none>
Query params:	apikey=TEST
Form params:	<none>
Path params:	<none>
Headers:		Accept=*/*
Cookies:		<none>
Multiparts:		<none>
Body:			<none>
HTTP/1.1 200 OK
Content-Type: application/json
Matched-Stub-Id: 5cb6939c-d6c0-4a30-8061-b5f2e649af3c
Vary: Accept-Encoding, User-Agent
Content-Encoding: gzip
Transfer-Encoding: chunked

[
    {
        "Key": "349727",
        "WeatherText": "Sunny",
        "Temperature": {
            "Metric": {
                "Value": 25,
                "Unit": "C"
            }
        }
    },
    {
        "Key": "328328",
        "WeatherText": "Cloudy",
        "Temperature": {
            "Metric": {
                "Value": 16,
                "Unit": "C"
            }
        }
    }
]
HTTP/1.1 200 OK
Content-Type: application/json
Matched-Stub-Id: 5cb6939c-d6c0-4a30-8061-b5f2e649af3c
Vary: Accept-Encoding, User-Agent
Content-Encoding: gzip
Transfer-Encoding: chunked

[
    {
        "Key": "349727",
        "WeatherText": "Sunny",
        "Temperature": {
            "Metric": {
                "Value": 25,
                "Unit": "C"
            }
        }
    },
    {
        "Key": "328328",
        "WeatherText": "Cloudy",
        "Temperature": {
            "Metric": {
                "Value": 16,
                "Unit": "C"
            }
        }
    }
]
HTTP/1.1 200 OK
Content-Type: application/json
Matched-Stub-Id: 5cb6939c-d6c0-4a30-8061-b5f2e649af3c
Vary: Accept-Encoding, User-Agent
Content-Encoding: gzip
Transfer-Encoding: chunked

[
    {
        "Key": "349727",
        "WeatherText": "Sunny",
        "Temperature": {
            "Metric": {
                "Value": 25,
                "Unit": "C"
            }
        }
    },
    {
        "Key": "328328",
        "WeatherText": "Cloudy",
        "Temperature": {
            "Metric": {
                "Value": 16,
                "Unit": "C"
            }
        }
    }
]
HTTP/1.1 200 OK
Content-Type: application/json
Matched-Stub-Id: 5cb6939c-d6c0-4a30-8061-b5f2e649af3c
Vary: Accept-Encoding, User-Agent
Content-Encoding: gzip
Transfer-Encoding: chunked

[
    {
        "Key": "349727",
        "WeatherText": "Sunny",
        "Temperature": {
            "Metric": {
                "Value": 25,
                "Unit": "C"
            }
        }
    },
    {
        "Key": "328328",
        "WeatherText": "Cloudy",
        "Temperature": {
            "Metric": {
                "Value": 16,
                "Unit": "C"
            }
        }
    }
]
HTTP/1.1 200 OK
Content-Type: application/json
Matched-Stub-Id: 5cb6939c-d6c0-4a30-8061-b5f2e649af3c
Vary: Accept-Encoding, User-Agent
Content-Encoding: gzip
Transfer-Encoding: chunked

[
    {
        "Key": "349727",
        "WeatherText": "Sunny",
        "Temperature": {
            "Metric": {
                "Value": 25,
                "Unit": "C"
            }
        }
    },
    {
        "Key": "328328",
        "WeatherText": "Cloudy",
        "Temperature": {
            "Metric": {
                "Value": 16,
                "Unit": "C"
            }
        }
    }
]
HTTP/1.1 200 OK
Content-Type: application/json
Matched-Stub-Id: 5cb6939c-d6c0-4a30-8061-b5f2e649af3c
Vary: Accept-Encoding, User-Agent
Content-Encoding: gzip
Transfer-Encoding: chunked

[
    {
        "Key": "349727",
        "WeatherText": "Sunny",
        "Temperature": {
            "Metric": {
                "Value": 25,
                "Unit": "C"
            }
        }
    },
    {
        "Key": "328328",
        "WeatherText": "Cloudy",
        "Temperature": {
            "Metric": {
                "Value": 16,
                "Unit": "C"
            }
        }
    }
]
HTTP/1.1 200 OK
Content-Type: application/json
Matched-Stub-Id: 5cb6939c-d6c0-4a30-8061-b5f2e649af3c
Vary: Accept-Encoding, User-Agent
Content-Encoding: gzip
Transfer-Encoding: chunked

[
    {
        "Key": "349727",
        "WeatherText": "Sunny",
        "Temperature": {
            "Metric": {
                "Value": 25,
                "Unit": "C"
            }
        }
    },
    {
        "Key": "328328",
        "WeatherText": "Cloudy",
        "Temperature": {
            "Metric": {
                "Value": 16,
                "Unit": "C"
            }
        }
    }
]
HTTP/1.1 200 OK
Content-Type: application/json
Matched-Stub-Id: 5cb6939c-d6c0-4a30-8061-b5f2e649af3c
Vary: Accept-Encoding, User-Agent
Content-Encoding: gzip
Transfer-Encoding: chunked

[
    {
        "Key": "349727",
        "WeatherText": "Sunny",
        "Temperature": {
            "Metric": {
                "Value": 25,
                "Unit": "C"
            }
        }
    },
    {
        "Key": "328328",
        "WeatherText": "Cloudy",
        "Temperature": {
            "Metric": {
                "Value": 16,
                "Unit": "C"
            }
        }
    }
]
HTTP/1.1 200 OK
Content-Type: application/json
Matched-Stub-Id: 5cb6939c-d6c0-4a30-8061-b5f2e649af3c
Vary: Accept-Encoding, User-Agent
Content-Encoding: gzip
Transfer-Encoding: chunked

[
    {
        "Key": "349727",
        "WeatherText": "Sunny",
        "Temperature": {
            "Metric": {
                "Value": 25,
                "Unit": "C"
            }
        }
    },
    {
        "Key": "328328",
        "WeatherText": "Cloudy",
        "Temperature": {
            "Metric": {
                "Value": 16,
                "Unit": "C"
            }
        }
    }
]
HTTP/1.1 200 OK
Content-Type: application/json
Matched-Stub-Id: 5cb6939c-d6c0-4a30-8061-b5f2e649af3c
Vary: Accept-Encoding, User-Agent
Content-Encoding: gzip
Transfer-Encoding: chunked

[
    {
        "Key": "349727",
        "WeatherText": "Sunny",
        "Temperature": {
            "Metric": {
                "Value": 25,
                "Unit": "C"
            }
        }
    },
    {
        "Key": "328328",
        "WeatherText": "Cloudy",
        "Temperature": {
            "Metric": {
                "Value": 16,
                "Unit": "C"
            }
        }
    }
]
HTTP/1.1 200 OK
Content-Type: application/json
Matched-Stub-Id: 5cb6939c-d6c0-4a30-8061-b5f2e649af3c
Vary: Accept-Encoding, User-Agent
Content-Encoding: gzip
Transfer-Encoding: chunked

[
    {
        "Key": "349727",
        "WeatherText": "Sunny",
        "Temperature": {
            "Metric": {
                "Value": 25,
                "Unit": "C"
            }
        }
    },
    {
        "Key": "328328",
        "WeatherText": "Cloudy",
        "Temperature": {
            "Metric": {
                "Value": 16,
                "Unit": "C"
            }
        }
    }
]
HTTP/1.1 200 OK
Content-Type: application/json
Matched-Stub-Id: 5cb6939c-d6c0-4a30-8061-b5f2e649af3c
Vary: Accept-Encoding, User-Agent
Content-Encoding: gzip
Transfer-Encoding: chunked

[
    {
        "Key": "349727",
        "WeatherText": "Sunny",
        "Temperature": {
            "Metric": {
                "Value": 25,
                "Unit": "C"
            }
        }
    },
    {
        "Key": "328328",
        "WeatherText": "Cloudy",
        "Temperature": {
            "Metric": {
                "Value": 16,
                "Unit": "C"
            }
        }
    }
]
HTTP/1.1 200 OK
Content-Type: application/json
Matched-Stub-Id: 5cb6939c-d6c0-4a30-8061-b5f2e649af3c
Vary: Accept-Encoding, User-Agent
Content-Encoding: gzip
Transfer-Encoding: chunked

[
    {
        "Key": "349727",
        "WeatherText": "Sunny",
        "Temperature": {
            "Metric": {
                "Value": 25,
                "Unit": "C"
            }
        }
    },
    {
        "Key": "328328",
        "WeatherText": "Cloudy",
        "Temperature": {
            "Metric": {
                "Value": 16,
                "Unit": "C"
            }
        }
    }
]
HTTP/1.1 200 OK
Content-Type: application/json
Matched-Stub-Id: 5cb6939c-d6c0-4a30-8061-b5f2e649af3c
Vary: Accept-Encoding, User-Agent
Content-Encoding: gzip
Transfer-Encoding: chunked

[
    {
        "Key": "349727",
        "WeatherText": "Sunny",
        "Temperature": {
            "Metric": {
                "Value": 25,
                "Unit": "C"
            }
        }
    },
    {
        "Key": "328328",
        "WeatherText": "Cloudy",
        "Temperature": {
            "Metric": {
                "Value": 16,
                "Unit": "C"
            }
        }
    }
]
HTTP/1.1 200 OK
Content-Type: application/json
Matched-Stub-Id: 5cb6939c-d6c0-4a30-8061-b5f2e649af3c
Vary: Accept-Encoding, User-Agent
Content-Encoding: gzip
Transfer-Encoding: chunked

[
    {
        "Key": "349727",
        "WeatherText": "Sunny",
        "Temperature": {
            "Metric": {
                "Value": 25,
                "Unit": "C"
            }
        }
    },
    {
        "Key": "328328",
        "WeatherText": "Cloudy",
        "Temperature": {
            "Metric": {
                "Value": 16,
                "Unit": "C"
            }
        }
    }
]
HTTP/1.1 200 OK
Content-Type: application/json
Matched-Stub-Id: 5cb6939c-d6c0-4a30-8061-b5f2e649af3c
Vary: Accept-Encoding, User-Agent
Content-Encoding: gzip
Transfer-Encoding: chunked

[
    {
        "Key": "349727",
        "WeatherText": "Sunny",
        "Temperature": {
            "Metric": {
                "Value": 25,
                "Unit": "C"
            }
        }
    },
    {
        "Key": "328328",
        "WeatherText": "Cloudy",
        "Temperature": {
            "Metric": {
                "Value": 16,
                "Unit": "C"
            }
        }
    }
]
HTTP/1.1 200 OK
Content-Type: application/json
Matched-Stub-Id: 5cb6939c-d6c0-4a30-8061-b5f2e649af3c
Vary: Accept-Encoding, User-Agent
Content-Encoding: gzip
Transfer-Encoding: chunked

[
    {
        "Key": "349727",
        "WeatherText": "Sunny",
        "Temperature": {
            "Metric": {
                "Value": 25,
                "Unit": "C"
            }
        }
    },
    {
        "Key": "328328",
        "WeatherText": "Cloudy",
        "Temperature": {
            "Metric": {
                "Value": 16,
                "Unit": "C"
            }
        }
    }
]
HTTP/1.1 200 OK
Content-Type: application/json
Matched-Stub-Id: 5cb6939c-d6c0-4a30-8061-b5f2e649af3c
Vary: Accept-Encoding, User-Agent
Content-Encoding: gzip
Transfer-Encoding: chunked

[
    {
        "Key": "349727",
        "WeatherText": "Sunny",
        "Temperature": {
            "Metric": {
                "Value": 25,
                "Unit": "C"
            }
        }
    },
    {
        "Key": "328328",
        "WeatherText": "Cloudy",
        "Temperature": {
            "Metric": {
                "Value": 16,
                "Unit": "C"
            }
        }
    }
]
HTTP/1.1 200 OK
Content-Type: application/json
Matched-Stub-Id: 5cb6939c-d6c0-4a30-8061-b5f2e649af3c
Vary: Accept-Encoding, User-Agent
Content-Encoding: gzip
Transfer-Encoding: chunked

[
    {
        "Key": "349727",
        "WeatherText": "Sunny",
        "Temperature": {
            "Metric": {
                "Value": 25,
                "Unit": "C"
            }
        }
    },
    {
        "Key": "328328",
        "WeatherText": "Cloudy",
        "Temperature": {
            "Metric": {
                "Value": 16,
                "Unit": "C"
            }
        }
    }
]
HTTP/1.1 200 OK
Content-Type: application/json
Matched-Stub-Id: 5cb6939c-d6c0-4a30-8061-b5f2e649af3c
Vary: Accept-Encoding, User-Agent
Content-Encoding: gzip
Transfer-Encoding: chunked

[
    {
        "Key": "349727",
        "WeatherText": "Sunny",
        "Temperature": {
            "Metric": {
                "Value": 25,
                "Unit": "C"
            }
        }
    },
    {
        "Key": "328328",
        "WeatherText": "Cloudy",
        "Temperature": {
            "Metric": {
                "Value": 16,
                "Unit": "C"
            }
        }
    }
]
HTTP/1.1 200 OK
Content-Type: application/json
Matched-Stub-Id: 5cb6939c-d6c0-4a30-8061-b5f2e649af3c
Vary: Accept-Encoding, User-Agent
Content-Encoding: gzip
Transfer-Encoding: chunked

[
    {
        "Key": "349727",
        "WeatherText": "Sunny",
        "Temperature": {
            "Metric": {
                "Value": 25,
                "Unit": "C"
            }
        }
    },
    {
        "Key": "328328",
        "WeatherText": "Cloudy",
        "Temperature": {
            "Metric": {
                "Value": 16,
                "Unit": "C"
            }
        }
    }
]
HTTP/1.1 200 OK
Content-Type: application/json
Matched-Stub-Id: 5cb6939c-d6c0-4a30-8061-b5f2e649af3c
Vary: Accept-Encoding, User-Agent
Content-Encoding: gzip
Transfer-Encoding: chunked

[
    {
        "Key": "349727",
        "WeatherText": "Sunny",
        "Temperature": {
            "Metric": {
                "Value": 25,
                "Unit": "C"
            }
        }
    },
    {
        "Key": "328328",
        "WeatherText": "Cloudy",
        "Temperature": {
            "Metric": {
                "Value": 16,
                "Unit": "C"
            }
        }
    }
]
]]></system-out>
  </testcase>
  <testcase name="forecast1day_mock" classname="study.api.AccuWeatherMockTests" time="0.054">
    <system-out><![CDATA[Request method:	GET
Request URI:	http://localhost:54820/forecasts/v1/daily/1day/294021?apikey=TEST&language=ru-ru&metric=true
Proxy:			<none>
Request params:	<none>
Query params:	apikey=TEST
				language=ru-ru
				metric=true
Form params:	<none>
Path params:	<none>
Headers:		Accept=*/*
Cookies:		<none>
Multiparts:		<none>
Body:			<none>
Request method:	GET
Request URI:	http://localhost:54820/forecasts/v1/daily/1day/294021?apikey=TEST&language=ru-ru&metric=true
Proxy:			<none>
Request params:	<none>
Query params:	apikey=TEST
				language=ru-ru
				metric=true
Form params:	<none>
Path params:	<none>
Headers:		Accept=*/*
Cookies:		<none>
Multiparts:		<none>
Body:			<none>
Request method:	GET
Request URI:	http://localhost:54820/forecasts/v1/daily/1day/294021?apikey=TEST&language=ru-ru&metric=true
Proxy:			<none>
Request params:	<none>
Query params:	apikey=TEST
				language=ru-ru
				metric=true
Form params:	<none>
Path params:	<none>
Headers:		Accept=*/*
Cookies:		<none>
Multiparts:		<none>
Body:			<none>
Request method:	GET
Request URI:	http://localhost:54820/forecasts/v1/daily/1day/294021?apikey=TEST&language=ru-ru&metric=true
Proxy:			<none>
Request params:	<none>
Query params:	apikey=TEST
				language=ru-ru
				metric=true
Form params:	<none>
Path params:	<none>
Headers:		Accept=*/*
Cookies:		<none>
Multiparts:		<none>
Body:			<none>
Request method:	GET
Request URI:	http://localhost:54820/forecasts/v1/daily/1day/294021?apikey=TEST&language=ru-ru&metric=true
Proxy:			<none>
Request params:	<none>
Query params:	apikey=TEST
				language=ru-ru
				metric=true
Form params:	<none>
Path params:	<none>
Headers:		Accept=*/*
Cookies:		<none>
Multiparts:		<none>
Body:			<none>
Request method:	GET
Request URI:	http://localhost:54820/forecasts/v1/daily/1day/294021?apikey=TEST&language=ru-ru&metric=true
Proxy:			<none>
Request params:	<none>
Query params:	apikey=TEST
				language=ru-ru
				metric=true
Form params:	<none>
Path params:	<none>
Headers:		Accept=*/*
Cookies:		<none>
Multiparts:		<none>
Body:			<none>
Request method:	GET
Request URI:	http://localhost:54820/forecasts/v1/daily/1day/294021?apikey=TEST&language=ru-ru&metric=true
Proxy:			<none>
Request params:	<none>
Query params:	apikey=TEST
				language=ru-ru
				metric=true
Form params:	<none>
Path params:	<none>
Headers:		Accept=*/*
Cookies:		<none>
Multiparts:		<none>
Body:			<none>
Request method:	GET
Request URI:	http://localhost:54820/forecasts/v1/daily/1day/294021?apikey=TEST&language=ru-ru&metric=true
Proxy:			<none>
Request params:	<none>
Query params:	apikey=TEST
				language=ru-ru
				metric=true
Form params:	<none>
Path params:	<none>
Headers:		Accept=*/*
Cookies:		<none>
Multiparts:		<none>
Body:			<none>
Request method:	GET
Request URI:	http://localhost:54820/forecasts/v1/daily/1day/294021?apikey=TEST&language=ru-ru&metric=true
Proxy:			<none>
Request params:	<none>
Query params:	apikey=TEST
				language=ru-ru
				metric=true
Form params:	<none>
Path params:	<none>
Headers:		Accept=*/*
Cookies:		<none>
Multiparts:		<none>
Body:			<none>
Request method:	GET
Request URI:	http://localhost:54820/forecasts/v1/daily/1day/294021?apikey=TEST&language=ru-ru&metric=true
Proxy:			<none>
Request params:	<none>
Query params:	apikey=TEST
				language=ru-ru
				metric=true
Form params:	<none>
Path params:	<none>
Headers:		Accept=*/*
Cookies:		<none>
Multiparts:		<none>
Body:			<none>
Request method:	GET
Request URI:	http://localhost:54820/forecasts/v1/daily/1day/294021?apikey=TEST&language=ru-ru&metric=true
Proxy:			<none>
Request params:	<none>
Query params:	apikey=TEST
				language=ru-ru
				metric=true
Form params:	<none>
Path params:	<none>
Headers:		Accept=*/*
Cookies:		<none>
Multiparts:		<none>
Body:			<none>
Request method:	GET
Request URI:	http://localhost:54820/forecasts/v1/daily/1day/294021?apikey=TEST&language=ru-ru&metric=true
Proxy:			<none>
Request params:	<none>
Query params:	apikey=TEST
				language=ru-ru
				metric=true
Form params:	<none>
Path params:	<none>
Headers:		Accept=*/*
Cookies:		<none>
Multiparts:		<none>
Body:			<none>
Request method:	GET
Request URI:	http://localhost:54820/forecasts/v1/daily/1day/294021?apikey=TEST&language=ru-ru&metric=true
Proxy:			<none>
Request params:	<none>
Query params:	apikey=TEST
				language=ru-ru
				metric=true
Form params:	<none>
Path params:	<none>
Headers:		Accept=*/*
Cookies:		<none>
Multiparts:		<none>
Body:			<none>
Request method:	GET
Request URI:	http://localhost:54820/forecasts/v1/daily/1day/294021?apikey=TEST&language=ru-ru&metric=true
Proxy:			<none>
Request params:	<none>
Query params:	apikey=TEST
				language=ru-ru
				metric=true
Form params:	<none>
Path params:	<none>
Headers:		Accept=*/*
Cookies:		<none>
Multiparts:		<none>
Body:			<none>
Request method:	GET
Request URI:	http://localhost:54820/forecasts/v1/daily/1day/294021?apikey=TEST&language=ru-ru&metric=true
Proxy:			<none>
Request params:	<none>
Query params:	apikey=TEST
				language=ru-ru
				metric=true
Form params:	<none>
Path params:	<none>
Headers:		Accept=*/*
Cookies:		<none>
Multiparts:		<none>
Body:			<none>
Request method:	GET
Request URI:	http://localhost:54820/forecasts/v1/daily/1day/294021?apikey=TEST&language=ru-ru&metric=true
Proxy:			<none>
Request params:	<none>
Query params:	apikey=TEST
				language=ru-ru
				metric=true
Form params:	<none>
Path params:	<none>
Headers:		Accept=*/*
Cookies:		<none>
Multiparts:		<none>
Body:			<none>
Request method:	GET
Request URI:	http://localhost:54820/forecasts/v1/daily/1day/294021?apikey=TEST&language=ru-ru&metric=true
Proxy:			<none>
Request params:	<none>
Query params:	apikey=TEST
				language=ru-ru
				metric=true
Form params:	<none>
Path params:	<none>
Headers:		Accept=*/*
Cookies:		<none>
Multiparts:		<none>
Body:			<none>
Request method:	GET
Request URI:	http://localhost:54820/forecasts/v1/daily/1day/294021?apikey=TEST&language=ru-ru&metric=true
Proxy:			<none>
Request params:	<none>
Query params:	apikey=TEST
				language=ru-ru
				metric=true
Form params:	<none>
Path params:	<none>
Headers:		Accept=*/*
Cookies:		<none>
Multiparts:		<none>
Body:			<none>
Request method:	GET
Request URI:	http://localhost:54820/forecasts/v1/daily/1day/294021?apikey=TEST&language=ru-ru&metric=true
Proxy:			<none>
Request params:	<none>
Query params:	apikey=TEST
				language=ru-ru
				metric=true
Form params:	<none>
Path params:	<none>
Headers:		Accept=*/*
Cookies:		<none>
Multiparts:		<none>
Body:			<none>
Request method:	GET
Request URI:	http://localhost:54820/forecasts/v1/daily/1day/294021?apikey=TEST&language=ru-ru&metric=true
Proxy:			<none>
Request params:	<none>
Query params:	apikey=TEST
				language=ru-ru
				metric=true
Form params:	<none>
Path params:	<none>
Headers:		Accept=*/*
Cookies:		<none>
Multiparts:		<none>
Body:			<none>
Request method:	GET
Request URI:	http://localhost:54820/forecasts/v1/daily/1day/294021?apikey=TEST&language=ru-ru&metric=true
Proxy:			<none>
Request params:	<none>
Query params:	apikey=TEST
				language=ru-ru
				metric=true
Form params:	<none>
Path params:	<none>
Headers:		Accept=*/*
Cookies:		<none>
Multiparts:		<none>
Body:			<none>
Request method:	GET
Request URI:	http://localhost:54820/forecasts/v1/daily/1day/294021?apikey=TEST&language=ru-ru&metric=true
Proxy:			<none>
Request params:	<none>
Query params:	apikey=TEST
				language=ru-ru
				metric=true
Form params:	<none>
Path params:	<none>
Headers:		Accept=*/*
Cookies:		<none>
Multiparts:		<none>
Body:			<none>
Request method:	GET
Request URI:	http://localhost:54820/forecasts/v1/daily/1day/294021?apikey=TEST&language=ru-ru&metric=true
Proxy:			<none>
Request params:	<none>
Query params:	apikey=TEST
				language=ru-ru
				metric=true
Form params:	<none>
Path params:	<none>
Headers:		Accept=*/*
Cookies:		<none>
Multiparts:		<none>
Body:			<none>
HTTP/1.1 200 OK
Content-Type: application/json
Matched-Stub-Id: 1ab60c7c-ae09-4f18-93e1-b74a743430f4
Vary: Accept-Encoding, User-Agent
Content-Encoding: gzip
Transfer-Encoding: chunked

{
    "Headline": {
        "Text": "Облачно с прояснениями"
    },
    "DailyForecasts": [
        {
            "Date": "2024-01-01T07:00:00+03:00",
            "Temperature": {
                "Minimum": {
                    "Value": -3,
                    "Unit": "C"
                },
                "Maximum": {
                    "Value": 1,
                    "Unit": "C"
                }
            },
            "Day": {
                "IconPhrase": "Облачно"
            },
            "Night": {
                "IconPhrase": "Снег"
            }
        }
    ]
}
HTTP/1.1 200 OK
Content-Type: application/json
Matched-Stub-Id: 1ab60c7c-ae09-4f18-93e1-b74a743430f4
Vary: Accept-Encoding, User-Agent
Content-Encoding: gzip
Transfer-Encoding: chunked

{
    "Headline": {
        "Text": "Облачно с прояснениями"
    },
    "DailyForecasts": [
        {
            "Date": "2024-01-01T07:00:00+03:00",
            "Temperature": {
                "Minimum": {
                    "Value": -3,
                    "Unit": "C"
                },
                "Maximum": {
                    "Value": 1,
                    "Unit": "C"
                }
            },
            "Day": {
                "IconPhrase": "Облачно"
            },
            "Night": {
                "IconPhrase": "Снег"
            }
        }
    ]
}
HTTP/1.1 200 OK
Content-Type: application/json
Matched-Stub-Id: 1ab60c7c-ae09-4f18-93e1-b74a743430f4
Vary: Accept-Encoding, User-Agent
Content-Encoding: gzip
Transfer-Encoding: chunked

{
    "Headline": {
        "Text": "Облачно с прояснениями"
    },
    "DailyForecasts": [
        {
            "Date": "2024-01-01T07:00:00+03:00",
            "Temperature": {
                "Minimum": {
                    "Value": -3,
                    "Unit": "C"
                },
                "Maximum": {
                    "Value": 1,
                    "Unit": "C"
                }
            },
            "Day": {
                "IconPhrase": "Облачно"
            },
            "Night": {
                "IconPhrase": "Снег"
            }
        }
    ]
}
HTTP/1.1 200 OK
Content-Type: application/json
Matched-Stub-Id: 1ab60c7c-ae09-4f18-93e1-b74a743430f4
Vary: Accept-Encoding, User-Agent
Content-Encoding: gzip
Transfer-Encoding: chunked

{
    "Headline": {
        "Text": "Облачно с прояснениями"
    },
    "DailyForecasts": [
        {
            "Date": "2024-01-01T07:00:00+03:00",
            "Temperature": {
                "Minimum": {
                    "Value": -3,
                    "Unit": "C"
                },
                "Maximum": {
                    "Value": 1,
                    "Unit": "C"
                }
            },
            "Day": {
                "IconPhrase": "Облачно"
            },
            "Night": {
                "IconPhrase": "Снег"
            }
        }
    ]
}
HTTP/1.1 200 OK
Content-Type: application/json
Matched-Stub-Id: 1ab60c7c-ae09-4f18-93e1-b74a743430f4
Vary: Accept-Encoding, User-Agent
Content-Encoding: gzip
Transfer-Encoding: chunked

{
    "Headline": {
        "Text": "Облачно с прояснениями"
    },
    "DailyForecasts": [
        {
            "Date": "2024-01-01T07:00:00+03:00",
            "Temperature": {
                "Minimum": {
                    "Value": -3,
                    "Unit": "C"
                },
                "Maximum": {
                    "Value": 1,
                    "Unit": "C"
                }
            },
            "Day": {
                "IconPhrase": "Облачно"
            },
            "Night": {
                "IconPhrase": "Снег"
            }
        }
    ]
}
HTTP/1.1 200 OK
Content-Type: application/json
Matched-Stub-Id: 1ab60c7c-ae09-4f18-93e1-b74a743430f4
Vary: Accept-Encoding, User-Agent
Content-Encoding: gzip
Transfer-Encoding: chunked

{
    "Headline": {
        "Text": "Облачно с прояснениями"
    },
    "DailyForecasts": [
        {
            "Date": "2024-01-01T07:00:00+03:00",
            "Temperature": {
                "Minimum": {
                    "Value": -3,
                    "Unit": "C"
                },
                "Maximum": {
                    "Value": 1,
                    "Unit": "C"
                }
            },
            "Day": {
                "IconPhrase": "Облачно"
            },
            "Night": {
                "IconPhrase": "Снег"
            }
        }
    ]
}
HTTP/1.1 200 OK
Content-Type: application/json
Matched-Stub-Id: 1ab60c7c-ae09-4f18-93e1-b74a743430f4
Vary: Accept-Encoding, User-Agent
Content-Encoding: gzip
Transfer-Encoding: chunked

{
    "Headline": {
        "Text": "Облачно с прояснениями"
    },
    "DailyForecasts": [
        {
            "Date": "2024-01-01T07:00:00+03:00",
            "Temperature": {
                "Minimum": {
                    "Value": -3,
                    "Unit": "C"
                },
                "Maximum": {
                    "Value": 1,
                    "Unit": "C"
                }
            },
            "Day": {
                "IconPhrase": "Облачно"
            },
            "Night": {
                "IconPhrase": "Снег"
            }
        }
    ]
}
HTTP/1.1 200 OK
Content-Type: application/json
Matched-Stub-Id: 1ab60c7c-ae09-4f18-93e1-b74a743430f4
Vary: Accept-Encoding, User-Agent
Content-Encoding: gzip
Transfer-Encoding: chunked

{
    "Headline": {
        "Text": "Облачно с прояснениями"
    },
    "DailyForecasts": [
        {
            "Date": "2024-01-01T07:00:00+03:00",
            "Temperature": {
                "Minimum": {
                    "Value": -3,
                    "Unit": "C"
                },
                "Maximum": {
                    "Value": 1,
                    "Unit": "C"
                }
            },
            "Day": {
                "IconPhrase": "Облачно"
            },
            "Night": {
                "IconPhrase": "Снег"
            }
        }
    ]
}
HTTP/1.1 200 OK
Content-Type: application/json
Matched-Stub-Id: 1ab60c7c-ae09-4f18-93e1-b74a743430f4
Vary: Accept-Encoding, User-Agent
Content-Encoding: gzip
Transfer-Encoding: chunked

{
    "Headline": {
        "Text": "Облачно с прояснениями"
    },
    "DailyForecasts": [
        {
            "Date": "2024-01-01T07:00:00+03:00",
            "Temperature": {
                "Minimum": {
                    "Value": -3,
                    "Unit": "C"
                },
                "Maximum": {
                    "Value": 1,
                    "Unit": "C"
                }
            },
            "Day": {
                "IconPhrase": "Облачно"
            },
            "Night": {
                "IconPhrase": "Снег"
            }
        }
    ]
}
HTTP/1.1 200 OK
Content-Type: application/json
Matched-Stub-Id: 1ab60c7c-ae09-4f18-93e1-b74a743430f4
Vary: Accept-Encoding, User-Agent
Content-Encoding: gzip
Transfer-Encoding: chunked

{
    "Headline": {
        "Text": "Облачно с прояснениями"
    },
    "DailyForecasts": [
        {
            "Date": "2024-01-01T07:00:00+03:00",
            "Temperature": {
                "Minimum": {
                    "Value": -3,
                    "Unit": "C"
                },
                "Maximum": {
                    "Value": 1,
                    "Unit": "C"
                }
            },
            "Day": {
                "IconPhrase": "Облачно"
            },
            "Night": {
                "IconPhrase": "Снег"
            }
        }
    ]
}
HTTP/1.1 200 OK
Content-Type: application/json
Matched-Stub-Id: 1ab60c7c-ae09-4f18-93e1-b74a743430f4
Vary: Accept-Encoding, User-Agent
Content-Encoding: gzip
Transfer-Encoding: chunked

{
    "Headline": {
        "Text": "Облачно с прояснениями"
    },
    "DailyForecasts": [
        {
            "Date": "2024-01-01T07:00:00+03:00",
            "Temperature": {
                "Minimum": {
                    "Value": -3,
                    "Unit": "C"
                },
                "Maximum": {
                    "Value": 1,
                    "Unit": "C"
                }
            },
            "Day": {
                "IconPhrase": "Облачно"
            },
            "Night": {
                "IconPhrase": "Снег"
            }
        }
    ]
}
HTTP/1.1 200 OK
Content-Type: application/json
Matched-Stub-Id: 1ab60c7c-ae09-4f18-93e1-b74a743430f4
Vary: Accept-Encoding, User-Agent
Content-Encoding: gzip
Transfer-Encoding: chunked

{
    "Headline": {
        "Text": "Облачно с прояснениями"
    },
    "DailyForecasts": [
        {
            "Date": "2024-01-01T07:00:00+03:00",
            "Temperature": {
                "Minimum": {
                    "Value": -3,
                    "Unit": "C"
                },
                "Maximum": {
                    "Value": 1,
                    "Unit": "C"
                }
            },
            "Day": {
                "IconPhrase": "Облачно"
            },
            "Night": {
                "IconPhrase": "Снег"
            }
        }
    ]
}
HTTP/1.1 200 OK
Content-Type: application/json
Matched-Stub-Id: 1ab60c7c-ae09-4f18-93e1-b74a743430f4
Vary: Accept-Encoding, User-Agent
Content-Encoding: gzip
Transfer-Encoding: chunked

{
    "Headline": {
        "Text": "Облачно с прояснениями"
    },
    "DailyForecasts": [
        {
            "Date": "2024-01-01T07:00:00+03:00",
            "Temperature": {
                "Minimum": {
                    "Value": -3,
                    "Unit": "C"
                },
                "Maximum": {
                    "Value": 1,
                    "Unit": "C"
                }
            },
            "Day": {
                "IconPhrase": "Облачно"
            },
            "Night": {
                "IconPhrase": "Снег"
            }
        }
    ]
}
HTTP/1.1 200 OK
Content-Type: application/json
Matched-Stub-Id: 1ab60c7c-ae09-4f18-93e1-b74a743430f4
Vary: Accept-Encoding, User-Agent
Content-Encoding: gzip
Transfer-Encoding: chunked

{
    "Headline": {
        "Text": "Облачно с прояснениями"
    },
    "DailyForecasts": [
        {
            "Date": "2024-01-01T07:00:00+03:00",
            "Temperature": {
                "Minimum": {
                    "Value": -3,
                    "Unit": "C"
                },
                "Maximum": {
                    "Value": 1,
                    "Unit": "C"
                }
            },
            "Day": {
                "IconPhrase": "Облачно"
            },
            "Night": {
                "IconPhrase": "Снег"
            }
        }
    ]
}
HTTP/1.1 200 OK
Content-Type: application/json
Matched-Stub-Id: 1ab60c7c-ae09-4f18-93e1-b74a743430f4
Vary: Accept-Encoding, User-Agent
Content-Encoding: gzip
Transfer-Encoding: chunked

{
    "Headline": {
        "Text": "Облачно с прояснениями"
    },
    "DailyForecasts": [
        {
            "Date": "2024-01-01T07:00:00+03:00",
            "Temperature": {
                "Minimum": {
                    "Value": -3,
                    "Unit": "C"
                },
                "Maximum": {
                    "Value": 1,
                    "Unit": "C"
                }
            },
            "Day": {
                "IconPhrase": "Облачно"
            },
            "Night": {
                "IconPhrase": "Снег"
            }
        }
    ]
}
HTTP/1.1 200 OK
Content-Type: application/json
Matched-Stub-Id: 1ab60c7c-ae09-4f18-93e1-b74a743430f4
Vary: Accept-Encoding, User-Agent
Content-Encoding: gzip
Transfer-Encoding: chunked

{
    "Headline": {
        "Text": "Облачно с прояснениями"
    },
    "DailyForecasts": [
        {
            "Date": "2024-01-01T07:00:00+03:00",
            "Temperature": {
                "Minimum": {
                    "Value": -3,
                    "Unit": "C"
                },
                "Maximum": {
                    "Value": 1,
                    "Unit": "C"
                }
            },
            "Day": {
                "IconPhrase": "Облачно"
            },
            "Night": {
                "IconPhrase": "Снег"
            }
        }
    ]
}
HTTP/1.1 200 OK
Content-Type: application/json
Matched-Stub-Id: 1ab60c7c-ae09-4f18-93e1-b74a743430f4
Vary: Accept-Encoding, User-Agent
Content-Encoding: gzip
Transfer-Encoding: chunked

{
    "Headline": {
        "Text": "Облачно с прояснениями"
    },
    "DailyForecasts": [
        {
            "Date": "2024-01-01T07:00:00+03:00",
            "Temperature": {
                "Minimum": {
                    "Value": -3,
                    "Unit": "C"
                },
                "Maximum": {
                    "Value": 1,
                    "Unit": "C"
                }
            },
            "Day": {
                "IconPhrase": "Облачно"
            },
            "Night": {
                "IconPhrase": "Снег"
            }
        }
    ]
}
HTTP/1.1 200 OK
Content-Type: application/json
Matched-Stub-Id: 1ab60c7c-ae09-4f18-93e1-b74a743430f4
Vary: Accept-Encoding, User-Agent
Content-Encoding: gzip
Transfer-Encoding: chunked

{
    "Headline": {
        "Text": "Облачно с прояснениями"
    },
    "DailyForecasts": [
        {
            "Date": "2024-01-01T07:00:00+03:00",
            "Temperature": {
                "Minimum": {
                    "Value": -3,
                    "Unit": "C"
                },
                "Maximum": {
                    "Value": 1,
                    "Unit": "C"
                }
            },
            "Day": {
                "IconPhrase": "Облачно"
            },
            "Night": {
                "IconPhrase": "Снег"
            }
        }
    ]
}
HTTP/1.1 200 OK
Content-Type: application/json
Matched-Stub-Id: 1ab60c7c-ae09-4f18-93e1-b74a743430f4
Vary: Accept-Encoding, User-Agent
Content-Encoding: gzip
Transfer-Encoding: chunked

{
    "Headline": {
        "Text": "Облачно с прояснениями"
    },
    "DailyForecasts": [
        {
            "Date": "2024-01-01T07:00:00+03:00",
            "Temperature": {
                "Minimum": {
                    "Value": -3,
                    "Unit": "C"
                },
                "Maximum": {
                    "Value": 1,
                    "Unit": "C"
                }
            },
            "Day": {
                "IconPhrase": "Облачно"
            },
            "Night": {
                "IconPhrase": "Снег"
            }
        }
    ]
}
HTTP/1.1 200 OK
Content-Type: application/json
Matched-Stub-Id: 1ab60c7c-ae09-4f18-93e1-b74a743430f4
Vary: Accept-Encoding, User-Agent
Content-Encoding: gzip
Transfer-Encoding: chunked

{
    "Headline": {
        "Text": "Облачно с прояснениями"
    },
    "DailyForecasts": [
        {
            "Date": "2024-01-01T07:00:00+03:00",
            "Temperature": {
                "Minimum": {
                    "Value": -3,
                    "Unit": "C"
                },
                "Maximum": {
                    "Value": 1,
                    "Unit": "C"
                }
            },
            "Day": {
                "IconPhrase": "Облачно"
            },
            "Night": {
                "IconPhrase": "Снег"
            }
        }
    ]
}
HTTP/1.1 200 OK
Content-Type: application/json
Matched-Stub-Id: 1ab60c7c-ae09-4f18-93e1-b74a743430f4
Vary: Accept-Encoding, User-Agent
Content-Encoding: gzip
Transfer-Encoding: chunked

{
    "Headline": {
        "Text": "Облачно с прояснениями"
    },
    "DailyForecasts": [
        {
            "Date": "2024-01-01T07:00:00+03:00",
            "Temperature": {
                "Minimum": {
                    "Value": -3,
                    "Unit": "C"
                },
                "Maximum": {
                    "Value": 1,
                    "Unit": "C"
                }
            },
            "Day": {
                "IconPhrase": "Облачно"
            },
            "Night": {
                "IconPhrase": "Снег"
            }
        }
    ]
}
HTTP/1.1 200 OK
Content-Type: application/json
Matched-Stub-Id: 1ab60c7c-ae09-4f18-93e1-b74a743430f4
Vary: Accept-Encoding, User-Agent
Content-Encoding: gzip
Transfer-Encoding: chunked

{
    "Headline": {
        "Text": "Облачно с прояснениями"
    },
    "DailyForecasts": [
        {
            "Date": "2024-01-01T07:00:00+03:00",
            "Temperature": {
                "Minimum": {
                    "Value": -3,
                    "Unit": "C"
                },
                "Maximum": {
                    "Value": 1,
                    "Unit": "C"
                }
            },
            "Day": {
                "IconPhrase": "Облачно"
            },
            "Night": {
                "IconPhrase": "Снег"
            }
        }
    ]
}
HTTP/1.1 200 OK
Content-Type: application/json
Matched-Stub-Id: 1ab60c7c-ae09-4f18-93e1-b74a743430f4
Vary: Accept-Encoding, User-Agent
Content-Encoding: gzip
Transfer-Encoding: chunked

{
    "Headline": {
        "Text": "Облачно с прояснениями"
    },
    "DailyForecasts": [
        {
            "Date": "2024-01-01T07:00:00+03:00",
            "Temperature": {
                "Minimum": {
                    "Value": -3,
                    "Unit": "C"
                },
                "Maximum": {
                    "Value": 1,
                    "Unit": "C"
                }
            },
            "Day": {
                "IconPhrase": "Облачно"
            },
            "Night": {
                "IconPhrase": "Снег"
            }
        }
    ]
}
]]></system-out>
  </testcase>
  <testcase name="forecast5day_mock" classname="study.api.AccuWeatherMockTests" time="0.062">
    <system-out><![CDATA[Request method:	GET
Request URI:	http://localhost:54820/forecasts/v1/daily/5day/294021?apikey=TEST&metric=true
Proxy:			<none>
Request params:	<none>
Query params:	apikey=TEST
				metric=true
Form params:	<none>
Path params:	<none>
Headers:		Accept=*/*
Cookies:		<none>
Multiparts:		<none>
Body:			<none>
Request method:	GET
Request URI:	http://localhost:54820/forecasts/v1/daily/5day/294021?apikey=TEST&metric=true
Proxy:			<none>
Request params:	<none>
Query params:	apikey=TEST
				metric=true
Form params:	<none>
Path params:	<none>
Headers:		Accept=*/*
Cookies:		<none>
Multiparts:		<none>
Body:			<none>
Request method:	GET
Request URI:	http://localhost:54820/forecasts/v1/daily/5day/294021?apikey=TEST&metric=true
Proxy:			<none>
Request params:	<none>
Query params:	apikey=TEST
				metric=true
Form params:	<none>
Path params:	<none>
Headers:		Accept=*/*
Cookies:		<none>
Multiparts:		<none>
Body:			<none>
Request method:	GET
Request URI:	http://localhost:54820/forecasts/v1/daily/5day/294021?apikey=TEST&metric=true
Proxy:			<none>
Request params:	<none>
Query params:	apikey=TEST
				metric=true
Form params:	<none>
Path params:	<none>
Headers:		Accept=*/*
Cookies:		<none>
Multiparts:		<none>
Body:			<none>
Request method:	GET
Request URI:	http://localhost:54820/forecasts/v1/daily/5day/294021?apikey=TEST&metric=true
Proxy:			<none>
Request params:	<none>
Query params:	apikey=TEST
				metric=true
Form params:	<none>
Path params:	<none>
Headers:		Accept=*/*
Cookies:		<none>
Multiparts:		<none>
Body:			<none>
Request method:	GET
Request URI:	http://localhost:54820/forecasts/v1/daily/5day/294021?apikey=TEST&metric=true
Proxy:			<none>
Request params:	<none>
Query params:	apikey=TEST
				metric=true
Form params:	<none>
Path params:	<none>
Headers:		Accept=*/*
Cookies:		<none>
Multiparts:		<none>
Body:			<none>
Request method:	GET
Request URI:	http://localhost:54820/forecasts/v1/daily/5day/294021?apikey=TEST&metric=true
Proxy:			<none>
Request params:	<none>
Query params:	apikey=TEST
				metric=true
Form params:	<none>
Path params:	<none>
Headers:		Accept=*/*
Cookies:		<none>
Multiparts:		<none>
Body:			<none>
Request method:	GET
Request URI:	http://localhost:54820/forecasts/v1/daily/5day/294021?apikey=TEST&metric=true
Proxy:			<none>
Request params:	<none>
Query params:	apikey=TEST
				metric=true
Form params:	<none>
Path params:	<none>
Headers:		Accept=*/*
Cookies:		<none>
Multiparts:		<none>
Body:			<none>
Request method:	GET
Request URI:	http://localhost:54820/forecasts/v1/daily/5day/294021?apikey=TEST&metric=true
Proxy:			<none>
Request params:	<none>
Query params:	apikey=TEST
				metric=true
Form params:	<none>
Path params:	<none>
Headers:		Accept=*/*
Cookies:		<none>
Multiparts:		<none>
Body:			<none>
Request method:	GET
Request URI:	http://localhost:54820/forecasts/v1/daily/5day/294021?apikey=TEST&metric=true
Proxy:			<none>
Request params:	<none>
Query params:	apikey=TEST
				metric=true
Form params:	<none>
Path params:	<none>
Headers:		Accept=*/*
Cookies:		<none>
Multiparts:		<none>
Body:			<none>
Request method:	GET
Request URI:	http://localhost:54820/forecasts/v1/daily/5day/294021?apikey=TEST&metric=true
Proxy:			<none>
Request params:	<none>
Query params:	apikey=TEST
				metric=true
Form params:	<none>
Path params:	<none>
Headers:		Accept=*/*
Cookies:		<none>
Multiparts:		<none>
Body:			<none>
Request method:	GET
Request URI:	http://localhost:54820/forecasts/v1/daily/5day/294021?apikey=TEST&metric=true
Proxy:			<none>
Request params:	<none>
Query params:	apikey=TEST
				metric=true
Form params:	<none>
Path params:	<none>
Headers:		Accept=*/*
Cookies:		<none>
Multiparts:		<none>
Body:			<none>
Request method:	GET
Request URI:	http://localhost:54820/forecasts/v1/daily/5day/294021?apikey=TEST&metric=true
Proxy:			<none>
Request params:	<none>
Query params:	apikey=TEST
				metric=true
Form params:	<none>
Path params:	<none>
Headers:		Accept=*/*
Cookies:		<none>
Multiparts:		<none>
Body:			<none>
Request method:	GET
Request URI:	http://localhost:54820/forecasts/v1/daily/5day/294021?apikey=TEST&metric=true
Proxy:			<none>
Request params:	<none>
Query params:	apikey=TEST
				metric=true
Form params:	<none>
Path params:	<none>
Headers:		Accept=*/*
Cookies:		<none>
Multiparts:		<none>
Body:			<none>
Request method:	GET
Request URI:	http://localhost:54820/forecasts/v1/daily/5day/294021?apikey=TEST&metric=true
Proxy:			<none>
Request params:	<none>
Query params:	apikey=TEST
				metric=true
Form params:	<none>
Path params:	<none>
Headers:		Accept=*/*
Cookies:		<none>
Multiparts:		<none>
Body:			<none>
Request method:	GET
Request URI:	http://localhost:54820/forecasts/v1/daily/5day/294021?apikey=TEST&metric=true
Proxy:			<none>
Request params:	<none>
Query params:	apikey=TEST
				metric=true
Form params:	<none>
Path params:	<none>
Headers:		Accept=*/*
Cookies:		<none>
Multiparts:		<none>
Body:			<none>
Request method:	GET
Request URI:	http://localhost:54820/forecasts/v1/daily/5day/294021?apikey=TEST&metric=true
Proxy:			<none>
Request params:	<none>
Query params:	apikey=TEST
				metric=true
Form params:	<none>
Path params:	<none>
Headers:		Accept=*/*
Cookies:		<none>
Multiparts:		<none>
Body:			<none>
Request method:	GET
Request URI:	http://localhost:54820/forecasts/v1/daily/5day/294021?apikey=TEST&metric=true
Proxy:			<none>
Request params:	<none>
Query params:	apikey=TEST
				metric=true
Form params:	<none>
Path params:	<none>
Headers:		Accept=*/*
Cookies:		<none>
Multiparts:		<none>
Body:			<none>
Request method:	GET
Request URI:	http://localhost:54820/forecasts/v1/daily/5day/294021?apikey=TEST&metric=true
Proxy:			<none>
Request params:	<none>
Query params:	apikey=TEST
				metric=true
Form params:	<none>
Path params:	<none>
Headers:		Accept=*/*
Cookies:		<none>
Multiparts:		<none>
Body:			<none>
Request method:	GET
Request URI:	http://localhost:54820/forecasts/v1/daily/5day/294021?apikey=TEST&metric=true
Proxy:			<none>
Request params:	<none>
Query params:	apikey=TEST
				metric=true
Form params:	<none>
Path params:	<none>
Headers:		Accept=*/*
Cookies:		<none>
Multiparts:		<none>
Body:			<none>
Request method:	GET
Request URI:	http://localhost:54820/forecasts/v1/daily/5day/294021?apikey=TEST&metric=true
Proxy:			<none>
Request params:	<none>
Query params:	apikey=TEST
				metric=true
Form params:	<none>
Path params:	<none>
Headers:		Accept=*/*
Cookies:		<none>
Multiparts:		<none>
Body:			<none>
Request method:	GET
Request URI:	http://localhost:54820/forecasts/v1/daily/5day/294021?apikey=TEST&metric=true
Proxy:			<none>
Request params:	<none>
Query params:	apikey=TEST
				metric=true
Form params:	<none>
Path params:	<none>
Headers:		Accept=*/*
Cookies:		<none>
Multiparts:		<none>
Body:			<none>
Request method:	GET
Request URI:	http://localhost:54820/forecasts/v1/daily/5day/294021?apikey=TEST&metric=true
Proxy:			<none>
Request params:	<none>
Query params:	apikey=TEST
				metric=true
Form params:	<none>
Path params:	<none>
Headers:		Accept=*/*
Cookies:		<none>
Multiparts:		<none>
Body:			<none>
Request method:	GET
Request URI:	http://localhost:54820/forecasts/v1/daily/5day/294021?apikey=TEST&metric=true
Proxy:			<none>
Request params:	<none>
Query params:	apikey=TEST
				metric=true
Form params:	<none>
Path params:	<none>
Headers:		Accept=*/*
Cookies:		<none>
Multiparts:		<none>
Body:			<none>
HTTP/1.1 200 OK
Content-Type: application/json
Matched-Stub-Id: 4395f6e1-54f2-400e-9a57-c31924052d91
Vary: Accept-Encoding, User-Agent
Content-Encoding: gzip
Transfer-Encoding: chunked

{
    "Headline": {
        "Text": "Cold spell"
    },
    "DailyForecasts": [
        {
            "Date": "2024-01-01",
            "Temperature": {
                "Minimum": {
                    "Value": -3,
                    "Unit": "C"
                },
                "Maximum": {
                    "Value": 1,
                    "Unit": "C"
                }
            }
        },
        {
            "Date": "2024-01-02",
            "Temperature": {
                "Minimum": {
                    "Value": -5,
                    "Unit": "C"
                },
                "Maximum": {
                    "Value": 0,
                    "Unit": "C"
                }
            }
        },
        {
            "Date": "2024-01-03",
            "Temperature": {
                "Minimum": {
                    "Value": -4,
                    "Unit": "C"
                },
                "Maximum": {
                    "Value": 2,
                    "Unit": "C"
                }
            }
        },
        {
            "Date": "2024-01-04",
            "Temperature": {
                "Minimum": {
                    "Value": -2,
                    "Unit": "C"
                },
                "Maximum": {
                    "Value": 3,
                    "Unit": "C"
                }
            }
        },
        {
            "Date": "2024-01-05",
            "Temperature": {
                "Minimum": {
                    "Value": -1,
                    "Unit": "C"
                },
                "Maximum": {
                    "Value": 4,
                    "Unit": "C"
                }
            }
        }
    ]
}
HTTP/1.1 200 OK
Content-Type: application/json
Matched-Stub-Id: 4395f6e1-54f2-400e-9a57-c31924052d91
Vary: Accept-Encoding, User-Agent
Content-Encoding: gzip
Transfer-Encoding: chunked

{
    "Headline": {
        "Text": "Cold spell"
    },
    "DailyForecasts": [
        {
            "Date": "2024-01-01",
            "Temperature": {
                "Minimum": {
                    "Value": -3,
                    "Unit": "C"
                },
                "Maximum": {
                    "Value": 1,
                    "Unit": "C"
                }
            }
        },
        {
            "Date": "2024-01-02",
            "Temperature": {
                "Minimum": {
                    "Value": -5,
                    "Unit": "C"
                },
                "Maximum": {
                    "Value": 0,
                    "Unit": "C"
                }
            }
        },
        {
            "Date": "2024-01-03",
            "Temperature": {
                "Minimum": {
                    "Value": -4,
                    "Unit": "C"
                },
                "Maximum": {
                    "Value": 2,
                    "Unit": "C"
                }
            }
        },
        {
            "Date": "2024-01-04",
            "Temperature": {
                "Minimum": {
                    "Value": -2,
                    "Unit": "C"
                },
                "Maximum": {
                    "Value": 3,
                    "Unit": "C"
                }
            }
        },
        {
            "Date": "2024-01-05",
            "Temperature": {
                "Minimum": {
                    "Value": -1,
                    "Unit": "C"
                },
                "Maximum": {
                    "Value": 4,
                    "Unit": "C"
                }
            }
        }
    ]
}
HTTP/1.1 200 OK
Content-Type: application/json
Matched-Stub-Id: 4395f6e1-54f2-400e-9a57-c31924052d91
Vary: Accept-Encoding, User-Agent
Content-Encoding: gzip
Transfer-Encoding: chunked

{
    "Headline": {
        "Text": "Cold spell"
    },
    "DailyForecasts": [
        {
            "Date": "2024-01-01",
            "Temperature": {
                "Minimum": {
                    "Value": -3,
                    "Unit": "C"
                },
                "Maximum": {
                    "Value": 1,
                    "Unit": "C"
                }
            }
        },
        {
            "Date": "2024-01-02",
            "Temperature": {
                "Minimum": {
                    "Value": -5,
                    "Unit": "C"
                },
                "Maximum": {
                    "Value": 0,
                    "Unit": "C"
                }
            }
        },
        {
            "Date": "2024-01-03",
            "Temperature": {
                "Minimum": {
                    "Value": -4,
                    "Unit": "C"
                },
                "Maximum": {
                    "Value": 2,
                    "Unit": "C"
                }
            }
        },
        {
            "Date": "2024-01-04",
            "Temperature": {
                "Minimum": {
                    "Value": -2,
                    "Unit": "C"
                },
                "Maximum": {
                    "Value": 3,
                    "Unit": "C"
                }
            }
        },
        {
            "Date": "2024-01-05",
            "Temperature": {
                "Minimum": {
                    "Value": -1,
                    "Unit": "C"
                },
                "Maximum": {
                    "Value": 4,
                    "Unit": "C"
                }
            }
        }
    ]
}
HTTP/1.1 200 OK
Content-Type: application/json
Matched-Stub-Id: 4395f6e1-54f2-400e-9a57-c31924052d91
Vary: Accept-Encoding, User-Agent
Content-Encoding: gzip
Transfer-Encoding: chunked

{
    "Headline": {
        "Text": "Cold spell"
    },
    "DailyForecasts": [
        {
            "Date": "2024-01-01",
            "Temperature": {
                "Minimum": {
                    "Value": -3,
                    "Unit": "C"
                },
                "Maximum": {
                    "Value": 1,
                    "Unit": "C"
                }
            }
        },
        {
            "Date": "2024-01-02",
            "Temperature": {
                "Minimum": {
                    "Value": -5,
                    "Unit": "C"
                },
                "Maximum": {
                    "Value": 0,
                    "Unit": "C"
                }
            }
        },
        {
            "Date": "2024-01-03",
            "Temperature": {
                "Minimum": {
                    "Value": -4,
                    "Unit": "C"
                },
                "Maximum": {
                    "Value": 2,
                    "Unit": "C"
                }
            }
        },
        {
            "Date": "2024-01-04",
            "Temperature": {
                "Minimum": {
                    "Value": -2,
                    "Unit": "C"
                },
                "Maximum": {
                    "Value": 3,
                    "Unit": "C"
                }
            }
        },
        {
            "Date": "2024-01-05",
            "Temperature": {
                "Minimum": {
                    "Value": -1,
                    "Unit": "C"
                },
                "Maximum": {
                    "Value": 4,
                    "Unit": "C"
                }
            }
        }
    ]
}
HTTP/1.1 200 OK
Content-Type: application/json
Matched-Stub-Id: 4395f6e1-54f2-400e-9a57-c31924052d91
Vary: Accept-Encoding, User-Agent
Content-Encoding: gzip
Transfer-Encoding: chunked

{
    "Headline": {
        "Text": "Cold spell"
    },
    "DailyForecasts": [
        {
            "Date": "2024-01-01",
            "Temperature": {
                "Minimum": {
                    "Value": -3,
                    "Unit": "C"
                },
                "Maximum": {
                    "Value": 1,
                    "Unit": "C"
                }
            }
        },
        {
            "Date": "2024-01-02",
            "Temperature": {
                "Minimum": {
                    "Value": -5,
                    "Unit": "C"
                },
                "Maximum": {
                    "Value": 0,
                    "Unit": "C"
                }
            }
        },
        {
            "Date": "2024-01-03",
            "Temperature": {
                "Minimum": {
                    "Value": -4,
                    "Unit": "C"
                },
                "Maximum": {
                    "Value": 2,
                    "Unit": "C"
                }
            }
        },
        {
            "Date": "2024-01-04",
            "Temperature": {
                "Minimum": {
                    "Value": -2,
                    "Unit": "C"
                },
                "Maximum": {
                    "Value": 3,
                    "Unit": "C"
                }
            }
        },
        {
            "Date": "2024-01-05",
            "Temperature": {
                "Minimum": {
                    "Value": -1,
                    "Unit": "C"
                },
                "Maximum": {
[...]
Content-Type: application/json
Matched-Stub-Id: f5282f5b-b8e4-4a53-9e91-d4079e4dae42
Vary: Accept-Encoding, User-Agent
Content-Encoding: gzip
Transfer-Encoding: chunked

[
    {
        "EpochTime": 1704052800,
        "WeatherText": "Cloudy",
        "Temperature": {
            "Metric": {
                "Value": 1,
                "Unit": "C"
            }
        }
    },
    {
        "EpochTime": 1704016800,
        "WeatherText": "Clear",
        "Temperature": {
            "Metric": {
                "Value": -2,
                "Unit": "C"
            }
        }
    }
]
HTTP/1.1 200 OK
Content-Type: application/json
Matched-Stub-Id: f5282f5b-b8e4-4a53-9e91-d4079e4dae42
Vary: Accept-Encoding, User-Agent
Content-Encoding: gzip
Transfer-Encoding: chunked

[
    {
        "EpochTime": 1704052800,
        "WeatherText": "Cloudy",
        "Temperature": {
            "Metric": {
                "Value": 1,
                "Unit": "C"
            }
        }
    },
    {
        "EpochTime": 1704016800,
        "WeatherText": "Clear",
        "Temperature": {
            "Metric": {
                "Value": -2,
                "Unit": "C"
            }
        }
    }
]
HTTP/1.1 200 OK
Content-Type: application/json
Matched-Stub-Id: f5282f5b-b8e4-4a53-9e91-d4079e4dae42
Vary: Accept-Encoding, User-Agent
Content-Encoding: gzip
Transfer-Encoding: chunked

[
    {
        "EpochTime": 1704052800,
        "WeatherText": "Cloudy",
        "Temperature": {
            "Metric": {
                "Value": 1,
                "Unit": "C"
            }
        }
    },
    {
        "EpochTime": 1704016800,
        "WeatherText": "Clear",
        "Temperature": {
            "Metric": {
                "Value": -2,
                "Unit": "C"
            }
        }
    }
]
HTTP/1.1 200 OK
Content-Type: application/json
Matched-Stub-Id: f5282f5b-b8e4-4a53-9e91-d4079e4dae42
Vary: Accept-Encoding, User-Agent
Content-Encoding: gzip
Transfer-Encoding: chunked

[
    {
        "EpochTime": 1704052800,
        "WeatherText": "Cloudy",
        "Temperature": {
            "Metric": {
                "Value": 1,
                "Unit": "C"
            }
        }
    },
    {
        "EpochTime": 1704016800,
        "WeatherText": "Clear",
        "Temperature": {
            "Metric": {
                "Value": -2,
                "Unit": "C"
            }
        }
    }
]
HTTP/1.1 200 OK
Content-Type: application/json
Matched-Stub-Id: f5282f5b-b8e4-4a53-9e91-d4079e4dae42
Vary: Accept-Encoding, User-Agent
Content-Encoding: gzip
Transfer-Encoding: chunked

[
    {
        "EpochTime": 1704052800,
        "WeatherText": "Cloudy",
        "Temperature": {
            "Metric": {
                "Value": 1,
                "Unit": "C"
            }
        }
    },
    {
        "EpochTime": 1704016800,
        "WeatherText": "Clear",
        "Temperature": {
            "Metric": {
                "Value": -2,
                "Unit": "C"
            }
        }
    }
]
HTTP/1.1 200 OK
Content-Type: application/json
Matched-Stub-Id: f5282f5b-b8e4-4a53-9e91-d4079e4dae42
Vary: Accept-Encoding, User-Agent
Content-Encoding: gzip
Transfer-Encoding: chunked

[
    {
        "EpochTime": 1704052800,
        "WeatherText": "Cloudy",
        "Temperature": {
            "Metric": {
                "Value": 1,
                "Unit": "C"
            }
        }
    },
    {
        "EpochTime": 1704016800,
        "WeatherText": "Clear",
        "Temperature": {
            "Metric": {
                "Value": -2,
                "Unit": "C"
            }
        }
    }
]
HTTP/1.1 200 OK
Content-Type: application/json
Matched-Stub-Id: f5282f5b-b8e4-4a53-9e91-d4079e4dae42
Vary: Accept-Encoding, User-Agent
Content-Encoding: gzip
Transfer-Encoding: chunked

[
    {
        "EpochTime": 1704052800,
        "WeatherText": "Cloudy",
        "Temperature": {
            "Metric": {
                "Value": 1,
                "Unit": "C"
            }
        }
    },
    {
        "EpochTime": 1704016800,
        "WeatherText": "Clear",
        "Temperature": {
            "Metric": {
                "Value": -2,
                "Unit": "C"
            }
        }
    }
]
HTTP/1.1 200 OK
Content-Type: application/json
Matched-Stub-Id: f5282f5b-b8e4-4a53-9e91-d4079e4dae42
Vary: Accept-Encoding, User-Agent
Content-Encoding: gzip
Transfer-Encoding: chunked

[
    {
        "EpochTime": 1704052800,
        "WeatherText": "Cloudy",
        "Temperature": {
            "Metric": {
                "Value": 1,
                "Unit": "C"
            }
        }
    },
    {
        "EpochTime": 1704016800,
        "WeatherText": "Clear",
        "Temperature": {
            "Metric": {
                "Value": -2,
                "Unit": "C"
            }
        }
    }
]
HTTP/1.1 200 OK
Content-Type: application/json
Matched-Stub-Id: f5282f5b-b8e4-4a53-9e91-d4079e4dae42
Vary: Accept-Encoding, User-Agent
Content-Encoding: gzip
Transfer-Encoding: chunked

[
    {
        "EpochTime": 1704052800,
        "WeatherText": "Cloudy",
        "Temperature": {
            "Metric": {
                "Value": 1,
                "Unit": "C"
            }
        }
    },
    {
        "EpochTime": 1704016800,
        "WeatherText": "Clear",
        "Temperature": {
            "Metric": {
                "Value": -2,
                "Unit": "C"
            }
        }
    }
]
HTTP/1.1 200 OK
Content-Type: application/json
Matched-Stub-Id: f5282f5b-b8e4-4a53-9e91-d4079e4dae42
Vary: Accept-Encoding, User-Agent
Content-Encoding: gzip
Transfer-Encoding: chunked

[
    {
        "EpochTime": 1704052800,
        "WeatherText": "Cloudy",
        "Temperature": {
            "Metric": {
                "Value": 1,
                "Unit": "C"
            }
        }
    },
    {
        "EpochTime": 1704016800,
        "WeatherText": "Clear",
        "Temperature": {
            "Metric": {
                "Value": -2,
                "Unit": "C"
            }
        }
    }
]
HTTP/1.1 200 OK
Content-Type: application/json
Matched-Stub-Id: f5282f5b-b8e4-4a53-9e91-d4079e4dae42
Vary: Accept-Encoding, User-Agent
Content-Encoding: gzip
Transfer-Encoding: chunked

[
    {
        "EpochTime": 1704052800,
        "WeatherText": "Cloudy",
        "Temperature": {
            "Metric": {
                "Value": 1,
                "Unit": "C"
            }
        }
    },
    {
        "EpochTime": 1704016800,
        "WeatherText": "Clear",
        "Temperature": {
            "Metric": {
                "Value": -2,
                "Unit": "C"
            }
        }
    }
]
HTTP/1.1 200 OK
Content-Type: application/json
Matched-Stub-Id: f5282f5b-b8e4-4a53-9e91-d4079e4dae42
Vary: Accept-Encoding, User-Agent
Content-Encoding: gzip
Transfer-Encoding: chunked

[
    {
        "EpochTime": 1704052800,
        "WeatherText": "Cloudy",
        "Temperature": {
            "Metric": {
                "Value": 1,
                "Unit": "C"
            }
        }
    },
    {
        "EpochTime": 1704016800,
        "WeatherText": "Clear",
        "Temperature": {
            "Metric": {
                "Value": -2,
                "Unit": "C"
            }
        }
    }
]
HTTP/1.1 200 OK
Content-Type: application/json
Matched-Stub-Id: f5282f5b-b8e4-4a53-9e91-d4079e4dae42
Vary: Accept-Encoding, User-Agent
Content-Encoding: gzip
Transfer-Encoding: chunked

[
    {
        "EpochTime": 1704052800,
        "WeatherText": "Cloudy",
        "Temperature": {
            "Metric": {
                "Value": 1,
                "Unit": "C"
            }
        }
    },
    {
        "EpochTime": 1704016800,
        "WeatherText": "Clear",
        "Temperature": {
            "Metric": {
                "Value": -2,
                "Unit": "C"
            }
        }
    }
]
HTTP/1.1 200 OK
Content-Type: application/json
Matched-Stub-Id: f5282f5b-b8e4-4a53-9e91-d4079e4dae42
Vary: Accept-Encoding, User-Agent
Content-Encoding: gzip
Transfer-Encoding: chunked

[
    {
        "EpochTime": 1704052800,
        "WeatherText": "Cloudy",
        "Temperature": {
            "Metric": {
                "Value": 1,
                "Unit": "C"
            }
        }
    },
    {
        "EpochTime": 1704016800,
        "WeatherText": "Clear",
        "Temperature": {
            "Metric": {
                "Value": -2,
                "Unit": "C"
            }
        }
    }
]
HTTP/1.1 200 OK
Content-Type: application/json
Matched-Stub-Id: f5282f5b-b8e4-4a53-9e91-d4079e4dae42
Vary: Accept-Encoding, User-Agent
Content-Encoding: gzip
Transfer-Encoding: chunked

[
    {
        "EpochTime": 1704052800,
        "WeatherText": "Cloudy",
        "Temperature": {
            "Metric": {
                "Value": 1,
                "Unit": "C"
            }
        }
    },
    {
        "EpochTime": 1704016800,
        "WeatherText": "Clear",
        "Temperature": {
            "Metric": {
                "Value": -2,
                "Unit": "C"
            }
        }
    }
]
HTTP/1.1 200 OK
Content-Type: application/json
Matched-Stub-Id: f5282f5b-b8e4-4a53-9e91-d4079e4dae42
Vary: Accept-Encoding, User-Agent
Content-Encoding: gzip
Transfer-Encoding: chunked

[
    {
        "EpochTime": 1704052800,
        "WeatherText": "Cloudy",
        "Temperature": {
            "Metric": {
                "Value": 1,
                "Unit": "C"
            }
        }
    },
    {
        "EpochTime": 1704016800,
        "WeatherText": "Clear",
        "Temperature": {
            "Metric": {
                "Value": -2,
                "Unit": "C"
            }
        }
    }
]
HTTP/1.1 200 OK
Content-Type: application/json
Matched-Stub-Id: f5282f5b-b8e4-4a53-9e91-d4079e4dae42
Vary: Accept-Encoding, User-Agent
Content-Encoding: gzip
Transfer-Encoding: chunked

[
    {
        "EpochTime": 1704052800,
        "WeatherText": "Cloudy",
        "Temperature": {
            "Metric": {
                "Value": 1,
                "Unit": "C"
            }
        }
    },
    {
        "EpochTime": 1704016800,
        "WeatherText": "Clear",
        "Temperature": {
            "Metric": {
                "Value": -2,
                "Unit": "C"
            }
        }
    }
]
HTTP/1.1 200 OK
Content-Type: application/json
Matched-Stub-Id: f5282f5b-b8e4-4a53-9e91-d4079e4dae42
Vary: Accept-Encoding, User-Agent
Content-Encoding: gzip
Transfer-Encoding: chunked

[
    {
        "EpochTime": 1704052800,
        "WeatherText": "Cloudy",
        "Temperature": {
            "Metric": {
                "Value": 1,
                "Unit": "C"
            }
        }
    },
    {
        "EpochTime": 1704016800,
        "WeatherText": "Clear",
        "Temperature": {
            "Metric": {
                "Value": -2,
                "Unit": "C"
            }
        }
    }
]
HTTP/1.1 200 OK
Content-Type: application/json
Matched-Stub-Id: f5282f5b-b8e4-4a53-9e91-d4079e4dae42
Vary: Accept-Encoding, User-Agent
Content-Encoding: gzip
Transfer-Encoding: chunked

[
    {
        "EpochTime": 1704052800,
        "WeatherText": "Cloudy",
        "Temperature": {
            "Metric": {
                "Value": 1,
                "Unit": "C"
            }
        }
    },
    {
        "EpochTime": 1704016800,
        "WeatherText": "Clear",
        "Temperature": {
            "Metric": {
                "Value": -2,
                "Unit": "C"
            }
        }
    }
]
HTTP/1.1 200 OK
Content-Type: application/json
Matched-Stub-Id: f5282f5b-b8e4-4a53-9e91-d4079e4dae42
Vary: Accept-Encoding, User-Agent
Content-Encoding: gzip
Transfer-Encoding: chunked

[
    {
        "EpochTime": 1704052800,
        "WeatherText": "Cloudy",
        "Temperature": {
            "Metric": {
                "Value": 1,
                "Unit": "C"
            }
        }
    },
    {
        "EpochTime": 1704016800,
        "WeatherText": "Clear",
        "Temperature": {
            "Metric": {
                "Value": -2,
                "Unit": "C"
            }
        }
    }
]
HTTP/1.1 200 OK
Content-Type: application/json
Matched-Stub-Id: f5282f5b-b8e4-4a53-9e91-d4079e4dae42
Vary: Accept-Encoding, User-Agent
Content-Encoding: gzip
Transfer-Encoding: chunked

[
    {
        "EpochTime": 1704052800,
        "WeatherText": "Cloudy",
        "Temperature": {
            "Metric": {
                "Value": 1,
                "Unit": "C"
            }
        }
    },
    {
        "EpochTime": 1704016800,
        "WeatherText": "Clear",
        "Temperature": {
            "Metric": {
                "Value": -2,
                "Unit": "C"
            }
        }
    }
]
HTTP/1.1 200 OK
Content-Type: application/json
Matched-Stub-Id: f5282f5b-b8e4-4a53-9e91-d4079e4dae42
Vary: Accept-Encoding, User-Agent
Content-Encoding: gzip
Transfer-Encoding: chunked

[
    {
        "EpochTime": 1704052800,
        "WeatherText": "Cloudy",
        "Temperature": {
            "Metric": {
                "Value": 1,
                "Unit": "C"
            }
        }
    },
    {
        "EpochTime": 1704016800,
        "WeatherText": "Clear",
        "Temperature": {
            "Metric": {
                "Value": -2,
                "Unit": "C"
            }
        }
    }
]
HTTP/1.1 200 OK
Content-Type: application/json
Matched-Stub-Id: f5282f5b-b8e4-4a53-9e91-d4079e4dae42
Vary: Accept-Encoding, User-Agent
Content-Encoding: gzip
Transfer-Encoding: chunked

[
    {
        "EpochTime": 1704052800,
        "WeatherText": "Cloudy",
        "Temperature": {
            "Metric": {
                "Value": 1,
                "Unit": "C"
            }
        }
    },
    {
        "EpochTime": 1704016800,
        "WeatherText": "Clear",
        "Temperature": {
            "Metric": {
                "Value": -2,
                "Unit": "C"
            }
        }
    }
]
HTTP/1.1 200 OK
Content-Type: application/json
Matched-Stub-Id: f5282f5b-b8e4-4a53-9e91-d4079e4dae42
Vary: Accept-Encoding, User-Agent
Content-Encoding: gzip
Transfer-Encoding: chunked

[
    {
        "EpochTime": 1704052800,
        "WeatherText": "Cloudy",
        "Temperature": {
            "Metric": {
                "Value": 1,
                "Unit": "C"
            }
        }
    },
    {
        "EpochTime": 1704016800,
        "WeatherText": "Clear",
        "Temperature": {
            "Metric": {
                "Value": -2,
                "Unit": "C"
            }
        }
    }
]
HTTP/1.1 200 OK
Content-Type: application/json
Matched-Stub-Id: f5282f5b-b8e4-4a53-9e91-d4079e4dae42
Vary: Accept-Encoding, User-Agent
Content-Encoding: gzip
Transfer-Encoding: chunked

[
    {
        "EpochTime": 1704052800,
        "WeatherText": "Cloudy",
        "Temperature": {
            "Metric": {
                "Value": 1,
                "Unit": "C"
            }
        }
    },
    {
        "EpochTime": 1704016800,
        "WeatherText": "Clear",
        "Temperature": {
            "Metric": {
                "Value": -2,
                "Unit": "C"
            }
        }
    }
]
HTTP/1.1 200 OK
Content-Type: application/json
Matched-Stub-Id: f5282f5b-b8e4-4a53-9e91-d4079e4dae42
Vary: Accept-Encoding, User-Agent
Content-Encoding: gzip
Transfer-Encoding: chunked

[
    {
        "EpochTime": 1704052800,
        "WeatherText": "Cloudy",
        "Temperature": {
            "Metric": {
                "Value": 1,
                "Unit": "C"
            }
        }
    },
    {
        "EpochTime": 1704016800,
        "WeatherText": "Clear",
        "Temperature": {
            "Metric": {
                "Value": -2,
                "Unit": "C"
            }
        }
    }
]
HTTP/1.1 200 OK
Content-Type: application/json
Matched-Stub-Id: f5282f5b-b8e4-4a53-9e91-d4079e4dae42
Vary: Accept-Encoding, User-Agent
Content-Encoding: gzip
Transfer-Encoding: chunked

[
    {
        "EpochTime": 1704052800,
        "WeatherText": "Cloudy",
        "Temperature": {
            "Metric": {
                "Value": 1,
                "Unit": "C"
            }
        }
    },
    {
        "EpochTime": 1704016800,
        "WeatherText": "Clear",
        "Temperature": {
            "Metric": {
                "Value": -2,
                "Unit": "C"
            }
        }
    }
]
HTTP/1.1 200 OK
Content-Type: application/json
Matched-Stub-Id: f5282f5b-b8e4-4a53-9e91-d4079e4dae42
Vary: Accept-Encoding, User-Agent
Content-Encoding: gzip
Transfer-Encoding: chunked

[
    {
        "EpochTime": 1704052800,
        "WeatherText": "Cloudy",
        "Temperature": {
            "Metric": {
                "Value": 1,
                "Unit": "C"
            }
        }
    },
    {
        "EpochTime": 1704016800,
        "WeatherText": "Clear",
        "Temperature": {
            "Metric": {
                "Value": -2,
                "Unit": "C"
            }
        }
    }
]
HTTP/1.1 200 OK
Content-Type: application/json
Matched-Stub-Id: f5282f5b-b8e4-4a53-9e91-d4079e4dae42
Vary: Accept-Encoding, User-Agent
Content-Encoding: gzip
Transfer-Encoding: chunked

[
    {
        "EpochTime": 1704052800,
        "WeatherText": "Cloudy",
        "Temperature": {
            "Metric": {
                "Value": 1,
                "Unit": "C"
            }
        }
    },
    {
        "EpochTime": 1704016800,
        "WeatherText": "Clear",
        "Temperature": {
            "Metric": {
                "Value": -2,
                "Unit": "C"
            }
        }
    }
]
HTTP/1.1 200 OK
Content-Type: application/json
Matched-Stub-Id: f5282f5b-b8e4-4a53-9e91-d4079e4dae42
Vary: Accept-Encoding, User-Agent
Content-Encoding: gzip
Transfer-Encoding: chunked

[
    {
        "EpochTime": 1704052800,
        "WeatherText": "Cloudy",
        "Temperature": {
            "Metric": {
                "Value": 1,
                "Unit": "C"
            }
        }
    },
    {
        "EpochTime": 1704016800,
        "WeatherText": "Clear",
        "Temperature": {
            "Metric": {
                "Value": -2,
                "Unit": "C"
            }
        }
    }
]
HTTP/1.1 200 OK
Content-Type: application/json
Matched-Stub-Id: f5282f5b-b8e4-4a53-9e91-d4079e4dae42
Vary: Accept-Encoding, User-Agent
Content-Encoding: gzip
Transfer-Encoding: chunked

[
    {
        "EpochTime": 1704052800,
        "WeatherText": "Cloudy",
        "Temperature": {
            "Metric": {
                "Value": 1,
                "Unit": "C"
            }
        }
    },
    {
        "EpochTime": 1704016800,
        "WeatherText": "Clear",
        "Temperature": {
            "Metric": {
                "Value": -2,
                "Unit": "C"
            }
        }
    }
]
HTTP/1.1 200 OK
Content-Type: application/json
Matched-Stub-Id: f5282f5b-b8e4-4a53-9e91-d4079e4dae42
Vary: Accept-Encoding, User-Agent
Content-Encoding: gzip
Transfer-Encoding: chunked

[
    {
        "EpochTime": 1704052800,
        "WeatherText": "Cloudy",
        "Temperature": {
            "Metric": {
                "Value": 1,
                "Unit": "C"
            }
        }
    },
    {
        "EpochTime": 1704016800,
        "WeatherText": "Clear",
        "Temperature": {
            "Metric": {
                "Value": -2,
                "Unit": "C"
            }
        }
    }
]
HTTP/1.1 200 OK
Content-Type: application/json
Matched-Stub-Id: f5282f5b-b8e4-4a53-9e91-d4079e4dae42
Vary: Accept-Encoding, User-Agent
Content-Encoding: gzip
Transfer-Encoding: chunked

[
    {
        "EpochTime": 1704052800,
        "WeatherText": "Cloudy",
        "Temperature": {
            "Metric": {
                "Value": 1,
                "Unit": "C"
            }
        }
    },
    {
        "EpochTime": 1704016800,
        "WeatherText": "Clear",
        "Temperature": {
            "Metric": {
                "Value": -2,
                "Unit": "C"
            }
        }
    }
]
]]></system-out>
  </testcase>
</testsuite>